<?xml version="1.0" encoding="UTF-8"?>
<TestRun id="282055ad-12bd-41c3-9343-3c2ece7cf185" name="pdinges@REBECAVM 2014-03-08 22:32:02" runUser="RebecaVM\pdinges" xmlns="http://microsoft.com/schemas/VisualStudio/TeamTest/2010">
  <TestSettings name="Local" id="cdcc34a5-a73a-4582-9325-97d7a93dc038">
    <Description>These are default test settings for a local test run.</Description>
    <Deployment enabled="false" runDeploymentRoot="pdinges_REBECAVM 2014-03-08 22_32_02" />
    <Execution>
      <TestTypeSpecific />
      <AgentRule name="Execution Agents">
      </AgentRule>
    </Execution>
  </TestSettings>
  <Times creation="2014-03-08T22:32:02.3484191-06:00" queuing="2014-03-08T22:32:06.1921691-06:00" start="2014-03-08T22:32:06.5984191-06:00" finish="2014-03-08T22:32:10.6140441-06:00" />
  <ResultSummary outcome="Completed">
    <Counters total="109" executed="109" passed="109" error="0" failed="0" timeout="0" aborted="0" inconclusive="0" passedButRunAborted="0" notRunnable="0" notExecuted="0" disconnected="0" warning="0" completed="0" inProgress="0" pending="0" />
  </ResultSummary>
  <TestDefinitions>
    <UnitTest name="Benchmark46258" storage="c:\users\pdinges\documents\visual studio 2010\projects\classlibrary2\coraltest\bin\debug\coraltest.dll" id="45ce4be8-81b9-3ad9-214f-d5628d683f74">
      <Execution id="a9fd9d84-56f7-4190-bedb-f861bc148aa9" />
      <TestMethod codeBase="C:/Users/pdinges/Documents/Visual Studio 2010/Projects/ClassLibrary2/CoralTest/bin/Debug/CoralTest.DLL" adapterTypeName="Microsoft.VisualStudio.TestTools.TestTypes.Unit.UnitTestAdapter, Microsoft.VisualStudio.QualityTools.Tips.UnitTest.Adapter, Version=10.0.0.0, Culture=neutral, PublicKeyToken=b03f5f7f11d50a3a" className="Coral.Tests.JPFBenchmark, CoralTest, Version=1.0.0.0, Culture=neutral, PublicKeyToken=null" name="Benchmark46258" />
    </UnitTest>
    <UnitTest name="Benchmark52430" storage="c:\users\pdinges\documents\visual studio 2010\projects\classlibrary2\coraltest\bin\debug\coraltest.dll" id="2450f477-ad9a-b249-4453-887c20465c25">
      <Execution id="5e945901-a00a-4092-8403-8eb0a36808ac" />
      <TestMethod codeBase="C:/Users/pdinges/Documents/Visual Studio 2010/Projects/ClassLibrary2/CoralTest/bin/Debug/CoralTest.DLL" adapterTypeName="Microsoft.VisualStudio.TestTools.TestTypes.Unit.UnitTestAdapter, Microsoft.VisualStudio.QualityTools.Tips.UnitTest.Adapter, Version=10.0.0.0, Culture=neutral, PublicKeyToken=b03f5f7f11d50a3a" className="Coral.Tests.JPFBenchmark, CoralTest, Version=1.0.0.0, Culture=neutral, PublicKeyToken=null" name="Benchmark52430" />
    </UnitTest>
    <UnitTest name="Benchmark44886" storage="c:\users\pdinges\documents\visual studio 2010\projects\classlibrary2\coraltest\bin\debug\coraltest.dll" id="b944bd30-9e8f-b56e-4d89-9c74b6d6bf85">
      <Execution id="0e9f70eb-b66d-4f4a-ae00-4e822c694269" />
      <TestMethod codeBase="C:/Users/pdinges/Documents/Visual Studio 2010/Projects/ClassLibrary2/CoralTest/bin/Debug/CoralTest.DLL" adapterTypeName="Microsoft.VisualStudio.TestTools.TestTypes.Unit.UnitTestAdapter, Microsoft.VisualStudio.QualityTools.Tips.UnitTest.Adapter, Version=10.0.0.0, Culture=neutral, PublicKeyToken=b03f5f7f11d50a3a" className="Coral.Tests.JPFBenchmark, CoralTest, Version=1.0.0.0, Culture=neutral, PublicKeyToken=null" name="Benchmark44886" />
    </UnitTest>
    <UnitTest name="Benchmark61541" storage="c:\users\pdinges\documents\visual studio 2010\projects\classlibrary2\coraltest\bin\debug\coraltest.dll" id="6f546662-02c3-a141-8b1e-5bc0ca9fe2c3">
      <Execution id="b8415581-5f48-42fe-b755-6b01b19fc02b" />
      <TestMethod codeBase="C:/Users/pdinges/Documents/Visual Studio 2010/Projects/ClassLibrary2/CoralTest/bin/Debug/CoralTest.DLL" adapterTypeName="Microsoft.VisualStudio.TestTools.TestTypes.Unit.UnitTestAdapter, Microsoft.VisualStudio.QualityTools.Tips.UnitTest.Adapter, Version=10.0.0.0, Culture=neutral, PublicKeyToken=b03f5f7f11d50a3a" className="Coral.Tests.JPFBenchmark, CoralTest, Version=1.0.0.0, Culture=neutral, PublicKeyToken=null" name="Benchmark61541" />
    </UnitTest>
    <UnitTest name="Benchmark01886" storage="c:\users\pdinges\documents\visual studio 2010\projects\classlibrary2\coraltest\bin\debug\coraltest.dll" id="5f8649f5-fda2-df24-1ee4-63b70147c8a9">
      <Execution id="c2703a30-c0ff-4d7b-8618-57ad903393bd" />
      <TestMethod codeBase="C:/Users/pdinges/Documents/Visual Studio 2010/Projects/ClassLibrary2/CoralTest/bin/Debug/CoralTest.DLL" adapterTypeName="Microsoft.VisualStudio.TestTools.TestTypes.Unit.UnitTestAdapter, Microsoft.VisualStudio.QualityTools.Tips.UnitTest.Adapter, Version=10.0.0.0, Culture=neutral, PublicKeyToken=b03f5f7f11d50a3a" className="Coral.Tests.JPFBenchmark, CoralTest, Version=1.0.0.0, Culture=neutral, PublicKeyToken=null" name="Benchmark01886" />
    </UnitTest>
    <UnitTest name="Benchmark20886" storage="c:\users\pdinges\documents\visual studio 2010\projects\classlibrary2\coraltest\bin\debug\coraltest.dll" id="033e3568-3882-79e6-ac67-bf862f305e9f">
      <Execution id="d33217b7-db96-4242-b386-4835a1905eb4" />
      <TestMethod codeBase="C:/Users/pdinges/Documents/Visual Studio 2010/Projects/ClassLibrary2/CoralTest/bin/Debug/CoralTest.DLL" adapterTypeName="Microsoft.VisualStudio.TestTools.TestTypes.Unit.UnitTestAdapter, Microsoft.VisualStudio.QualityTools.Tips.UnitTest.Adapter, Version=10.0.0.0, Culture=neutral, PublicKeyToken=b03f5f7f11d50a3a" className="Coral.Tests.JPFBenchmark, CoralTest, Version=1.0.0.0, Culture=neutral, PublicKeyToken=null" name="Benchmark20886" />
    </UnitTest>
    <UnitTest name="Benchmark18477" storage="c:\users\pdinges\documents\visual studio 2010\projects\classlibrary2\coraltest\bin\debug\coraltest.dll" id="ff1302f5-c36e-7072-5417-af0ec86b6a70">
      <Execution id="7d9e22a8-46a2-450e-97d8-c0869ded8bf2" />
      <TestMethod codeBase="C:/Users/pdinges/Documents/Visual Studio 2010/Projects/ClassLibrary2/CoralTest/bin/Debug/CoralTest.DLL" adapterTypeName="Microsoft.VisualStudio.TestTools.TestTypes.Unit.UnitTestAdapter, Microsoft.VisualStudio.QualityTools.Tips.UnitTest.Adapter, Version=10.0.0.0, Culture=neutral, PublicKeyToken=b03f5f7f11d50a3a" className="Coral.Tests.JPFBenchmark, CoralTest, Version=1.0.0.0, Culture=neutral, PublicKeyToken=null" name="Benchmark18477" />
    </UnitTest>
    <UnitTest name="Benchmark03886" storage="c:\users\pdinges\documents\visual studio 2010\projects\classlibrary2\coraltest\bin\debug\coraltest.dll" id="adce73c0-ad47-e972-48a8-bf4c855937e7">
      <Execution id="b64b4422-a7dd-404e-96d1-beeb275e76a2" />
      <TestMethod codeBase="C:/Users/pdinges/Documents/Visual Studio 2010/Projects/ClassLibrary2/CoralTest/bin/Debug/CoralTest.DLL" adapterTypeName="Microsoft.VisualStudio.TestTools.TestTypes.Unit.UnitTestAdapter, Microsoft.VisualStudio.QualityTools.Tips.UnitTest.Adapter, Version=10.0.0.0, Culture=neutral, PublicKeyToken=b03f5f7f11d50a3a" className="Coral.Tests.JPFBenchmark, CoralTest, Version=1.0.0.0, Culture=neutral, PublicKeyToken=null" name="Benchmark03886" />
    </UnitTest>
    <UnitTest name="Benchmark15527" storage="c:\users\pdinges\documents\visual studio 2010\projects\classlibrary2\coraltest\bin\debug\coraltest.dll" id="c676561f-cfa1-5dad-1e80-fbf545074a2b">
      <Execution id="b6c5a1df-30ff-4819-8314-6023f1d32b2e" />
      <TestMethod codeBase="C:/Users/pdinges/Documents/Visual Studio 2010/Projects/ClassLibrary2/CoralTest/bin/Debug/CoralTest.DLL" adapterTypeName="Microsoft.VisualStudio.TestTools.TestTypes.Unit.UnitTestAdapter, Microsoft.VisualStudio.QualityTools.Tips.UnitTest.Adapter, Version=10.0.0.0, Culture=neutral, PublicKeyToken=b03f5f7f11d50a3a" className="Coral.Tests.JPFBenchmark, CoralTest, Version=1.0.0.0, Culture=neutral, PublicKeyToken=null" name="Benchmark15527" />
    </UnitTest>
    <UnitTest name="Benchmark20710" storage="c:\users\pdinges\documents\visual studio 2010\projects\classlibrary2\coraltest\bin\debug\coraltest.dll" id="65a526d7-9c85-a175-44e4-c15556087e4e">
      <Execution id="a82f1959-3bf7-433c-8c23-0cc6f52cf343" />
      <TestMethod codeBase="C:/Users/pdinges/Documents/Visual Studio 2010/Projects/ClassLibrary2/CoralTest/bin/Debug/CoralTest.DLL" adapterTypeName="Microsoft.VisualStudio.TestTools.TestTypes.Unit.UnitTestAdapter, Microsoft.VisualStudio.QualityTools.Tips.UnitTest.Adapter, Version=10.0.0.0, Culture=neutral, PublicKeyToken=b03f5f7f11d50a3a" className="Coral.Tests.JPFBenchmark, CoralTest, Version=1.0.0.0, Culture=neutral, PublicKeyToken=null" name="Benchmark20710" />
    </UnitTest>
    <UnitTest name="Benchmark45513" storage="c:\users\pdinges\documents\visual studio 2010\projects\classlibrary2\coraltest\bin\debug\coraltest.dll" id="2b0ab614-27e4-9c8b-ae6f-23403264133f">
      <Execution id="05e5e718-9cc9-47b4-9fa3-e1bd76eafcd8" />
      <TestMethod codeBase="C:/Users/pdinges/Documents/Visual Studio 2010/Projects/ClassLibrary2/CoralTest/bin/Debug/CoralTest.DLL" adapterTypeName="Microsoft.VisualStudio.TestTools.TestTypes.Unit.UnitTestAdapter, Microsoft.VisualStudio.QualityTools.Tips.UnitTest.Adapter, Version=10.0.0.0, Culture=neutral, PublicKeyToken=b03f5f7f11d50a3a" className="Coral.Tests.JPFBenchmark, CoralTest, Version=1.0.0.0, Culture=neutral, PublicKeyToken=null" name="Benchmark45513" />
    </UnitTest>
    <UnitTest name="Benchmark47420" storage="c:\users\pdinges\documents\visual studio 2010\projects\classlibrary2\coraltest\bin\debug\coraltest.dll" id="d46b8ac7-f27e-4757-5b7f-acdb74c19f20">
      <Execution id="aa53654c-3737-4d98-8277-6c87f9f74d5a" />
      <TestMethod codeBase="C:/Users/pdinges/Documents/Visual Studio 2010/Projects/ClassLibrary2/CoralTest/bin/Debug/CoralTest.DLL" adapterTypeName="Microsoft.VisualStudio.TestTools.TestTypes.Unit.UnitTestAdapter, Microsoft.VisualStudio.QualityTools.Tips.UnitTest.Adapter, Version=10.0.0.0, Culture=neutral, PublicKeyToken=b03f5f7f11d50a3a" className="Coral.Tests.JPFBenchmark, CoralTest, Version=1.0.0.0, Culture=neutral, PublicKeyToken=null" name="Benchmark47420" />
    </UnitTest>
    <UnitTest name="Benchmark12527" storage="c:\users\pdinges\documents\visual studio 2010\projects\classlibrary2\coraltest\bin\debug\coraltest.dll" id="acd5c9f7-2331-9016-3ea6-a5233847f836">
      <Execution id="dd39520a-ede1-499a-8c80-03b0bed72d69" />
      <TestMethod codeBase="C:/Users/pdinges/Documents/Visual Studio 2010/Projects/ClassLibrary2/CoralTest/bin/Debug/CoralTest.DLL" adapterTypeName="Microsoft.VisualStudio.TestTools.TestTypes.Unit.UnitTestAdapter, Microsoft.VisualStudio.QualityTools.Tips.UnitTest.Adapter, Version=10.0.0.0, Culture=neutral, PublicKeyToken=b03f5f7f11d50a3a" className="Coral.Tests.JPFBenchmark, CoralTest, Version=1.0.0.0, Culture=neutral, PublicKeyToken=null" name="Benchmark12527" />
    </UnitTest>
    <UnitTest name="Benchmark33618" storage="c:\users\pdinges\documents\visual studio 2010\projects\classlibrary2\coraltest\bin\debug\coraltest.dll" id="e9a35e71-f3c0-e42a-29af-0178786ccf07">
      <Execution id="4d2155a6-79c0-4838-904b-e708f9b6e265" />
      <TestMethod codeBase="C:/Users/pdinges/Documents/Visual Studio 2010/Projects/ClassLibrary2/CoralTest/bin/Debug/CoralTest.DLL" adapterTypeName="Microsoft.VisualStudio.TestTools.TestTypes.Unit.UnitTestAdapter, Microsoft.VisualStudio.QualityTools.Tips.UnitTest.Adapter, Version=10.0.0.0, Culture=neutral, PublicKeyToken=b03f5f7f11d50a3a" className="Coral.Tests.JPFBenchmark, CoralTest, Version=1.0.0.0, Culture=neutral, PublicKeyToken=null" name="Benchmark33618" />
    </UnitTest>
    <UnitTest name="Benchmark35886" storage="c:\users\pdinges\documents\visual studio 2010\projects\classlibrary2\coraltest\bin\debug\coraltest.dll" id="f1ff74c8-1287-d0f5-a8b6-a53014afabec">
      <Execution id="b8d6ec0d-750d-43b3-8073-65eccde037a6" />
      <TestMethod codeBase="C:/Users/pdinges/Documents/Visual Studio 2010/Projects/ClassLibrary2/CoralTest/bin/Debug/CoralTest.DLL" adapterTypeName="Microsoft.VisualStudio.TestTools.TestTypes.Unit.UnitTestAdapter, Microsoft.VisualStudio.QualityTools.Tips.UnitTest.Adapter, Version=10.0.0.0, Culture=neutral, PublicKeyToken=b03f5f7f11d50a3a" className="Coral.Tests.JPFBenchmark, CoralTest, Version=1.0.0.0, Culture=neutral, PublicKeyToken=null" name="Benchmark35886" />
    </UnitTest>
    <UnitTest name="Benchmark45623" storage="c:\users\pdinges\documents\visual studio 2010\projects\classlibrary2\coraltest\bin\debug\coraltest.dll" id="0fe66682-8e7d-0d5e-eebb-d926d39bdad3">
      <Execution id="c6218b68-7939-49b7-a8bb-5de9799ae02c" />
      <TestMethod codeBase="C:/Users/pdinges/Documents/Visual Studio 2010/Projects/ClassLibrary2/CoralTest/bin/Debug/CoralTest.DLL" adapterTypeName="Microsoft.VisualStudio.TestTools.TestTypes.Unit.UnitTestAdapter, Microsoft.VisualStudio.QualityTools.Tips.UnitTest.Adapter, Version=10.0.0.0, Culture=neutral, PublicKeyToken=b03f5f7f11d50a3a" className="Coral.Tests.JPFBenchmark, CoralTest, Version=1.0.0.0, Culture=neutral, PublicKeyToken=null" name="Benchmark45623" />
    </UnitTest>
    <UnitTest name="Benchmark03543" storage="c:\users\pdinges\documents\visual studio 2010\projects\classlibrary2\coraltest\bin\debug\coraltest.dll" id="be0fce76-cf11-380f-497f-7fbf95e4a107">
      <Execution id="e86ea07a-6b72-41bb-8a08-8f37512ccfaf" />
      <TestMethod codeBase="C:/Users/pdinges/Documents/Visual Studio 2010/Projects/ClassLibrary2/CoralTest/bin/Debug/CoralTest.DLL" adapterTypeName="Microsoft.VisualStudio.TestTools.TestTypes.Unit.UnitTestAdapter, Microsoft.VisualStudio.QualityTools.Tips.UnitTest.Adapter, Version=10.0.0.0, Culture=neutral, PublicKeyToken=b03f5f7f11d50a3a" className="Coral.Tests.JPFBenchmark, CoralTest, Version=1.0.0.0, Culture=neutral, PublicKeyToken=null" name="Benchmark03543" />
    </UnitTest>
    <UnitTest name="Benchmark41871" storage="c:\users\pdinges\documents\visual studio 2010\projects\classlibrary2\coraltest\bin\debug\coraltest.dll" id="d4cb49f0-b5df-72e0-7de6-68c6b7ddcf11">
      <Execution id="3c67b56d-584c-437c-9064-d2ac0d97b104" />
      <TestMethod codeBase="C:/Users/pdinges/Documents/Visual Studio 2010/Projects/ClassLibrary2/CoralTest/bin/Debug/CoralTest.DLL" adapterTypeName="Microsoft.VisualStudio.TestTools.TestTypes.Unit.UnitTestAdapter, Microsoft.VisualStudio.QualityTools.Tips.UnitTest.Adapter, Version=10.0.0.0, Culture=neutral, PublicKeyToken=b03f5f7f11d50a3a" className="Coral.Tests.JPFBenchmark, CoralTest, Version=1.0.0.0, Culture=neutral, PublicKeyToken=null" name="Benchmark41871" />
    </UnitTest>
    <UnitTest name="Benchmark41764" storage="c:\users\pdinges\documents\visual studio 2010\projects\classlibrary2\coraltest\bin\debug\coraltest.dll" id="9bbe0c2c-2c51-b42e-c4bd-8f0bf53a3b9a">
      <Execution id="8ebd8626-84fb-400b-99c6-60d1646a5d24" />
      <TestMethod codeBase="C:/Users/pdinges/Documents/Visual Studio 2010/Projects/ClassLibrary2/CoralTest/bin/Debug/CoralTest.DLL" adapterTypeName="Microsoft.VisualStudio.TestTools.TestTypes.Unit.UnitTestAdapter, Microsoft.VisualStudio.QualityTools.Tips.UnitTest.Adapter, Version=10.0.0.0, Culture=neutral, PublicKeyToken=b03f5f7f11d50a3a" className="Coral.Tests.JPFBenchmark, CoralTest, Version=1.0.0.0, Culture=neutral, PublicKeyToken=null" name="Benchmark41764" />
    </UnitTest>
    <UnitTest name="Benchmark34599" storage="c:\users\pdinges\documents\visual studio 2010\projects\classlibrary2\coraltest\bin\debug\coraltest.dll" id="92c52590-7a5e-60bc-8214-875e780be80e">
      <Execution id="8c0df91d-6e3b-4f7b-b998-da6f61100654" />
      <TestMethod codeBase="C:/Users/pdinges/Documents/Visual Studio 2010/Projects/ClassLibrary2/CoralTest/bin/Debug/CoralTest.DLL" adapterTypeName="Microsoft.VisualStudio.TestTools.TestTypes.Unit.UnitTestAdapter, Microsoft.VisualStudio.QualityTools.Tips.UnitTest.Adapter, Version=10.0.0.0, Culture=neutral, PublicKeyToken=b03f5f7f11d50a3a" className="Coral.Tests.JPFBenchmark, CoralTest, Version=1.0.0.0, Culture=neutral, PublicKeyToken=null" name="Benchmark34599" />
    </UnitTest>
    <UnitTest name="Benchmark44542" storage="c:\users\pdinges\documents\visual studio 2010\projects\classlibrary2\coraltest\bin\debug\coraltest.dll" id="c6ba8d57-0c51-5726-c3b3-872e43666c34">
      <Execution id="d7034343-f8ed-4000-ad3f-587d2d616b8e" />
      <TestMethod codeBase="C:/Users/pdinges/Documents/Visual Studio 2010/Projects/ClassLibrary2/CoralTest/bin/Debug/CoralTest.DLL" adapterTypeName="Microsoft.VisualStudio.TestTools.TestTypes.Unit.UnitTestAdapter, Microsoft.VisualStudio.QualityTools.Tips.UnitTest.Adapter, Version=10.0.0.0, Culture=neutral, PublicKeyToken=b03f5f7f11d50a3a" className="Coral.Tests.JPFBenchmark, CoralTest, Version=1.0.0.0, Culture=neutral, PublicKeyToken=null" name="Benchmark44542" />
    </UnitTest>
    <UnitTest name="Benchmark1186" storage="c:\users\pdinges\documents\visual studio 2010\projects\classlibrary2\coraltest\bin\debug\coraltest.dll" id="6aa97169-d78f-e7d9-a2d2-c8622d25a3a4">
      <Execution id="60d6cae9-0f6c-4815-b4ff-e94ce1a97c99" />
      <TestMethod codeBase="C:/Users/pdinges/Documents/Visual Studio 2010/Projects/ClassLibrary2/CoralTest/bin/Debug/CoralTest.DLL" adapterTypeName="Microsoft.VisualStudio.TestTools.TestTypes.Unit.UnitTestAdapter, Microsoft.VisualStudio.QualityTools.Tips.UnitTest.Adapter, Version=10.0.0.0, Culture=neutral, PublicKeyToken=b03f5f7f11d50a3a" className="Coral.Tests.JPFBenchmark, CoralTest, Version=1.0.0.0, Culture=neutral, PublicKeyToken=null" name="Benchmark1186" />
    </UnitTest>
    <UnitTest name="Benchmark12547" storage="c:\users\pdinges\documents\visual studio 2010\projects\classlibrary2\coraltest\bin\debug\coraltest.dll" id="743aa6cf-d810-1d0a-17b5-32c68e31b14e">
      <Execution id="81514a51-0004-4d39-8704-5bb47f7a0ddb" />
      <TestMethod codeBase="C:/Users/pdinges/Documents/Visual Studio 2010/Projects/ClassLibrary2/CoralTest/bin/Debug/CoralTest.DLL" adapterTypeName="Microsoft.VisualStudio.TestTools.TestTypes.Unit.UnitTestAdapter, Microsoft.VisualStudio.QualityTools.Tips.UnitTest.Adapter, Version=10.0.0.0, Culture=neutral, PublicKeyToken=b03f5f7f11d50a3a" className="Coral.Tests.JPFBenchmark, CoralTest, Version=1.0.0.0, Culture=neutral, PublicKeyToken=null" name="Benchmark12547" />
    </UnitTest>
    <UnitTest name="Benchmark52513" storage="c:\users\pdinges\documents\visual studio 2010\projects\classlibrary2\coraltest\bin\debug\coraltest.dll" id="fceb3d6b-cd2c-3e3b-2903-03882889bd47">
      <Execution id="f02d7f98-ecb9-45e4-b535-4d56c9a3b78a" />
      <TestMethod codeBase="C:/Users/pdinges/Documents/Visual Studio 2010/Projects/ClassLibrary2/CoralTest/bin/Debug/CoralTest.DLL" adapterTypeName="Microsoft.VisualStudio.TestTools.TestTypes.Unit.UnitTestAdapter, Microsoft.VisualStudio.QualityTools.Tips.UnitTest.Adapter, Version=10.0.0.0, Culture=neutral, PublicKeyToken=b03f5f7f11d50a3a" className="Coral.Tests.JPFBenchmark, CoralTest, Version=1.0.0.0, Culture=neutral, PublicKeyToken=null" name="Benchmark52513" />
    </UnitTest>
    <UnitTest name="Benchmark26805" storage="c:\users\pdinges\documents\visual studio 2010\projects\classlibrary2\coraltest\bin\debug\coraltest.dll" id="d1f3e266-322f-2263-74eb-dc179443af46">
      <Execution id="4b4465fb-5de8-4c65-aad8-5ef3b4bf6471" />
      <TestMethod codeBase="C:/Users/pdinges/Documents/Visual Studio 2010/Projects/ClassLibrary2/CoralTest/bin/Debug/CoralTest.DLL" adapterTypeName="Microsoft.VisualStudio.TestTools.TestTypes.Unit.UnitTestAdapter, Microsoft.VisualStudio.QualityTools.Tips.UnitTest.Adapter, Version=10.0.0.0, Culture=neutral, PublicKeyToken=b03f5f7f11d50a3a" className="Coral.Tests.JPFBenchmark, CoralTest, Version=1.0.0.0, Culture=neutral, PublicKeyToken=null" name="Benchmark26805" />
    </UnitTest>
    <UnitTest name="Benchmark40886" storage="c:\users\pdinges\documents\visual studio 2010\projects\classlibrary2\coraltest\bin\debug\coraltest.dll" id="bc9a2edc-3886-8b3a-fe82-bf3dc57d020b">
      <Execution id="6f81eac1-4ade-4c30-98da-07281a2a5962" />
      <TestMethod codeBase="C:/Users/pdinges/Documents/Visual Studio 2010/Projects/ClassLibrary2/CoralTest/bin/Debug/CoralTest.DLL" adapterTypeName="Microsoft.VisualStudio.TestTools.TestTypes.Unit.UnitTestAdapter, Microsoft.VisualStudio.QualityTools.Tips.UnitTest.Adapter, Version=10.0.0.0, Culture=neutral, PublicKeyToken=b03f5f7f11d50a3a" className="Coral.Tests.JPFBenchmark, CoralTest, Version=1.0.0.0, Culture=neutral, PublicKeyToken=null" name="Benchmark40886" />
    </UnitTest>
    <UnitTest name="Benchmark43886" storage="c:\users\pdinges\documents\visual studio 2010\projects\classlibrary2\coraltest\bin\debug\coraltest.dll" id="a54265e6-12ed-6991-9dea-33d1c5b628d6">
      <Execution id="ec65afb5-9eca-4696-ac35-b395aa95aa24" />
      <TestMethod codeBase="C:/Users/pdinges/Documents/Visual Studio 2010/Projects/ClassLibrary2/CoralTest/bin/Debug/CoralTest.DLL" adapterTypeName="Microsoft.VisualStudio.TestTools.TestTypes.Unit.UnitTestAdapter, Microsoft.VisualStudio.QualityTools.Tips.UnitTest.Adapter, Version=10.0.0.0, Culture=neutral, PublicKeyToken=b03f5f7f11d50a3a" className="Coral.Tests.JPFBenchmark, CoralTest, Version=1.0.0.0, Culture=neutral, PublicKeyToken=null" name="Benchmark43886" />
    </UnitTest>
    <UnitTest name="Benchmark25805" storage="c:\users\pdinges\documents\visual studio 2010\projects\classlibrary2\coraltest\bin\debug\coraltest.dll" id="565e6340-df04-d8bc-c220-25efc6491830">
      <Execution id="ea1f52f7-4e3c-4846-b120-46f3977036b7" />
      <TestMethod codeBase="C:/Users/pdinges/Documents/Visual Studio 2010/Projects/ClassLibrary2/CoralTest/bin/Debug/CoralTest.DLL" adapterTypeName="Microsoft.VisualStudio.TestTools.TestTypes.Unit.UnitTestAdapter, Microsoft.VisualStudio.QualityTools.Tips.UnitTest.Adapter, Version=10.0.0.0, Culture=neutral, PublicKeyToken=b03f5f7f11d50a3a" className="Coral.Tests.JPFBenchmark, CoralTest, Version=1.0.0.0, Culture=neutral, PublicKeyToken=null" name="Benchmark25805" />
    </UnitTest>
    <UnitTest name="Benchmark45399" storage="c:\users\pdinges\documents\visual studio 2010\projects\classlibrary2\coraltest\bin\debug\coraltest.dll" id="03bdaa99-287a-3380-2bef-27bec874db33">
      <Execution id="3908b168-203a-44a2-a51d-d2cecf2a991b" />
      <TestMethod codeBase="C:/Users/pdinges/Documents/Visual Studio 2010/Projects/ClassLibrary2/CoralTest/bin/Debug/CoralTest.DLL" adapterTypeName="Microsoft.VisualStudio.TestTools.TestTypes.Unit.UnitTestAdapter, Microsoft.VisualStudio.QualityTools.Tips.UnitTest.Adapter, Version=10.0.0.0, Culture=neutral, PublicKeyToken=b03f5f7f11d50a3a" className="Coral.Tests.JPFBenchmark, CoralTest, Version=1.0.0.0, Culture=neutral, PublicKeyToken=null" name="Benchmark45399" />
    </UnitTest>
    <UnitTest name="Benchmark1386" storage="c:\users\pdinges\documents\visual studio 2010\projects\classlibrary2\coraltest\bin\debug\coraltest.dll" id="e0b65adf-a9f2-79f4-10fa-05fb524d4cc4">
      <Execution id="15dd683a-35dd-4ef7-96f3-a92d56f83fd4" />
      <TestMethod codeBase="C:/Users/pdinges/Documents/Visual Studio 2010/Projects/ClassLibrary2/CoralTest/bin/Debug/CoralTest.DLL" adapterTypeName="Microsoft.VisualStudio.TestTools.TestTypes.Unit.UnitTestAdapter, Microsoft.VisualStudio.QualityTools.Tips.UnitTest.Adapter, Version=10.0.0.0, Culture=neutral, PublicKeyToken=b03f5f7f11d50a3a" className="Coral.Tests.JPFBenchmark, CoralTest, Version=1.0.0.0, Culture=neutral, PublicKeyToken=null" name="Benchmark1386" />
    </UnitTest>
    <UnitTest name="Benchmark61557" storage="c:\users\pdinges\documents\visual studio 2010\projects\classlibrary2\coraltest\bin\debug\coraltest.dll" id="bf5c212c-02e6-d480-3247-123ef7896c60">
      <Execution id="696fe660-23b5-45e6-8051-d17ade9a5014" />
      <TestMethod codeBase="C:/Users/pdinges/Documents/Visual Studio 2010/Projects/ClassLibrary2/CoralTest/bin/Debug/CoralTest.DLL" adapterTypeName="Microsoft.VisualStudio.TestTools.TestTypes.Unit.UnitTestAdapter, Microsoft.VisualStudio.QualityTools.Tips.UnitTest.Adapter, Version=10.0.0.0, Culture=neutral, PublicKeyToken=b03f5f7f11d50a3a" className="Coral.Tests.JPFBenchmark, CoralTest, Version=1.0.0.0, Culture=neutral, PublicKeyToken=null" name="Benchmark61557" />
    </UnitTest>
    <UnitTest name="Benchmark49587" storage="c:\users\pdinges\documents\visual studio 2010\projects\classlibrary2\coraltest\bin\debug\coraltest.dll" id="69f8be1f-e54a-1d0d-ee12-c8acb86b2746">
      <Execution id="024030ae-6815-4681-9c70-9e59c3789388" />
      <TestMethod codeBase="C:/Users/pdinges/Documents/Visual Studio 2010/Projects/ClassLibrary2/CoralTest/bin/Debug/CoralTest.DLL" adapterTypeName="Microsoft.VisualStudio.TestTools.TestTypes.Unit.UnitTestAdapter, Microsoft.VisualStudio.QualityTools.Tips.UnitTest.Adapter, Version=10.0.0.0, Culture=neutral, PublicKeyToken=b03f5f7f11d50a3a" className="Coral.Tests.JPFBenchmark, CoralTest, Version=1.0.0.0, Culture=neutral, PublicKeyToken=null" name="Benchmark49587" />
    </UnitTest>
    <UnitTest name="Benchmark29599" storage="c:\users\pdinges\documents\visual studio 2010\projects\classlibrary2\coraltest\bin\debug\coraltest.dll" id="fa29a92a-1987-9558-10b7-6d3120284b9c">
      <Execution id="0e3c5e73-ca2c-4e1f-94f9-2f2dd181e8bd" />
      <TestMethod codeBase="C:/Users/pdinges/Documents/Visual Studio 2010/Projects/ClassLibrary2/CoralTest/bin/Debug/CoralTest.DLL" adapterTypeName="Microsoft.VisualStudio.TestTools.TestTypes.Unit.UnitTestAdapter, Microsoft.VisualStudio.QualityTools.Tips.UnitTest.Adapter, Version=10.0.0.0, Culture=neutral, PublicKeyToken=b03f5f7f11d50a3a" className="Coral.Tests.JPFBenchmark, CoralTest, Version=1.0.0.0, Culture=neutral, PublicKeyToken=null" name="Benchmark29599" />
    </UnitTest>
    <UnitTest name="Benchmark53513" storage="c:\users\pdinges\documents\visual studio 2010\projects\classlibrary2\coraltest\bin\debug\coraltest.dll" id="e64e8a8a-4285-7e9e-ddf9-1dd3447c6eec">
      <Execution id="5e0f2017-0105-41f7-9310-3418f530a500" />
      <TestMethod codeBase="C:/Users/pdinges/Documents/Visual Studio 2010/Projects/ClassLibrary2/CoralTest/bin/Debug/CoralTest.DLL" adapterTypeName="Microsoft.VisualStudio.TestTools.TestTypes.Unit.UnitTestAdapter, Microsoft.VisualStudio.QualityTools.Tips.UnitTest.Adapter, Version=10.0.0.0, Culture=neutral, PublicKeyToken=b03f5f7f11d50a3a" className="Coral.Tests.JPFBenchmark, CoralTest, Version=1.0.0.0, Culture=neutral, PublicKeyToken=null" name="Benchmark53513" />
    </UnitTest>
    <UnitTest name="Benchmark48513" storage="c:\users\pdinges\documents\visual studio 2010\projects\classlibrary2\coraltest\bin\debug\coraltest.dll" id="f4de8b25-85aa-e7bd-45fe-386b87460f0c">
      <Execution id="c711e3ab-0c16-496e-9ead-f42f586be852" />
      <TestMethod codeBase="C:/Users/pdinges/Documents/Visual Studio 2010/Projects/ClassLibrary2/CoralTest/bin/Debug/CoralTest.DLL" adapterTypeName="Microsoft.VisualStudio.TestTools.TestTypes.Unit.UnitTestAdapter, Microsoft.VisualStudio.QualityTools.Tips.UnitTest.Adapter, Version=10.0.0.0, Culture=neutral, PublicKeyToken=b03f5f7f11d50a3a" className="Coral.Tests.JPFBenchmark, CoralTest, Version=1.0.0.0, Culture=neutral, PublicKeyToken=null" name="Benchmark48513" />
    </UnitTest>
    <UnitTest name="Benchmark19577" storage="c:\users\pdinges\documents\visual studio 2010\projects\classlibrary2\coraltest\bin\debug\coraltest.dll" id="5763b454-0703-99a9-335e-ca9436eedabc">
      <Execution id="0bdabd87-ba39-4cac-8ba2-11af00c85504" />
      <TestMethod codeBase="C:/Users/pdinges/Documents/Visual Studio 2010/Projects/ClassLibrary2/CoralTest/bin/Debug/CoralTest.DLL" adapterTypeName="Microsoft.VisualStudio.TestTools.TestTypes.Unit.UnitTestAdapter, Microsoft.VisualStudio.QualityTools.Tips.UnitTest.Adapter, Version=10.0.0.0, Culture=neutral, PublicKeyToken=b03f5f7f11d50a3a" className="Coral.Tests.JPFBenchmark, CoralTest, Version=1.0.0.0, Culture=neutral, PublicKeyToken=null" name="Benchmark19577" />
    </UnitTest>
    <UnitTest name="Benchmark10513" storage="c:\users\pdinges\documents\visual studio 2010\projects\classlibrary2\coraltest\bin\debug\coraltest.dll" id="7b9e8515-56e8-005c-3ec5-7a178fa0f01f">
      <Execution id="a3e65b02-a2d4-43a1-bd50-4fc2a1817dde" />
      <TestMethod codeBase="C:/Users/pdinges/Documents/Visual Studio 2010/Projects/ClassLibrary2/CoralTest/bin/Debug/CoralTest.DLL" adapterTypeName="Microsoft.VisualStudio.TestTools.TestTypes.Unit.UnitTestAdapter, Microsoft.VisualStudio.QualityTools.Tips.UnitTest.Adapter, Version=10.0.0.0, Culture=neutral, PublicKeyToken=b03f5f7f11d50a3a" className="Coral.Tests.JPFBenchmark, CoralTest, Version=1.0.0.0, Culture=neutral, PublicKeyToken=null" name="Benchmark10513" />
    </UnitTest>
    <UnitTest name="Benchmark40764" storage="c:\users\pdinges\documents\visual studio 2010\projects\classlibrary2\coraltest\bin\debug\coraltest.dll" id="e6a37c78-b9f7-813e-fc4e-4a96c525821f">
      <Execution id="edc8034c-0c5a-4334-9314-2018b28801fb" />
      <TestMethod codeBase="C:/Users/pdinges/Documents/Visual Studio 2010/Projects/ClassLibrary2/CoralTest/bin/Debug/CoralTest.DLL" adapterTypeName="Microsoft.VisualStudio.TestTools.TestTypes.Unit.UnitTestAdapter, Microsoft.VisualStudio.QualityTools.Tips.UnitTest.Adapter, Version=10.0.0.0, Culture=neutral, PublicKeyToken=b03f5f7f11d50a3a" className="Coral.Tests.JPFBenchmark, CoralTest, Version=1.0.0.0, Culture=neutral, PublicKeyToken=null" name="Benchmark40764" />
    </UnitTest>
    <UnitTest name="Benchmark1493" storage="c:\users\pdinges\documents\visual studio 2010\projects\classlibrary2\coraltest\bin\debug\coraltest.dll" id="391c816b-824f-8486-fed7-539663494c0e">
      <Execution id="08e3900b-9557-4e94-8028-da6e4962ddb8" />
      <TestMethod codeBase="C:/Users/pdinges/Documents/Visual Studio 2010/Projects/ClassLibrary2/CoralTest/bin/Debug/CoralTest.DLL" adapterTypeName="Microsoft.VisualStudio.TestTools.TestTypes.Unit.UnitTestAdapter, Microsoft.VisualStudio.QualityTools.Tips.UnitTest.Adapter, Version=10.0.0.0, Culture=neutral, PublicKeyToken=b03f5f7f11d50a3a" className="Coral.Tests.JPFBenchmark, CoralTest, Version=1.0.0.0, Culture=neutral, PublicKeyToken=null" name="Benchmark1493" />
    </UnitTest>
    <UnitTest name="Benchmark46679" storage="c:\users\pdinges\documents\visual studio 2010\projects\classlibrary2\coraltest\bin\debug\coraltest.dll" id="a90c53e2-2b73-b220-d413-fad6bebe09f3">
      <Execution id="b2012b64-e54d-437d-802c-06f58b2d2dd2" />
      <TestMethod codeBase="C:/Users/pdinges/Documents/Visual Studio 2010/Projects/ClassLibrary2/CoralTest/bin/Debug/CoralTest.DLL" adapterTypeName="Microsoft.VisualStudio.TestTools.TestTypes.Unit.UnitTestAdapter, Microsoft.VisualStudio.QualityTools.Tips.UnitTest.Adapter, Version=10.0.0.0, Culture=neutral, PublicKeyToken=b03f5f7f11d50a3a" className="Coral.Tests.JPFBenchmark, CoralTest, Version=1.0.0.0, Culture=neutral, PublicKeyToken=null" name="Benchmark46679" />
    </UnitTest>
    <UnitTest name="Benchmark50886" storage="c:\users\pdinges\documents\visual studio 2010\projects\classlibrary2\coraltest\bin\debug\coraltest.dll" id="a64020d8-229d-5e33-f15a-6523016da067">
      <Execution id="48845714-2f24-436d-924e-52aeec1e206c" />
      <TestMethod codeBase="C:/Users/pdinges/Documents/Visual Studio 2010/Projects/ClassLibrary2/CoralTest/bin/Debug/CoralTest.DLL" adapterTypeName="Microsoft.VisualStudio.TestTools.TestTypes.Unit.UnitTestAdapter, Microsoft.VisualStudio.QualityTools.Tips.UnitTest.Adapter, Version=10.0.0.0, Culture=neutral, PublicKeyToken=b03f5f7f11d50a3a" className="Coral.Tests.JPFBenchmark, CoralTest, Version=1.0.0.0, Culture=neutral, PublicKeyToken=null" name="Benchmark50886" />
    </UnitTest>
    <UnitTest name="Benchmark50587" storage="c:\users\pdinges\documents\visual studio 2010\projects\classlibrary2\coraltest\bin\debug\coraltest.dll" id="4a5d6751-77a5-243b-2219-f1fa353845dc">
      <Execution id="bf14281f-3d37-4bcc-bac9-93d480f56ff2" />
      <TestMethod codeBase="C:/Users/pdinges/Documents/Visual Studio 2010/Projects/ClassLibrary2/CoralTest/bin/Debug/CoralTest.DLL" adapterTypeName="Microsoft.VisualStudio.TestTools.TestTypes.Unit.UnitTestAdapter, Microsoft.VisualStudio.QualityTools.Tips.UnitTest.Adapter, Version=10.0.0.0, Culture=neutral, PublicKeyToken=b03f5f7f11d50a3a" className="Coral.Tests.JPFBenchmark, CoralTest, Version=1.0.0.0, Culture=neutral, PublicKeyToken=null" name="Benchmark50587" />
    </UnitTest>
    <UnitTest name="Benchmark53430" storage="c:\users\pdinges\documents\visual studio 2010\projects\classlibrary2\coraltest\bin\debug\coraltest.dll" id="22f61457-1c48-6a73-6f64-01d2a3342ee9">
      <Execution id="d9183140-07e5-4228-9a88-812b3ab64673" />
      <TestMethod codeBase="C:/Users/pdinges/Documents/Visual Studio 2010/Projects/ClassLibrary2/CoralTest/bin/Debug/CoralTest.DLL" adapterTypeName="Microsoft.VisualStudio.TestTools.TestTypes.Unit.UnitTestAdapter, Microsoft.VisualStudio.QualityTools.Tips.UnitTest.Adapter, Version=10.0.0.0, Culture=neutral, PublicKeyToken=b03f5f7f11d50a3a" className="Coral.Tests.JPFBenchmark, CoralTest, Version=1.0.0.0, Culture=neutral, PublicKeyToken=null" name="Benchmark53430" />
    </UnitTest>
    <UnitTest name="Benchmark32599" storage="c:\users\pdinges\documents\visual studio 2010\projects\classlibrary2\coraltest\bin\debug\coraltest.dll" id="912cee34-1867-5576-b760-5af516b32f62">
      <Execution id="0243e868-6347-43ef-a02a-091a8d531a1c" />
      <TestMethod codeBase="C:/Users/pdinges/Documents/Visual Studio 2010/Projects/ClassLibrary2/CoralTest/bin/Debug/CoralTest.DLL" adapterTypeName="Microsoft.VisualStudio.TestTools.TestTypes.Unit.UnitTestAdapter, Microsoft.VisualStudio.QualityTools.Tips.UnitTest.Adapter, Version=10.0.0.0, Culture=neutral, PublicKeyToken=b03f5f7f11d50a3a" className="Coral.Tests.JPFBenchmark, CoralTest, Version=1.0.0.0, Culture=neutral, PublicKeyToken=null" name="Benchmark32599" />
    </UnitTest>
    <UnitTest name="Benchmark2915" storage="c:\users\pdinges\documents\visual studio 2010\projects\classlibrary2\coraltest\bin\debug\coraltest.dll" id="0ccd3f49-bb4a-6b73-4db4-9c68d78942bf">
      <Execution id="64e89a3d-4c55-4788-b5e5-1213926b4c50" />
      <TestMethod codeBase="C:/Users/pdinges/Documents/Visual Studio 2010/Projects/ClassLibrary2/CoralTest/bin/Debug/CoralTest.DLL" adapterTypeName="Microsoft.VisualStudio.TestTools.TestTypes.Unit.UnitTestAdapter, Microsoft.VisualStudio.QualityTools.Tips.UnitTest.Adapter, Version=10.0.0.0, Culture=neutral, PublicKeyToken=b03f5f7f11d50a3a" className="Coral.Tests.JPFBenchmark, CoralTest, Version=1.0.0.0, Culture=neutral, PublicKeyToken=null" name="Benchmark2915" />
    </UnitTest>
    <UnitTest name="Benchmark07527" storage="c:\users\pdinges\documents\visual studio 2010\projects\classlibrary2\coraltest\bin\debug\coraltest.dll" id="11386eb7-1b75-17f3-d4a3-1c43e0c69e4b">
      <Execution id="38fcedd7-fb24-46b1-b28e-85dd7f1406e8" />
      <TestMethod codeBase="C:/Users/pdinges/Documents/Visual Studio 2010/Projects/ClassLibrary2/CoralTest/bin/Debug/CoralTest.DLL" adapterTypeName="Microsoft.VisualStudio.TestTools.TestTypes.Unit.UnitTestAdapter, Microsoft.VisualStudio.QualityTools.Tips.UnitTest.Adapter, Version=10.0.0.0, Culture=neutral, PublicKeyToken=b03f5f7f11d50a3a" className="Coral.Tests.JPFBenchmark, CoralTest, Version=1.0.0.0, Culture=neutral, PublicKeyToken=null" name="Benchmark07527" />
    </UnitTest>
    <UnitTest name="Benchmark33599" storage="c:\users\pdinges\documents\visual studio 2010\projects\classlibrary2\coraltest\bin\debug\coraltest.dll" id="4159557a-6e39-674e-4e4c-66a92cdaaaba">
      <Execution id="d65fb062-d472-4c3a-a68f-441ed763c6e8" />
      <TestMethod codeBase="C:/Users/pdinges/Documents/Visual Studio 2010/Projects/ClassLibrary2/CoralTest/bin/Debug/CoralTest.DLL" adapterTypeName="Microsoft.VisualStudio.TestTools.TestTypes.Unit.UnitTestAdapter, Microsoft.VisualStudio.QualityTools.Tips.UnitTest.Adapter, Version=10.0.0.0, Culture=neutral, PublicKeyToken=b03f5f7f11d50a3a" className="Coral.Tests.JPFBenchmark, CoralTest, Version=1.0.0.0, Culture=neutral, PublicKeyToken=null" name="Benchmark33599" />
    </UnitTest>
    <UnitTest name="Benchmark16805" storage="c:\users\pdinges\documents\visual studio 2010\projects\classlibrary2\coraltest\bin\debug\coraltest.dll" id="5b8c20a3-e5a5-5628-a527-d7a9996f052d">
      <Execution id="30e3b47b-2e92-449b-b036-b74fb909e2cf" />
      <TestMethod codeBase="C:/Users/pdinges/Documents/Visual Studio 2010/Projects/ClassLibrary2/CoralTest/bin/Debug/CoralTest.DLL" adapterTypeName="Microsoft.VisualStudio.TestTools.TestTypes.Unit.UnitTestAdapter, Microsoft.VisualStudio.QualityTools.Tips.UnitTest.Adapter, Version=10.0.0.0, Culture=neutral, PublicKeyToken=b03f5f7f11d50a3a" className="Coral.Tests.JPFBenchmark, CoralTest, Version=1.0.0.0, Culture=neutral, PublicKeyToken=null" name="Benchmark16805" />
    </UnitTest>
    <UnitTest name="Benchmark27439" storage="c:\users\pdinges\documents\visual studio 2010\projects\classlibrary2\coraltest\bin\debug\coraltest.dll" id="49af3f2f-3332-f9b8-2423-ea46f3689b29">
      <Execution id="871427f6-f61e-4e60-a095-b6484d25121d" />
      <TestMethod codeBase="C:/Users/pdinges/Documents/Visual Studio 2010/Projects/ClassLibrary2/CoralTest/bin/Debug/CoralTest.DLL" adapterTypeName="Microsoft.VisualStudio.TestTools.TestTypes.Unit.UnitTestAdapter, Microsoft.VisualStudio.QualityTools.Tips.UnitTest.Adapter, Version=10.0.0.0, Culture=neutral, PublicKeyToken=b03f5f7f11d50a3a" className="Coral.Tests.JPFBenchmark, CoralTest, Version=1.0.0.0, Culture=neutral, PublicKeyToken=null" name="Benchmark27439" />
    </UnitTest>
    <UnitTest name="Benchmark08513" storage="c:\users\pdinges\documents\visual studio 2010\projects\classlibrary2\coraltest\bin\debug\coraltest.dll" id="6de13134-2815-e91e-859b-fcbddc6b43f5">
      <Execution id="dd876a44-e34b-47b9-8140-b281afbc391e" />
      <TestMethod codeBase="C:/Users/pdinges/Documents/Visual Studio 2010/Projects/ClassLibrary2/CoralTest/bin/Debug/CoralTest.DLL" adapterTypeName="Microsoft.VisualStudio.TestTools.TestTypes.Unit.UnitTestAdapter, Microsoft.VisualStudio.QualityTools.Tips.UnitTest.Adapter, Version=10.0.0.0, Culture=neutral, PublicKeyToken=b03f5f7f11d50a3a" className="Coral.Tests.JPFBenchmark, CoralTest, Version=1.0.0.0, Culture=neutral, PublicKeyToken=null" name="Benchmark08513" />
    </UnitTest>
    <UnitTest name="Benchmark5667" storage="c:\users\pdinges\documents\visual studio 2010\projects\classlibrary2\coraltest\bin\debug\coraltest.dll" id="a35c4210-c4f5-26f2-5a21-72e3411d1cce">
      <Execution id="dc41d933-a1eb-4899-a766-fdee401932a0" />
      <TestMethod codeBase="C:/Users/pdinges/Documents/Visual Studio 2010/Projects/ClassLibrary2/CoralTest/bin/Debug/CoralTest.DLL" adapterTypeName="Microsoft.VisualStudio.TestTools.TestTypes.Unit.UnitTestAdapter, Microsoft.VisualStudio.QualityTools.Tips.UnitTest.Adapter, Version=10.0.0.0, Culture=neutral, PublicKeyToken=b03f5f7f11d50a3a" className="Coral.Tests.JPFBenchmark, CoralTest, Version=1.0.0.0, Culture=neutral, PublicKeyToken=null" name="Benchmark5667" />
    </UnitTest>
    <UnitTest name="Benchmark05513" storage="c:\users\pdinges\documents\visual studio 2010\projects\classlibrary2\coraltest\bin\debug\coraltest.dll" id="e399bf2d-78b7-dcb9-8832-08f8102f8e94">
      <Execution id="33f12364-897d-4609-b692-9bd46a10eb7d" />
      <TestMethod codeBase="C:/Users/pdinges/Documents/Visual Studio 2010/Projects/ClassLibrary2/CoralTest/bin/Debug/CoralTest.DLL" adapterTypeName="Microsoft.VisualStudio.TestTools.TestTypes.Unit.UnitTestAdapter, Microsoft.VisualStudio.QualityTools.Tips.UnitTest.Adapter, Version=10.0.0.0, Culture=neutral, PublicKeyToken=b03f5f7f11d50a3a" className="Coral.Tests.JPFBenchmark, CoralTest, Version=1.0.0.0, Culture=neutral, PublicKeyToken=null" name="Benchmark05513" />
    </UnitTest>
    <UnitTest name="Benchmark26470" storage="c:\users\pdinges\documents\visual studio 2010\projects\classlibrary2\coraltest\bin\debug\coraltest.dll" id="286d3eee-e277-8f0a-53e6-aa0448af4420">
      <Execution id="767a09aa-0bf8-4f61-9c72-40750a39bf9f" />
      <TestMethod codeBase="C:/Users/pdinges/Documents/Visual Studio 2010/Projects/ClassLibrary2/CoralTest/bin/Debug/CoralTest.DLL" adapterTypeName="Microsoft.VisualStudio.TestTools.TestTypes.Unit.UnitTestAdapter, Microsoft.VisualStudio.QualityTools.Tips.UnitTest.Adapter, Version=10.0.0.0, Culture=neutral, PublicKeyToken=b03f5f7f11d50a3a" className="Coral.Tests.JPFBenchmark, CoralTest, Version=1.0.0.0, Culture=neutral, PublicKeyToken=null" name="Benchmark26470" />
    </UnitTest>
    <UnitTest name="Benchmark09926" storage="c:\users\pdinges\documents\visual studio 2010\projects\classlibrary2\coraltest\bin\debug\coraltest.dll" id="d9b61f00-51c6-6941-a545-7d0518d83bea">
      <Execution id="103cbbe6-3336-44c0-943f-579a94536831" />
      <TestMethod codeBase="C:/Users/pdinges/Documents/Visual Studio 2010/Projects/ClassLibrary2/CoralTest/bin/Debug/CoralTest.DLL" adapterTypeName="Microsoft.VisualStudio.TestTools.TestTypes.Unit.UnitTestAdapter, Microsoft.VisualStudio.QualityTools.Tips.UnitTest.Adapter, Version=10.0.0.0, Culture=neutral, PublicKeyToken=b03f5f7f11d50a3a" className="Coral.Tests.JPFBenchmark, CoralTest, Version=1.0.0.0, Culture=neutral, PublicKeyToken=null" name="Benchmark09926" />
    </UnitTest>
    <UnitTest name="Benchmark53966" storage="c:\users\pdinges\documents\visual studio 2010\projects\classlibrary2\coraltest\bin\debug\coraltest.dll" id="92133b18-4b6f-028c-890d-187ff30b701b">
      <Execution id="0ed0b9c5-ef10-41db-98f2-0a1033a1fcb9" />
      <TestMethod codeBase="C:/Users/pdinges/Documents/Visual Studio 2010/Projects/ClassLibrary2/CoralTest/bin/Debug/CoralTest.DLL" adapterTypeName="Microsoft.VisualStudio.TestTools.TestTypes.Unit.UnitTestAdapter, Microsoft.VisualStudio.QualityTools.Tips.UnitTest.Adapter, Version=10.0.0.0, Culture=neutral, PublicKeyToken=b03f5f7f11d50a3a" className="Coral.Tests.JPFBenchmark, CoralTest, Version=1.0.0.0, Culture=neutral, PublicKeyToken=null" name="Benchmark53966" />
    </UnitTest>
    <UnitTest name="Benchmark45836" storage="c:\users\pdinges\documents\visual studio 2010\projects\classlibrary2\coraltest\bin\debug\coraltest.dll" id="4b93e548-172a-628f-e6ce-084c0bad4196">
      <Execution id="0643f9b7-f438-4eb9-9130-2bd5765f9755" />
      <TestMethod codeBase="C:/Users/pdinges/Documents/Visual Studio 2010/Projects/ClassLibrary2/CoralTest/bin/Debug/CoralTest.DLL" adapterTypeName="Microsoft.VisualStudio.TestTools.TestTypes.Unit.UnitTestAdapter, Microsoft.VisualStudio.QualityTools.Tips.UnitTest.Adapter, Version=10.0.0.0, Culture=neutral, PublicKeyToken=b03f5f7f11d50a3a" className="Coral.Tests.JPFBenchmark, CoralTest, Version=1.0.0.0, Culture=neutral, PublicKeyToken=null" name="Benchmark45836" />
    </UnitTest>
    <UnitTest name="Benchmark41886" storage="c:\users\pdinges\documents\visual studio 2010\projects\classlibrary2\coraltest\bin\debug\coraltest.dll" id="cf2d06ec-7cef-db3f-b5fe-f71f3847b4f1">
      <Execution id="2eb94fe4-8568-412b-99ec-f14db3f12bb9" />
      <TestMethod codeBase="C:/Users/pdinges/Documents/Visual Studio 2010/Projects/ClassLibrary2/CoralTest/bin/Debug/CoralTest.DLL" adapterTypeName="Microsoft.VisualStudio.TestTools.TestTypes.Unit.UnitTestAdapter, Microsoft.VisualStudio.QualityTools.Tips.UnitTest.Adapter, Version=10.0.0.0, Culture=neutral, PublicKeyToken=b03f5f7f11d50a3a" className="Coral.Tests.JPFBenchmark, CoralTest, Version=1.0.0.0, Culture=neutral, PublicKeyToken=null" name="Benchmark41886" />
    </UnitTest>
    <UnitTest name="Benchmark23527" storage="c:\users\pdinges\documents\visual studio 2010\projects\classlibrary2\coraltest\bin\debug\coraltest.dll" id="dc972a0f-f3bf-98b3-246b-5ab895a7bd6e">
      <Execution id="4c319b99-0462-467e-b5eb-e57dd8ea50ab" />
      <TestMethod codeBase="C:/Users/pdinges/Documents/Visual Studio 2010/Projects/ClassLibrary2/CoralTest/bin/Debug/CoralTest.DLL" adapterTypeName="Microsoft.VisualStudio.TestTools.TestTypes.Unit.UnitTestAdapter, Microsoft.VisualStudio.QualityTools.Tips.UnitTest.Adapter, Version=10.0.0.0, Culture=neutral, PublicKeyToken=b03f5f7f11d50a3a" className="Coral.Tests.JPFBenchmark, CoralTest, Version=1.0.0.0, Culture=neutral, PublicKeyToken=null" name="Benchmark23527" />
    </UnitTest>
    <UnitTest name="Benchmark3932" storage="c:\users\pdinges\documents\visual studio 2010\projects\classlibrary2\coraltest\bin\debug\coraltest.dll" id="2233586a-4a62-6814-93b1-dcc9c5a42f9b">
      <Execution id="7ac60e76-3a0e-4338-a70e-be4077baeba6" />
      <TestMethod codeBase="C:/Users/pdinges/Documents/Visual Studio 2010/Projects/ClassLibrary2/CoralTest/bin/Debug/CoralTest.DLL" adapterTypeName="Microsoft.VisualStudio.TestTools.TestTypes.Unit.UnitTestAdapter, Microsoft.VisualStudio.QualityTools.Tips.UnitTest.Adapter, Version=10.0.0.0, Culture=neutral, PublicKeyToken=b03f5f7f11d50a3a" className="Coral.Tests.JPFBenchmark, CoralTest, Version=1.0.0.0, Culture=neutral, PublicKeyToken=null" name="Benchmark3932" />
    </UnitTest>
    <UnitTest name="Benchmark46447" storage="c:\users\pdinges\documents\visual studio 2010\projects\classlibrary2\coraltest\bin\debug\coraltest.dll" id="236a95f4-2eda-9bbe-e90d-0898a1bcc6da">
      <Execution id="419c2b32-05a7-438b-84d9-83253c168de8" />
      <TestMethod codeBase="C:/Users/pdinges/Documents/Visual Studio 2010/Projects/ClassLibrary2/CoralTest/bin/Debug/CoralTest.DLL" adapterTypeName="Microsoft.VisualStudio.TestTools.TestTypes.Unit.UnitTestAdapter, Microsoft.VisualStudio.QualityTools.Tips.UnitTest.Adapter, Version=10.0.0.0, Culture=neutral, PublicKeyToken=b03f5f7f11d50a3a" className="Coral.Tests.JPFBenchmark, CoralTest, Version=1.0.0.0, Culture=neutral, PublicKeyToken=null" name="Benchmark46447" />
    </UnitTest>
    <UnitTest name="Benchmark21758" storage="c:\users\pdinges\documents\visual studio 2010\projects\classlibrary2\coraltest\bin\debug\coraltest.dll" id="05c2c361-904a-605e-5287-0fdd3aeec4b3">
      <Execution id="a7951a2a-9a7e-4458-addc-29f59bc19931" />
      <TestMethod codeBase="C:/Users/pdinges/Documents/Visual Studio 2010/Projects/ClassLibrary2/CoralTest/bin/Debug/CoralTest.DLL" adapterTypeName="Microsoft.VisualStudio.TestTools.TestTypes.Unit.UnitTestAdapter, Microsoft.VisualStudio.QualityTools.Tips.UnitTest.Adapter, Version=10.0.0.0, Culture=neutral, PublicKeyToken=b03f5f7f11d50a3a" className="Coral.Tests.JPFBenchmark, CoralTest, Version=1.0.0.0, Culture=neutral, PublicKeyToken=null" name="Benchmark21758" />
    </UnitTest>
    <UnitTest name="Benchmark27513" storage="c:\users\pdinges\documents\visual studio 2010\projects\classlibrary2\coraltest\bin\debug\coraltest.dll" id="3f075097-e60c-b8b1-01e8-eb8bd5e1d527">
      <Execution id="91022f69-7fd6-4d93-bf5e-2446710e8281" />
      <TestMethod codeBase="C:/Users/pdinges/Documents/Visual Studio 2010/Projects/ClassLibrary2/CoralTest/bin/Debug/CoralTest.DLL" adapterTypeName="Microsoft.VisualStudio.TestTools.TestTypes.Unit.UnitTestAdapter, Microsoft.VisualStudio.QualityTools.Tips.UnitTest.Adapter, Version=10.0.0.0, Culture=neutral, PublicKeyToken=b03f5f7f11d50a3a" className="Coral.Tests.JPFBenchmark, CoralTest, Version=1.0.0.0, Culture=neutral, PublicKeyToken=null" name="Benchmark27513" />
    </UnitTest>
    <UnitTest name="Benchmark42968" storage="c:\users\pdinges\documents\visual studio 2010\projects\classlibrary2\coraltest\bin\debug\coraltest.dll" id="46679223-27aa-44d6-ad5d-fc2ea5c6db80">
      <Execution id="7c0bb0f4-e7f4-4263-977e-97213eda8f4d" />
      <TestMethod codeBase="C:/Users/pdinges/Documents/Visual Studio 2010/Projects/ClassLibrary2/CoralTest/bin/Debug/CoralTest.DLL" adapterTypeName="Microsoft.VisualStudio.TestTools.TestTypes.Unit.UnitTestAdapter, Microsoft.VisualStudio.QualityTools.Tips.UnitTest.Adapter, Version=10.0.0.0, Culture=neutral, PublicKeyToken=b03f5f7f11d50a3a" className="Coral.Tests.JPFBenchmark, CoralTest, Version=1.0.0.0, Culture=neutral, PublicKeyToken=null" name="Benchmark42968" />
    </UnitTest>
    <UnitTest name="Benchmark42542" storage="c:\users\pdinges\documents\visual studio 2010\projects\classlibrary2\coraltest\bin\debug\coraltest.dll" id="7d06346b-9561-9437-b91e-9eadbc10c1dd">
      <Execution id="771a63cf-2c3d-4167-aa82-b74b7b420968" />
      <TestMethod codeBase="C:/Users/pdinges/Documents/Visual Studio 2010/Projects/ClassLibrary2/CoralTest/bin/Debug/CoralTest.DLL" adapterTypeName="Microsoft.VisualStudio.TestTools.TestTypes.Unit.UnitTestAdapter, Microsoft.VisualStudio.QualityTools.Tips.UnitTest.Adapter, Version=10.0.0.0, Culture=neutral, PublicKeyToken=b03f5f7f11d50a3a" className="Coral.Tests.JPFBenchmark, CoralTest, Version=1.0.0.0, Culture=neutral, PublicKeyToken=null" name="Benchmark42542" />
    </UnitTest>
    <UnitTest name="Benchmark52966" storage="c:\users\pdinges\documents\visual studio 2010\projects\classlibrary2\coraltest\bin\debug\coraltest.dll" id="3bdd185b-581f-6cd5-a500-564bc0ca5922">
      <Execution id="85dd61ac-0174-41ed-8a94-e3abcf47a2ee" />
      <TestMethod codeBase="C:/Users/pdinges/Documents/Visual Studio 2010/Projects/ClassLibrary2/CoralTest/bin/Debug/CoralTest.DLL" adapterTypeName="Microsoft.VisualStudio.TestTools.TestTypes.Unit.UnitTestAdapter, Microsoft.VisualStudio.QualityTools.Tips.UnitTest.Adapter, Version=10.0.0.0, Culture=neutral, PublicKeyToken=b03f5f7f11d50a3a" className="Coral.Tests.JPFBenchmark, CoralTest, Version=1.0.0.0, Culture=neutral, PublicKeyToken=null" name="Benchmark52966" />
    </UnitTest>
    <UnitTest name="Benchmark06513" storage="c:\users\pdinges\documents\visual studio 2010\projects\classlibrary2\coraltest\bin\debug\coraltest.dll" id="d9ce3ae9-60fc-6ecd-0409-e6d098667cf7">
      <Execution id="d6d6aac3-1089-442f-9256-d99e114e1467" />
      <TestMethod codeBase="C:/Users/pdinges/Documents/Visual Studio 2010/Projects/ClassLibrary2/CoralTest/bin/Debug/CoralTest.DLL" adapterTypeName="Microsoft.VisualStudio.TestTools.TestTypes.Unit.UnitTestAdapter, Microsoft.VisualStudio.QualityTools.Tips.UnitTest.Adapter, Version=10.0.0.0, Culture=neutral, PublicKeyToken=b03f5f7f11d50a3a" className="Coral.Tests.JPFBenchmark, CoralTest, Version=1.0.0.0, Culture=neutral, PublicKeyToken=null" name="Benchmark06513" />
    </UnitTest>
    <UnitTest name="Benchmark45646" storage="c:\users\pdinges\documents\visual studio 2010\projects\classlibrary2\coraltest\bin\debug\coraltest.dll" id="46a3d3bb-48ff-3a11-77d3-54aa17ec5a7b">
      <Execution id="ffb46adc-7fc8-4159-927c-da8da7bd640c" />
      <TestMethod codeBase="C:/Users/pdinges/Documents/Visual Studio 2010/Projects/ClassLibrary2/CoralTest/bin/Debug/CoralTest.DLL" adapterTypeName="Microsoft.VisualStudio.TestTools.TestTypes.Unit.UnitTestAdapter, Microsoft.VisualStudio.QualityTools.Tips.UnitTest.Adapter, Version=10.0.0.0, Culture=neutral, PublicKeyToken=b03f5f7f11d50a3a" className="Coral.Tests.JPFBenchmark, CoralTest, Version=1.0.0.0, Culture=neutral, PublicKeyToken=null" name="Benchmark45646" />
    </UnitTest>
    <UnitTest name="Benchmark42886" storage="c:\users\pdinges\documents\visual studio 2010\projects\classlibrary2\coraltest\bin\debug\coraltest.dll" id="8e5a8f1b-c6ff-ad54-f96e-b5df31700cc8">
      <Execution id="0d273f4b-6ae6-4ddf-9fc0-0200720d1f05" />
      <TestMethod codeBase="C:/Users/pdinges/Documents/Visual Studio 2010/Projects/ClassLibrary2/CoralTest/bin/Debug/CoralTest.DLL" adapterTypeName="Microsoft.VisualStudio.TestTools.TestTypes.Unit.UnitTestAdapter, Microsoft.VisualStudio.QualityTools.Tips.UnitTest.Adapter, Version=10.0.0.0, Culture=neutral, PublicKeyToken=b03f5f7f11d50a3a" className="Coral.Tests.JPFBenchmark, CoralTest, Version=1.0.0.0, Culture=neutral, PublicKeyToken=null" name="Benchmark42886" />
    </UnitTest>
    <UnitTest name="Benchmark48690" storage="c:\users\pdinges\documents\visual studio 2010\projects\classlibrary2\coraltest\bin\debug\coraltest.dll" id="21471151-1f1c-9e81-8b71-d3dea4a653b4">
      <Execution id="5e72f1f2-09c5-4f0e-a4d3-9720be4fe78f" />
      <TestMethod codeBase="C:/Users/pdinges/Documents/Visual Studio 2010/Projects/ClassLibrary2/CoralTest/bin/Debug/CoralTest.DLL" adapterTypeName="Microsoft.VisualStudio.TestTools.TestTypes.Unit.UnitTestAdapter, Microsoft.VisualStudio.QualityTools.Tips.UnitTest.Adapter, Version=10.0.0.0, Culture=neutral, PublicKeyToken=b03f5f7f11d50a3a" className="Coral.Tests.JPFBenchmark, CoralTest, Version=1.0.0.0, Culture=neutral, PublicKeyToken=null" name="Benchmark48690" />
    </UnitTest>
    <UnitTest name="Benchmark38886" storage="c:\users\pdinges\documents\visual studio 2010\projects\classlibrary2\coraltest\bin\debug\coraltest.dll" id="71d5ad2c-d5d4-fe67-2b56-9a99bf2d45d6">
      <Execution id="1fc6fb53-467f-439d-aa13-8635ce7f9962" />
      <TestMethod codeBase="C:/Users/pdinges/Documents/Visual Studio 2010/Projects/ClassLibrary2/CoralTest/bin/Debug/CoralTest.DLL" adapterTypeName="Microsoft.VisualStudio.TestTools.TestTypes.Unit.UnitTestAdapter, Microsoft.VisualStudio.QualityTools.Tips.UnitTest.Adapter, Version=10.0.0.0, Culture=neutral, PublicKeyToken=b03f5f7f11d50a3a" className="Coral.Tests.JPFBenchmark, CoralTest, Version=1.0.0.0, Culture=neutral, PublicKeyToken=null" name="Benchmark38886" />
    </UnitTest>
    <UnitTest name="Benchmark17599" storage="c:\users\pdinges\documents\visual studio 2010\projects\classlibrary2\coraltest\bin\debug\coraltest.dll" id="99ccf2ac-162c-7183-e1c3-7da12fa9cd18">
      <Execution id="96bd7c3a-469a-49eb-b53d-f56a4601f5f8" />
      <TestMethod codeBase="C:/Users/pdinges/Documents/Visual Studio 2010/Projects/ClassLibrary2/CoralTest/bin/Debug/CoralTest.DLL" adapterTypeName="Microsoft.VisualStudio.TestTools.TestTypes.Unit.UnitTestAdapter, Microsoft.VisualStudio.QualityTools.Tips.UnitTest.Adapter, Version=10.0.0.0, Culture=neutral, PublicKeyToken=b03f5f7f11d50a3a" className="Coral.Tests.JPFBenchmark, CoralTest, Version=1.0.0.0, Culture=neutral, PublicKeyToken=null" name="Benchmark17599" />
    </UnitTest>
    <UnitTest name="Benchmark14527" storage="c:\users\pdinges\documents\visual studio 2010\projects\classlibrary2\coraltest\bin\debug\coraltest.dll" id="bfdd6891-2d60-d990-80cf-5935f739f690">
      <Execution id="26c5c1b2-4e51-4aa8-92e9-474ce9a1bbc6" />
      <TestMethod codeBase="C:/Users/pdinges/Documents/Visual Studio 2010/Projects/ClassLibrary2/CoralTest/bin/Debug/CoralTest.DLL" adapterTypeName="Microsoft.VisualStudio.TestTools.TestTypes.Unit.UnitTestAdapter, Microsoft.VisualStudio.QualityTools.Tips.UnitTest.Adapter, Version=10.0.0.0, Culture=neutral, PublicKeyToken=b03f5f7f11d50a3a" className="Coral.Tests.JPFBenchmark, CoralTest, Version=1.0.0.0, Culture=neutral, PublicKeyToken=null" name="Benchmark14527" />
    </UnitTest>
    <UnitTest name="Benchmark46527" storage="c:\users\pdinges\documents\visual studio 2010\projects\classlibrary2\coraltest\bin\debug\coraltest.dll" id="724f566b-6e2d-ffab-c102-9b8b53348684">
      <Execution id="2a1676a1-4519-4bd2-9257-20b92bb2ad8d" />
      <TestMethod codeBase="C:/Users/pdinges/Documents/Visual Studio 2010/Projects/ClassLibrary2/CoralTest/bin/Debug/CoralTest.DLL" adapterTypeName="Microsoft.VisualStudio.TestTools.TestTypes.Unit.UnitTestAdapter, Microsoft.VisualStudio.QualityTools.Tips.UnitTest.Adapter, Version=10.0.0.0, Culture=neutral, PublicKeyToken=b03f5f7f11d50a3a" className="Coral.Tests.JPFBenchmark, CoralTest, Version=1.0.0.0, Culture=neutral, PublicKeyToken=null" name="Benchmark46527" />
    </UnitTest>
    <UnitTest name="Benchmark61231" storage="c:\users\pdinges\documents\visual studio 2010\projects\classlibrary2\coraltest\bin\debug\coraltest.dll" id="033f2e6d-d115-cf9c-d524-ed0084b2b704">
      <Execution id="8eb72217-5e50-48a5-bab3-b4a997c2f666" />
      <TestMethod codeBase="C:/Users/pdinges/Documents/Visual Studio 2010/Projects/ClassLibrary2/CoralTest/bin/Debug/CoralTest.DLL" adapterTypeName="Microsoft.VisualStudio.TestTools.TestTypes.Unit.UnitTestAdapter, Microsoft.VisualStudio.QualityTools.Tips.UnitTest.Adapter, Version=10.0.0.0, Culture=neutral, PublicKeyToken=b03f5f7f11d50a3a" className="Coral.Tests.JPFBenchmark, CoralTest, Version=1.0.0.0, Culture=neutral, PublicKeyToken=null" name="Benchmark61231" />
    </UnitTest>
    <UnitTest name="Benchmark53487" storage="c:\users\pdinges\documents\visual studio 2010\projects\classlibrary2\coraltest\bin\debug\coraltest.dll" id="92ee4a80-6fe4-5ac3-c3e5-9871e46c598a">
      <Execution id="e186cebe-0712-4657-b8b4-d7ee4d3250d5" />
      <TestMethod codeBase="C:/Users/pdinges/Documents/Visual Studio 2010/Projects/ClassLibrary2/CoralTest/bin/Debug/CoralTest.DLL" adapterTypeName="Microsoft.VisualStudio.TestTools.TestTypes.Unit.UnitTestAdapter, Microsoft.VisualStudio.QualityTools.Tips.UnitTest.Adapter, Version=10.0.0.0, Culture=neutral, PublicKeyToken=b03f5f7f11d50a3a" className="Coral.Tests.JPFBenchmark, CoralTest, Version=1.0.0.0, Culture=neutral, PublicKeyToken=null" name="Benchmark53487" />
    </UnitTest>
    <UnitTest name="Benchmark21594" storage="c:\users\pdinges\documents\visual studio 2010\projects\classlibrary2\coraltest\bin\debug\coraltest.dll" id="5237805c-1a96-bb0a-2cf2-3505e31759b0">
      <Execution id="9f81c202-b40a-4991-8414-af4dbdc00b70" />
      <TestMethod codeBase="C:/Users/pdinges/Documents/Visual Studio 2010/Projects/ClassLibrary2/CoralTest/bin/Debug/CoralTest.DLL" adapterTypeName="Microsoft.VisualStudio.TestTools.TestTypes.Unit.UnitTestAdapter, Microsoft.VisualStudio.QualityTools.Tips.UnitTest.Adapter, Version=10.0.0.0, Culture=neutral, PublicKeyToken=b03f5f7f11d50a3a" className="Coral.Tests.JPFBenchmark, CoralTest, Version=1.0.0.0, Culture=neutral, PublicKeyToken=null" name="Benchmark21594" />
    </UnitTest>
    <UnitTest name="Benchmark19513" storage="c:\users\pdinges\documents\visual studio 2010\projects\classlibrary2\coraltest\bin\debug\coraltest.dll" id="07e88e2c-f282-1f74-50f1-9ed7876fb4f4">
      <Execution id="e3f81ea4-a1f9-46b3-a43c-b379afba670a" />
      <TestMethod codeBase="C:/Users/pdinges/Documents/Visual Studio 2010/Projects/ClassLibrary2/CoralTest/bin/Debug/CoralTest.DLL" adapterTypeName="Microsoft.VisualStudio.TestTools.TestTypes.Unit.UnitTestAdapter, Microsoft.VisualStudio.QualityTools.Tips.UnitTest.Adapter, Version=10.0.0.0, Culture=neutral, PublicKeyToken=b03f5f7f11d50a3a" className="Coral.Tests.JPFBenchmark, CoralTest, Version=1.0.0.0, Culture=neutral, PublicKeyToken=null" name="Benchmark19513" />
    </UnitTest>
    <UnitTest name="Benchmark27770" storage="c:\users\pdinges\documents\visual studio 2010\projects\classlibrary2\coraltest\bin\debug\coraltest.dll" id="84489146-7918-d62c-1bde-1f8fe234ea85">
      <Execution id="9e433c63-b9c0-4345-9036-25de651e8e6d" />
      <TestMethod codeBase="C:/Users/pdinges/Documents/Visual Studio 2010/Projects/ClassLibrary2/CoralTest/bin/Debug/CoralTest.DLL" adapterTypeName="Microsoft.VisualStudio.TestTools.TestTypes.Unit.UnitTestAdapter, Microsoft.VisualStudio.QualityTools.Tips.UnitTest.Adapter, Version=10.0.0.0, Culture=neutral, PublicKeyToken=b03f5f7f11d50a3a" className="Coral.Tests.JPFBenchmark, CoralTest, Version=1.0.0.0, Culture=neutral, PublicKeyToken=null" name="Benchmark27770" />
    </UnitTest>
    <UnitTest name="Benchmark49427" storage="c:\users\pdinges\documents\visual studio 2010\projects\classlibrary2\coraltest\bin\debug\coraltest.dll" id="63ab4fe5-47b5-bd11-de65-c0f5e6e9e0a1">
      <Execution id="06c134c7-8726-4918-a123-e7635d404fc7" />
      <TestMethod codeBase="C:/Users/pdinges/Documents/Visual Studio 2010/Projects/ClassLibrary2/CoralTest/bin/Debug/CoralTest.DLL" adapterTypeName="Microsoft.VisualStudio.TestTools.TestTypes.Unit.UnitTestAdapter, Microsoft.VisualStudio.QualityTools.Tips.UnitTest.Adapter, Version=10.0.0.0, Culture=neutral, PublicKeyToken=b03f5f7f11d50a3a" className="Coral.Tests.JPFBenchmark, CoralTest, Version=1.0.0.0, Culture=neutral, PublicKeyToken=null" name="Benchmark49427" />
    </UnitTest>
    <UnitTest name="Benchmark21886" storage="c:\users\pdinges\documents\visual studio 2010\projects\classlibrary2\coraltest\bin\debug\coraltest.dll" id="182af570-476f-a4b5-98f7-7ff916d7258f">
      <Execution id="0e7c842d-a6bf-4fab-9b4c-35e08ab387bd" />
      <TestMethod codeBase="C:/Users/pdinges/Documents/Visual Studio 2010/Projects/ClassLibrary2/CoralTest/bin/Debug/CoralTest.DLL" adapterTypeName="Microsoft.VisualStudio.TestTools.TestTypes.Unit.UnitTestAdapter, Microsoft.VisualStudio.QualityTools.Tips.UnitTest.Adapter, Version=10.0.0.0, Culture=neutral, PublicKeyToken=b03f5f7f11d50a3a" className="Coral.Tests.JPFBenchmark, CoralTest, Version=1.0.0.0, Culture=neutral, PublicKeyToken=null" name="Benchmark21886" />
    </UnitTest>
    <UnitTest name="Benchmark04230" storage="c:\users\pdinges\documents\visual studio 2010\projects\classlibrary2\coraltest\bin\debug\coraltest.dll" id="fc404a3e-dace-0712-8c2e-68c264f0cc4a">
      <Execution id="1da5f822-50e5-4608-9d65-cd2e2de282d0" />
      <TestMethod codeBase="C:/Users/pdinges/Documents/Visual Studio 2010/Projects/ClassLibrary2/CoralTest/bin/Debug/CoralTest.DLL" adapterTypeName="Microsoft.VisualStudio.TestTools.TestTypes.Unit.UnitTestAdapter, Microsoft.VisualStudio.QualityTools.Tips.UnitTest.Adapter, Version=10.0.0.0, Culture=neutral, PublicKeyToken=b03f5f7f11d50a3a" className="Coral.Tests.JPFBenchmark, CoralTest, Version=1.0.0.0, Culture=neutral, PublicKeyToken=null" name="Benchmark04230" />
    </UnitTest>
    <UnitTest name="Benchmark35539" storage="c:\users\pdinges\documents\visual studio 2010\projects\classlibrary2\coraltest\bin\debug\coraltest.dll" id="4bfb2008-68d4-7161-6ad8-6ee9a4068f09">
      <Execution id="5d1ec109-e5fc-47cc-9ed1-a70ba331508f" />
      <TestMethod codeBase="C:/Users/pdinges/Documents/Visual Studio 2010/Projects/ClassLibrary2/CoralTest/bin/Debug/CoralTest.DLL" adapterTypeName="Microsoft.VisualStudio.TestTools.TestTypes.Unit.UnitTestAdapter, Microsoft.VisualStudio.QualityTools.Tips.UnitTest.Adapter, Version=10.0.0.0, Culture=neutral, PublicKeyToken=b03f5f7f11d50a3a" className="Coral.Tests.JPFBenchmark, CoralTest, Version=1.0.0.0, Culture=neutral, PublicKeyToken=null" name="Benchmark35539" />
    </UnitTest>
    <UnitTest name="Benchmark34477" storage="c:\users\pdinges\documents\visual studio 2010\projects\classlibrary2\coraltest\bin\debug\coraltest.dll" id="d5793d2b-e81b-7811-c977-9520bbd0312d">
      <Execution id="034c1296-6d91-4905-897b-8f074368dc79" />
      <TestMethod codeBase="C:/Users/pdinges/Documents/Visual Studio 2010/Projects/ClassLibrary2/CoralTest/bin/Debug/CoralTest.DLL" adapterTypeName="Microsoft.VisualStudio.TestTools.TestTypes.Unit.UnitTestAdapter, Microsoft.VisualStudio.QualityTools.Tips.UnitTest.Adapter, Version=10.0.0.0, Culture=neutral, PublicKeyToken=b03f5f7f11d50a3a" className="Coral.Tests.JPFBenchmark, CoralTest, Version=1.0.0.0, Culture=neutral, PublicKeyToken=null" name="Benchmark34477" />
    </UnitTest>
    <UnitTest name="Benchmark43926" storage="c:\users\pdinges\documents\visual studio 2010\projects\classlibrary2\coraltest\bin\debug\coraltest.dll" id="1bf88e80-1fe1-e8f3-2c9b-389c68123db2">
      <Execution id="ec579109-31a6-425c-a5a7-32d18fc526a0" />
      <TestMethod codeBase="C:/Users/pdinges/Documents/Visual Studio 2010/Projects/ClassLibrary2/CoralTest/bin/Debug/CoralTest.DLL" adapterTypeName="Microsoft.VisualStudio.TestTools.TestTypes.Unit.UnitTestAdapter, Microsoft.VisualStudio.QualityTools.Tips.UnitTest.Adapter, Version=10.0.0.0, Culture=neutral, PublicKeyToken=b03f5f7f11d50a3a" className="Coral.Tests.JPFBenchmark, CoralTest, Version=1.0.0.0, Culture=neutral, PublicKeyToken=null" name="Benchmark43926" />
    </UnitTest>
    <UnitTest name="Benchmark39886" storage="c:\users\pdinges\documents\visual studio 2010\projects\classlibrary2\coraltest\bin\debug\coraltest.dll" id="380031dd-f422-42b4-6845-85b04a6bef7f">
      <Execution id="98677ab3-73c3-457d-b977-c48920f5dfe3" />
      <TestMethod codeBase="C:/Users/pdinges/Documents/Visual Studio 2010/Projects/ClassLibrary2/CoralTest/bin/Debug/CoralTest.DLL" adapterTypeName="Microsoft.VisualStudio.TestTools.TestTypes.Unit.UnitTestAdapter, Microsoft.VisualStudio.QualityTools.Tips.UnitTest.Adapter, Version=10.0.0.0, Culture=neutral, PublicKeyToken=b03f5f7f11d50a3a" className="Coral.Tests.JPFBenchmark, CoralTest, Version=1.0.0.0, Culture=neutral, PublicKeyToken=null" name="Benchmark39886" />
    </UnitTest>
    <UnitTest name="Benchmark17618" storage="c:\users\pdinges\documents\visual studio 2010\projects\classlibrary2\coraltest\bin\debug\coraltest.dll" id="d54ba21a-8786-d90b-f4a2-aa0998ae25c4">
      <Execution id="7c31f48f-700e-4cd7-87f6-1cd591a175f9" />
      <TestMethod codeBase="C:/Users/pdinges/Documents/Visual Studio 2010/Projects/ClassLibrary2/CoralTest/bin/Debug/CoralTest.DLL" adapterTypeName="Microsoft.VisualStudio.TestTools.TestTypes.Unit.UnitTestAdapter, Microsoft.VisualStudio.QualityTools.Tips.UnitTest.Adapter, Version=10.0.0.0, Culture=neutral, PublicKeyToken=b03f5f7f11d50a3a" className="Coral.Tests.JPFBenchmark, CoralTest, Version=1.0.0.0, Culture=neutral, PublicKeyToken=null" name="Benchmark17618" />
    </UnitTest>
    <UnitTest name="Benchmark56205" storage="c:\users\pdinges\documents\visual studio 2010\projects\classlibrary2\coraltest\bin\debug\coraltest.dll" id="c2102958-2b77-4abe-589e-dc0c1f893514">
      <Execution id="2bc3d3a7-ef43-41b5-9964-8878f0f464d3" />
      <TestMethod codeBase="C:/Users/pdinges/Documents/Visual Studio 2010/Projects/ClassLibrary2/CoralTest/bin/Debug/CoralTest.DLL" adapterTypeName="Microsoft.VisualStudio.TestTools.TestTypes.Unit.UnitTestAdapter, Microsoft.VisualStudio.QualityTools.Tips.UnitTest.Adapter, Version=10.0.0.0, Culture=neutral, PublicKeyToken=b03f5f7f11d50a3a" className="Coral.Tests.JPFBenchmark, CoralTest, Version=1.0.0.0, Culture=neutral, PublicKeyToken=null" name="Benchmark56205" />
    </UnitTest>
    <UnitTest name="Benchmark2266" storage="c:\users\pdinges\documents\visual studio 2010\projects\classlibrary2\coraltest\bin\debug\coraltest.dll" id="f7ae8add-ef07-aba3-57be-694fe4708215">
      <Execution id="71f72a90-b9df-482a-bf18-d07eeddfe8c4" />
      <TestMethod codeBase="C:/Users/pdinges/Documents/Visual Studio 2010/Projects/ClassLibrary2/CoralTest/bin/Debug/CoralTest.DLL" adapterTypeName="Microsoft.VisualStudio.TestTools.TestTypes.Unit.UnitTestAdapter, Microsoft.VisualStudio.QualityTools.Tips.UnitTest.Adapter, Version=10.0.0.0, Culture=neutral, PublicKeyToken=b03f5f7f11d50a3a" className="Coral.Tests.JPFBenchmark, CoralTest, Version=1.0.0.0, Culture=neutral, PublicKeyToken=null" name="Benchmark2266" />
    </UnitTest>
    <UnitTest name="Benchmark49886" storage="c:\users\pdinges\documents\visual studio 2010\projects\classlibrary2\coraltest\bin\debug\coraltest.dll" id="a0c25ac8-77f7-ae81-c266-bbeccece1d9b">
      <Execution id="d69fcd6b-d472-4584-a42c-900daa1e3deb" />
      <TestMethod codeBase="C:/Users/pdinges/Documents/Visual Studio 2010/Projects/ClassLibrary2/CoralTest/bin/Debug/CoralTest.DLL" adapterTypeName="Microsoft.VisualStudio.TestTools.TestTypes.Unit.UnitTestAdapter, Microsoft.VisualStudio.QualityTools.Tips.UnitTest.Adapter, Version=10.0.0.0, Culture=neutral, PublicKeyToken=b03f5f7f11d50a3a" className="Coral.Tests.JPFBenchmark, CoralTest, Version=1.0.0.0, Culture=neutral, PublicKeyToken=null" name="Benchmark49886" />
    </UnitTest>
    <UnitTest name="Benchmark2255" storage="c:\users\pdinges\documents\visual studio 2010\projects\classlibrary2\coraltest\bin\debug\coraltest.dll" id="40fa787d-4cfa-2f80-f0da-cf753316edaa">
      <Execution id="46637c30-dff6-444e-935a-332fb69fd9dd" />
      <TestMethod codeBase="C:/Users/pdinges/Documents/Visual Studio 2010/Projects/ClassLibrary2/CoralTest/bin/Debug/CoralTest.DLL" adapterTypeName="Microsoft.VisualStudio.TestTools.TestTypes.Unit.UnitTestAdapter, Microsoft.VisualStudio.QualityTools.Tips.UnitTest.Adapter, Version=10.0.0.0, Culture=neutral, PublicKeyToken=b03f5f7f11d50a3a" className="Coral.Tests.JPFBenchmark, CoralTest, Version=1.0.0.0, Culture=neutral, PublicKeyToken=null" name="Benchmark2255" />
    </UnitTest>
    <UnitTest name="Benchmark45889" storage="c:\users\pdinges\documents\visual studio 2010\projects\classlibrary2\coraltest\bin\debug\coraltest.dll" id="593a7f3f-9855-d58d-08c1-a269da51c6ae">
      <Execution id="37f4d3d5-7ccc-4aa8-9475-15a10b5ef941" />
      <TestMethod codeBase="C:/Users/pdinges/Documents/Visual Studio 2010/Projects/ClassLibrary2/CoralTest/bin/Debug/CoralTest.DLL" adapterTypeName="Microsoft.VisualStudio.TestTools.TestTypes.Unit.UnitTestAdapter, Microsoft.VisualStudio.QualityTools.Tips.UnitTest.Adapter, Version=10.0.0.0, Culture=neutral, PublicKeyToken=b03f5f7f11d50a3a" className="Coral.Tests.JPFBenchmark, CoralTest, Version=1.0.0.0, Culture=neutral, PublicKeyToken=null" name="Benchmark45889" />
    </UnitTest>
    <UnitTest name="Benchmark11527" storage="c:\users\pdinges\documents\visual studio 2010\projects\classlibrary2\coraltest\bin\debug\coraltest.dll" id="c542254f-63a2-8c4c-d54c-88872d99eebc">
      <Execution id="238fd424-896f-413d-b9e3-78b9dc570c43" />
      <TestMethod codeBase="C:/Users/pdinges/Documents/Visual Studio 2010/Projects/ClassLibrary2/CoralTest/bin/Debug/CoralTest.DLL" adapterTypeName="Microsoft.VisualStudio.TestTools.TestTypes.Unit.UnitTestAdapter, Microsoft.VisualStudio.QualityTools.Tips.UnitTest.Adapter, Version=10.0.0.0, Culture=neutral, PublicKeyToken=b03f5f7f11d50a3a" className="Coral.Tests.JPFBenchmark, CoralTest, Version=1.0.0.0, Culture=neutral, PublicKeyToken=null" name="Benchmark11527" />
    </UnitTest>
    <UnitTest name="Benchmark0213" storage="c:\users\pdinges\documents\visual studio 2010\projects\classlibrary2\coraltest\bin\debug\coraltest.dll" id="471b03b9-d279-872f-3174-1fe67143fe14">
      <Execution id="8061dd92-c543-4ec3-914c-0c08d038fcca" />
      <TestMethod codeBase="C:/Users/pdinges/Documents/Visual Studio 2010/Projects/ClassLibrary2/CoralTest/bin/Debug/CoralTest.DLL" adapterTypeName="Microsoft.VisualStudio.TestTools.TestTypes.Unit.UnitTestAdapter, Microsoft.VisualStudio.QualityTools.Tips.UnitTest.Adapter, Version=10.0.0.0, Culture=neutral, PublicKeyToken=b03f5f7f11d50a3a" className="Coral.Tests.JPFBenchmark, CoralTest, Version=1.0.0.0, Culture=neutral, PublicKeyToken=null" name="Benchmark0213" />
    </UnitTest>
    <UnitTest name="Benchmark25470" storage="c:\users\pdinges\documents\visual studio 2010\projects\classlibrary2\coraltest\bin\debug\coraltest.dll" id="2dd6016b-1704-ddd4-3f38-427b3c5359c5">
      <Execution id="163718fc-06f2-4126-a694-7ec60ab01495" />
      <TestMethod codeBase="C:/Users/pdinges/Documents/Visual Studio 2010/Projects/ClassLibrary2/CoralTest/bin/Debug/CoralTest.DLL" adapterTypeName="Microsoft.VisualStudio.TestTools.TestTypes.Unit.UnitTestAdapter, Microsoft.VisualStudio.QualityTools.Tips.UnitTest.Adapter, Version=10.0.0.0, Culture=neutral, PublicKeyToken=b03f5f7f11d50a3a" className="Coral.Tests.JPFBenchmark, CoralTest, Version=1.0.0.0, Culture=neutral, PublicKeyToken=null" name="Benchmark25470" />
    </UnitTest>
    <UnitTest name="Benchmark10770" storage="c:\users\pdinges\documents\visual studio 2010\projects\classlibrary2\coraltest\bin\debug\coraltest.dll" id="63d1d65d-53c5-45d6-261e-6b5e6953c514">
      <Execution id="80de8427-f2cd-45a4-b6c2-13b8799dfd63" />
      <TestMethod codeBase="C:/Users/pdinges/Documents/Visual Studio 2010/Projects/ClassLibrary2/CoralTest/bin/Debug/CoralTest.DLL" adapterTypeName="Microsoft.VisualStudio.TestTools.TestTypes.Unit.UnitTestAdapter, Microsoft.VisualStudio.QualityTools.Tips.UnitTest.Adapter, Version=10.0.0.0, Culture=neutral, PublicKeyToken=b03f5f7f11d50a3a" className="Coral.Tests.JPFBenchmark, CoralTest, Version=1.0.0.0, Culture=neutral, PublicKeyToken=null" name="Benchmark10770" />
    </UnitTest>
    <UnitTest name="Benchmark02886" storage="c:\users\pdinges\documents\visual studio 2010\projects\classlibrary2\coraltest\bin\debug\coraltest.dll" id="151dd2b7-a51c-16a7-c6ca-5cf1dfb4313e">
      <Execution id="b686326b-5ef8-489b-bdc8-dc4b5a8ba7f9" />
      <TestMethod codeBase="C:/Users/pdinges/Documents/Visual Studio 2010/Projects/ClassLibrary2/CoralTest/bin/Debug/CoralTest.DLL" adapterTypeName="Microsoft.VisualStudio.TestTools.TestTypes.Unit.UnitTestAdapter, Microsoft.VisualStudio.QualityTools.Tips.UnitTest.Adapter, Version=10.0.0.0, Culture=neutral, PublicKeyToken=b03f5f7f11d50a3a" className="Coral.Tests.JPFBenchmark, CoralTest, Version=1.0.0.0, Culture=neutral, PublicKeyToken=null" name="Benchmark02886" />
    </UnitTest>
    <UnitTest name="Benchmark47513" storage="c:\users\pdinges\documents\visual studio 2010\projects\classlibrary2\coraltest\bin\debug\coraltest.dll" id="677d44da-db2c-d045-5edb-258e551c8b6c">
      <Execution id="0142d0a3-e809-460c-bb26-6f26659f131c" />
      <TestMethod codeBase="C:/Users/pdinges/Documents/Visual Studio 2010/Projects/ClassLibrary2/CoralTest/bin/Debug/CoralTest.DLL" adapterTypeName="Microsoft.VisualStudio.TestTools.TestTypes.Unit.UnitTestAdapter, Microsoft.VisualStudio.QualityTools.Tips.UnitTest.Adapter, Version=10.0.0.0, Culture=neutral, PublicKeyToken=b03f5f7f11d50a3a" className="Coral.Tests.JPFBenchmark, CoralTest, Version=1.0.0.0, Culture=neutral, PublicKeyToken=null" name="Benchmark47513" />
    </UnitTest>
    <UnitTest name="Benchmark50427" storage="c:\users\pdinges\documents\visual studio 2010\projects\classlibrary2\coraltest\bin\debug\coraltest.dll" id="8432c95f-a1e1-269b-2310-832b7a00d5aa">
      <Execution id="93597ae2-2c5f-441b-9ab1-f61e6aee3527" />
      <TestMethod codeBase="C:/Users/pdinges/Documents/Visual Studio 2010/Projects/ClassLibrary2/CoralTest/bin/Debug/CoralTest.DLL" adapterTypeName="Microsoft.VisualStudio.TestTools.TestTypes.Unit.UnitTestAdapter, Microsoft.VisualStudio.QualityTools.Tips.UnitTest.Adapter, Version=10.0.0.0, Culture=neutral, PublicKeyToken=b03f5f7f11d50a3a" className="Coral.Tests.JPFBenchmark, CoralTest, Version=1.0.0.0, Culture=neutral, PublicKeyToken=null" name="Benchmark50427" />
    </UnitTest>
    <UnitTest name="Benchmark04599" storage="c:\users\pdinges\documents\visual studio 2010\projects\classlibrary2\coraltest\bin\debug\coraltest.dll" id="bfac7691-7be9-4137-33fe-3c12e0cc3df8">
      <Execution id="3afdb614-cbbc-4704-9bb2-c742bd611b89" />
      <TestMethod codeBase="C:/Users/pdinges/Documents/Visual Studio 2010/Projects/ClassLibrary2/CoralTest/bin/Debug/CoralTest.DLL" adapterTypeName="Microsoft.VisualStudio.TestTools.TestTypes.Unit.UnitTestAdapter, Microsoft.VisualStudio.QualityTools.Tips.UnitTest.Adapter, Version=10.0.0.0, Culture=neutral, PublicKeyToken=b03f5f7f11d50a3a" className="Coral.Tests.JPFBenchmark, CoralTest, Version=1.0.0.0, Culture=neutral, PublicKeyToken=null" name="Benchmark04599" />
    </UnitTest>
    <UnitTest name="Benchmark3823" storage="c:\users\pdinges\documents\visual studio 2010\projects\classlibrary2\coraltest\bin\debug\coraltest.dll" id="46265898-d520-a288-6c3e-2af8c5ccb3b8">
      <Execution id="acb4828c-c80c-4e8e-8dc3-0dae25c1dce9" />
      <TestMethod codeBase="C:/Users/pdinges/Documents/Visual Studio 2010/Projects/ClassLibrary2/CoralTest/bin/Debug/CoralTest.DLL" adapterTypeName="Microsoft.VisualStudio.TestTools.TestTypes.Unit.UnitTestAdapter, Microsoft.VisualStudio.QualityTools.Tips.UnitTest.Adapter, Version=10.0.0.0, Culture=neutral, PublicKeyToken=b03f5f7f11d50a3a" className="Coral.Tests.JPFBenchmark, CoralTest, Version=1.0.0.0, Culture=neutral, PublicKeyToken=null" name="Benchmark3823" />
    </UnitTest>
    <UnitTest name="Benchmark09886" storage="c:\users\pdinges\documents\visual studio 2010\projects\classlibrary2\coraltest\bin\debug\coraltest.dll" id="6aa7c51e-a721-2857-d188-aea15f282f3a">
      <Execution id="4dcb7952-8b77-4705-9ce7-c317fd098fa4" />
      <TestMethod codeBase="C:/Users/pdinges/Documents/Visual Studio 2010/Projects/ClassLibrary2/CoralTest/bin/Debug/CoralTest.DLL" adapterTypeName="Microsoft.VisualStudio.TestTools.TestTypes.Unit.UnitTestAdapter, Microsoft.VisualStudio.QualityTools.Tips.UnitTest.Adapter, Version=10.0.0.0, Culture=neutral, PublicKeyToken=b03f5f7f11d50a3a" className="Coral.Tests.JPFBenchmark, CoralTest, Version=1.0.0.0, Culture=neutral, PublicKeyToken=null" name="Benchmark09886" />
    </UnitTest>
    <UnitTest name="Benchmark18599" storage="c:\users\pdinges\documents\visual studio 2010\projects\classlibrary2\coraltest\bin\debug\coraltest.dll" id="f6726ffd-66fe-b837-67de-f055a95be229">
      <Execution id="808f7d88-d8b2-4498-b61a-9cbd97abaaae" />
      <TestMethod codeBase="C:/Users/pdinges/Documents/Visual Studio 2010/Projects/ClassLibrary2/CoralTest/bin/Debug/CoralTest.DLL" adapterTypeName="Microsoft.VisualStudio.TestTools.TestTypes.Unit.UnitTestAdapter, Microsoft.VisualStudio.QualityTools.Tips.UnitTest.Adapter, Version=10.0.0.0, Culture=neutral, PublicKeyToken=b03f5f7f11d50a3a" className="Coral.Tests.JPFBenchmark, CoralTest, Version=1.0.0.0, Culture=neutral, PublicKeyToken=null" name="Benchmark18599" />
    </UnitTest>
    <UnitTest name="Benchmark13527" storage="c:\users\pdinges\documents\visual studio 2010\projects\classlibrary2\coraltest\bin\debug\coraltest.dll" id="e44d8f41-3ba0-0154-19e3-e32230cfae8f">
      <Execution id="f7a8252a-f7ab-40da-917a-42864e923379" />
      <TestMethod codeBase="C:/Users/pdinges/Documents/Visual Studio 2010/Projects/ClassLibrary2/CoralTest/bin/Debug/CoralTest.DLL" adapterTypeName="Microsoft.VisualStudio.TestTools.TestTypes.Unit.UnitTestAdapter, Microsoft.VisualStudio.QualityTools.Tips.UnitTest.Adapter, Version=10.0.0.0, Culture=neutral, PublicKeyToken=b03f5f7f11d50a3a" className="Coral.Tests.JPFBenchmark, CoralTest, Version=1.0.0.0, Culture=neutral, PublicKeyToken=null" name="Benchmark13527" />
    </UnitTest>
    <UnitTest name="Benchmark06434" storage="c:\users\pdinges\documents\visual studio 2010\projects\classlibrary2\coraltest\bin\debug\coraltest.dll" id="98c96c3c-afb5-f932-7834-1d53dbf873b3">
      <Execution id="c500e436-db97-42d7-84af-2417ebe20b5f" />
      <TestMethod codeBase="C:/Users/pdinges/Documents/Visual Studio 2010/Projects/ClassLibrary2/CoralTest/bin/Debug/CoralTest.DLL" adapterTypeName="Microsoft.VisualStudio.TestTools.TestTypes.Unit.UnitTestAdapter, Microsoft.VisualStudio.QualityTools.Tips.UnitTest.Adapter, Version=10.0.0.0, Culture=neutral, PublicKeyToken=b03f5f7f11d50a3a" className="Coral.Tests.JPFBenchmark, CoralTest, Version=1.0.0.0, Culture=neutral, PublicKeyToken=null" name="Benchmark06434" />
    </UnitTest>
    <UnitTest name="Benchmark01933" storage="c:\users\pdinges\documents\visual studio 2010\projects\classlibrary2\coraltest\bin\debug\coraltest.dll" id="7e32df6a-f6b3-6b26-76a1-abd7c99b51fc">
      <Execution id="c2d2e532-4e29-4616-8e32-5613d3cd83b7" />
      <TestMethod codeBase="C:/Users/pdinges/Documents/Visual Studio 2010/Projects/ClassLibrary2/CoralTest/bin/Debug/CoralTest.DLL" adapterTypeName="Microsoft.VisualStudio.TestTools.TestTypes.Unit.UnitTestAdapter, Microsoft.VisualStudio.QualityTools.Tips.UnitTest.Adapter, Version=10.0.0.0, Culture=neutral, PublicKeyToken=b03f5f7f11d50a3a" className="Coral.Tests.JPFBenchmark, CoralTest, Version=1.0.0.0, Culture=neutral, PublicKeyToken=null" name="Benchmark01933" />
    </UnitTest>
    <UnitTest name="Benchmark61668" storage="c:\users\pdinges\documents\visual studio 2010\projects\classlibrary2\coraltest\bin\debug\coraltest.dll" id="a7234df5-1956-bf46-51e4-7742bcf0e68e">
      <Execution id="5a9caa45-5bdb-432b-9846-9849ac5c1e19" />
      <TestMethod codeBase="C:/Users/pdinges/Documents/Visual Studio 2010/Projects/ClassLibrary2/CoralTest/bin/Debug/CoralTest.DLL" adapterTypeName="Microsoft.VisualStudio.TestTools.TestTypes.Unit.UnitTestAdapter, Microsoft.VisualStudio.QualityTools.Tips.UnitTest.Adapter, Version=10.0.0.0, Culture=neutral, PublicKeyToken=b03f5f7f11d50a3a" className="Coral.Tests.JPFBenchmark, CoralTest, Version=1.0.0.0, Culture=neutral, PublicKeyToken=null" name="Benchmark61668" />
    </UnitTest>
    <UnitTest name="Benchmark46424" storage="c:\users\pdinges\documents\visual studio 2010\projects\classlibrary2\coraltest\bin\debug\coraltest.dll" id="91df4a1f-6498-5355-3ce7-5a6170dbc3ff">
      <Execution id="e62893e2-76ad-4658-9702-b5c4255e41ec" />
      <TestMethod codeBase="C:/Users/pdinges/Documents/Visual Studio 2010/Projects/ClassLibrary2/CoralTest/bin/Debug/CoralTest.DLL" adapterTypeName="Microsoft.VisualStudio.TestTools.TestTypes.Unit.UnitTestAdapter, Microsoft.VisualStudio.QualityTools.Tips.UnitTest.Adapter, Version=10.0.0.0, Culture=neutral, PublicKeyToken=b03f5f7f11d50a3a" className="Coral.Tests.JPFBenchmark, CoralTest, Version=1.0.0.0, Culture=neutral, PublicKeyToken=null" name="Benchmark46424" />
    </UnitTest>
    <UnitTest name="Benchmark43542" storage="c:\users\pdinges\documents\visual studio 2010\projects\classlibrary2\coraltest\bin\debug\coraltest.dll" id="ee4ad0c7-508a-677c-5eb1-29349cc63245">
      <Execution id="e3a9e965-ccb8-49ca-8379-bc4d3d9fd9a3" />
      <TestMethod codeBase="C:/Users/pdinges/Documents/Visual Studio 2010/Projects/ClassLibrary2/CoralTest/bin/Debug/CoralTest.DLL" adapterTypeName="Microsoft.VisualStudio.TestTools.TestTypes.Unit.UnitTestAdapter, Microsoft.VisualStudio.QualityTools.Tips.UnitTest.Adapter, Version=10.0.0.0, Culture=neutral, PublicKeyToken=b03f5f7f11d50a3a" className="Coral.Tests.JPFBenchmark, CoralTest, Version=1.0.0.0, Culture=neutral, PublicKeyToken=null" name="Benchmark43542" />
    </UnitTest>
    <UnitTest name="Benchmark61527" storage="c:\users\pdinges\documents\visual studio 2010\projects\classlibrary2\coraltest\bin\debug\coraltest.dll" id="f3c61e65-a9b0-74ff-af60-775adece49b2">
      <Execution id="3f375021-fa59-4f08-9c49-9a218f4f140a" />
      <TestMethod codeBase="C:/Users/pdinges/Documents/Visual Studio 2010/Projects/ClassLibrary2/CoralTest/bin/Debug/CoralTest.DLL" adapterTypeName="Microsoft.VisualStudio.TestTools.TestTypes.Unit.UnitTestAdapter, Microsoft.VisualStudio.QualityTools.Tips.UnitTest.Adapter, Version=10.0.0.0, Culture=neutral, PublicKeyToken=b03f5f7f11d50a3a" className="Coral.Tests.JPFBenchmark, CoralTest, Version=1.0.0.0, Culture=neutral, PublicKeyToken=null" name="Benchmark61527" />
    </UnitTest>
  </TestDefinitions>
  <TestLists>
    <TestList name="Results Not in a List" id="8c84fa94-04c1-424b-9868-57a2d4851a1d" />
    <TestList name="All Loaded Results" id="19431567-8539-422a-85d7-44ee4e166bda" />
  </TestLists>
  <TestEntries>
    <TestEntry testId="d4cb49f0-b5df-72e0-7de6-68c6b7ddcf11" executionId="3c67b56d-584c-437c-9064-d2ac0d97b104" testListId="8c84fa94-04c1-424b-9868-57a2d4851a1d" />
    <TestEntry testId="9bbe0c2c-2c51-b42e-c4bd-8f0bf53a3b9a" executionId="8ebd8626-84fb-400b-99c6-60d1646a5d24" testListId="8c84fa94-04c1-424b-9868-57a2d4851a1d" />
    <TestEntry testId="033e3568-3882-79e6-ac67-bf862f305e9f" executionId="d33217b7-db96-4242-b386-4835a1905eb4" testListId="8c84fa94-04c1-424b-9868-57a2d4851a1d" />
    <TestEntry testId="65a526d7-9c85-a175-44e4-c15556087e4e" executionId="a82f1959-3bf7-433c-8c23-0cc6f52cf343" testListId="8c84fa94-04c1-424b-9868-57a2d4851a1d" />
    <TestEntry testId="a0c25ac8-77f7-ae81-c266-bbeccece1d9b" executionId="d69fcd6b-d472-4584-a42c-900daa1e3deb" testListId="8c84fa94-04c1-424b-9868-57a2d4851a1d" />
    <TestEntry testId="63ab4fe5-47b5-bd11-de65-c0f5e6e9e0a1" executionId="06c134c7-8726-4918-a123-e7635d404fc7" testListId="8c84fa94-04c1-424b-9868-57a2d4851a1d" />
    <TestEntry testId="69f8be1f-e54a-1d0d-ee12-c8acb86b2746" executionId="024030ae-6815-4681-9c70-9e59c3789388" testListId="8c84fa94-04c1-424b-9868-57a2d4851a1d" />
    <TestEntry testId="380031dd-f422-42b4-6845-85b04a6bef7f" executionId="98677ab3-73c3-457d-b977-c48920f5dfe3" testListId="8c84fa94-04c1-424b-9868-57a2d4851a1d" />
    <TestEntry testId="2233586a-4a62-6814-93b1-dcc9c5a42f9b" executionId="7ac60e76-3a0e-4338-a70e-be4077baeba6" testListId="8c84fa94-04c1-424b-9868-57a2d4851a1d" />
    <TestEntry testId="99ccf2ac-162c-7183-e1c3-7da12fa9cd18" executionId="96bd7c3a-469a-49eb-b53d-f56a4601f5f8" testListId="8c84fa94-04c1-424b-9868-57a2d4851a1d" />
    <TestEntry testId="d54ba21a-8786-d90b-f4a2-aa0998ae25c4" executionId="7c31f48f-700e-4cd7-87f6-1cd591a175f9" testListId="8c84fa94-04c1-424b-9868-57a2d4851a1d" />
    <TestEntry testId="d9ce3ae9-60fc-6ecd-0409-e6d098667cf7" executionId="d6d6aac3-1089-442f-9256-d99e114e1467" testListId="8c84fa94-04c1-424b-9868-57a2d4851a1d" />
    <TestEntry testId="98c96c3c-afb5-f932-7834-1d53dbf873b3" executionId="c500e436-db97-42d7-84af-2417ebe20b5f" testListId="8c84fa94-04c1-424b-9868-57a2d4851a1d" />
    <TestEntry testId="f4de8b25-85aa-e7bd-45fe-386b87460f0c" executionId="c711e3ab-0c16-496e-9ead-f42f586be852" testListId="8c84fa94-04c1-424b-9868-57a2d4851a1d" />
    <TestEntry testId="21471151-1f1c-9e81-8b71-d3dea4a653b4" executionId="5e72f1f2-09c5-4f0e-a4d3-9720be4fe78f" testListId="8c84fa94-04c1-424b-9868-57a2d4851a1d" />
    <TestEntry testId="71d5ad2c-d5d4-fe67-2b56-9a99bf2d45d6" executionId="1fc6fb53-467f-439d-aa13-8635ce7f9962" testListId="8c84fa94-04c1-424b-9868-57a2d4851a1d" />
    <TestEntry testId="46265898-d520-a288-6c3e-2af8c5ccb3b8" executionId="acb4828c-c80c-4e8e-8dc3-0dae25c1dce9" testListId="8c84fa94-04c1-424b-9868-57a2d4851a1d" />
    <TestEntry testId="3f075097-e60c-b8b1-01e8-eb8bd5e1d527" executionId="91022f69-7fd6-4d93-bf5e-2446710e8281" testListId="8c84fa94-04c1-424b-9868-57a2d4851a1d" />
    <TestEntry testId="84489146-7918-d62c-1bde-1f8fe234ea85" executionId="9e433c63-b9c0-4345-9036-25de651e8e6d" testListId="8c84fa94-04c1-424b-9868-57a2d4851a1d" />
    <TestEntry testId="49af3f2f-3332-f9b8-2423-ea46f3689b29" executionId="871427f6-f61e-4e60-a095-b6484d25121d" testListId="8c84fa94-04c1-424b-9868-57a2d4851a1d" />
    <TestEntry testId="5b8c20a3-e5a5-5628-a527-d7a9996f052d" executionId="30e3b47b-2e92-449b-b036-b74fb909e2cf" testListId="8c84fa94-04c1-424b-9868-57a2d4851a1d" />
    <TestEntry testId="e399bf2d-78b7-dcb9-8832-08f8102f8e94" executionId="33f12364-897d-4609-b692-9bd46a10eb7d" testListId="8c84fa94-04c1-424b-9868-57a2d4851a1d" />
    <TestEntry testId="677d44da-db2c-d045-5edb-258e551c8b6c" executionId="0142d0a3-e809-460c-bb26-6f26659f131c" testListId="8c84fa94-04c1-424b-9868-57a2d4851a1d" />
    <TestEntry testId="d46b8ac7-f27e-4757-5b7f-acdb74c19f20" executionId="aa53654c-3737-4d98-8277-6c87f9f74d5a" testListId="8c84fa94-04c1-424b-9868-57a2d4851a1d" />
    <TestEntry testId="d1f3e266-322f-2263-74eb-dc179443af46" executionId="4b4465fb-5de8-4c65-aad8-5ef3b4bf6471" testListId="8c84fa94-04c1-424b-9868-57a2d4851a1d" />
    <TestEntry testId="286d3eee-e277-8f0a-53e6-aa0448af4420" executionId="767a09aa-0bf8-4f61-9c72-40750a39bf9f" testListId="8c84fa94-04c1-424b-9868-57a2d4851a1d" />
    <TestEntry testId="c676561f-cfa1-5dad-1e80-fbf545074a2b" executionId="b6c5a1df-30ff-4819-8314-6023f1d32b2e" testListId="8c84fa94-04c1-424b-9868-57a2d4851a1d" />
    <TestEntry testId="724f566b-6e2d-ffab-c102-9b8b53348684" executionId="2a1676a1-4519-4bd2-9257-20b92bb2ad8d" testListId="8c84fa94-04c1-424b-9868-57a2d4851a1d" />
    <TestEntry testId="91df4a1f-6498-5355-3ce7-5a6170dbc3ff" executionId="e62893e2-76ad-4658-9702-b5c4255e41ec" testListId="8c84fa94-04c1-424b-9868-57a2d4851a1d" />
    <TestEntry testId="45ce4be8-81b9-3ad9-214f-d5628d683f74" executionId="a9fd9d84-56f7-4190-bedb-f861bc148aa9" testListId="8c84fa94-04c1-424b-9868-57a2d4851a1d" />
    <TestEntry testId="236a95f4-2eda-9bbe-e90d-0898a1bcc6da" executionId="419c2b32-05a7-438b-84d9-83253c168de8" testListId="8c84fa94-04c1-424b-9868-57a2d4851a1d" />
    <TestEntry testId="a90c53e2-2b73-b220-d413-fad6bebe09f3" executionId="b2012b64-e54d-437d-802c-06f58b2d2dd2" testListId="8c84fa94-04c1-424b-9868-57a2d4851a1d" />
    <TestEntry testId="565e6340-df04-d8bc-c220-25efc6491830" executionId="ea1f52f7-4e3c-4846-b120-46f3977036b7" testListId="8c84fa94-04c1-424b-9868-57a2d4851a1d" />
    <TestEntry testId="2dd6016b-1704-ddd4-3f38-427b3c5359c5" executionId="163718fc-06f2-4126-a694-7ec60ab01495" testListId="8c84fa94-04c1-424b-9868-57a2d4851a1d" />
    <TestEntry testId="bfdd6891-2d60-d990-80cf-5935f739f690" executionId="26c5c1b2-4e51-4aa8-92e9-474ce9a1bbc6" testListId="8c84fa94-04c1-424b-9868-57a2d4851a1d" />
    <TestEntry testId="391c816b-824f-8486-fed7-539663494c0e" executionId="08e3900b-9557-4e94-8028-da6e4962ddb8" testListId="8c84fa94-04c1-424b-9868-57a2d4851a1d" />
    <TestEntry testId="bfac7691-7be9-4137-33fe-3c12e0cc3df8" executionId="3afdb614-cbbc-4704-9bb2-c742bd611b89" testListId="8c84fa94-04c1-424b-9868-57a2d4851a1d" />
    <TestEntry testId="fc404a3e-dace-0712-8c2e-68c264f0cc4a" executionId="1da5f822-50e5-4608-9d65-cd2e2de282d0" testListId="8c84fa94-04c1-424b-9868-57a2d4851a1d" />
    <TestEntry testId="a35c4210-c4f5-26f2-5a21-72e3411d1cce" executionId="dc41d933-a1eb-4899-a766-fdee401932a0" testListId="8c84fa94-04c1-424b-9868-57a2d4851a1d" />
    <TestEntry testId="c2102958-2b77-4abe-589e-dc0c1f893514" executionId="2bc3d3a7-ef43-41b5-9964-8878f0f464d3" testListId="8c84fa94-04c1-424b-9868-57a2d4851a1d" />
    <TestEntry testId="2b0ab614-27e4-9c8b-ae6f-23403264133f" executionId="05e5e718-9cc9-47b4-9fa3-e1bd76eafcd8" testListId="8c84fa94-04c1-424b-9868-57a2d4851a1d" />
    <TestEntry testId="4b93e548-172a-628f-e6ce-084c0bad4196" executionId="0643f9b7-f438-4eb9-9130-2bd5765f9755" testListId="8c84fa94-04c1-424b-9868-57a2d4851a1d" />
    <TestEntry testId="593a7f3f-9855-d58d-08c1-a269da51c6ae" executionId="37f4d3d5-7ccc-4aa8-9475-15a10b5ef941" testListId="8c84fa94-04c1-424b-9868-57a2d4851a1d" />
    <TestEntry testId="0fe66682-8e7d-0d5e-eebb-d926d39bdad3" executionId="c6218b68-7939-49b7-a8bb-5de9799ae02c" testListId="8c84fa94-04c1-424b-9868-57a2d4851a1d" />
    <TestEntry testId="46a3d3bb-48ff-3a11-77d3-54aa17ec5a7b" executionId="ffb46adc-7fc8-4159-927c-da8da7bd640c" testListId="8c84fa94-04c1-424b-9868-57a2d4851a1d" />
    <TestEntry testId="03bdaa99-287a-3380-2bef-27bec874db33" executionId="3908b168-203a-44a2-a51d-d2cecf2a991b" testListId="8c84fa94-04c1-424b-9868-57a2d4851a1d" />
    <TestEntry testId="f1ff74c8-1287-d0f5-a8b6-a53014afabec" executionId="b8d6ec0d-750d-43b3-8073-65eccde037a6" testListId="8c84fa94-04c1-424b-9868-57a2d4851a1d" />
    <TestEntry testId="4bfb2008-68d4-7161-6ad8-6ee9a4068f09" executionId="5d1ec109-e5fc-47cc-9ed1-a70ba331508f" testListId="8c84fa94-04c1-424b-9868-57a2d4851a1d" />
    <TestEntry testId="e44d8f41-3ba0-0154-19e3-e32230cfae8f" executionId="f7a8252a-f7ab-40da-917a-42864e923379" testListId="8c84fa94-04c1-424b-9868-57a2d4851a1d" />
    <TestEntry testId="e0b65adf-a9f2-79f4-10fa-05fb524d4cc4" executionId="15dd683a-35dd-4ef7-96f3-a92d56f83fd4" testListId="8c84fa94-04c1-424b-9868-57a2d4851a1d" />
    <TestEntry testId="adce73c0-ad47-e972-48a8-bf4c855937e7" executionId="b64b4422-a7dd-404e-96d1-beeb275e76a2" testListId="8c84fa94-04c1-424b-9868-57a2d4851a1d" />
    <TestEntry testId="be0fce76-cf11-380f-497f-7fbf95e4a107" executionId="e86ea07a-6b72-41bb-8a08-8f37512ccfaf" testListId="8c84fa94-04c1-424b-9868-57a2d4851a1d" />
    <TestEntry testId="b944bd30-9e8f-b56e-4d89-9c74b6d6bf85" executionId="0e9f70eb-b66d-4f4a-ae00-4e822c694269" testListId="8c84fa94-04c1-424b-9868-57a2d4851a1d" />
    <TestEntry testId="c6ba8d57-0c51-5726-c3b3-872e43666c34" executionId="d7034343-f8ed-4000-ad3f-587d2d616b8e" testListId="8c84fa94-04c1-424b-9868-57a2d4851a1d" />
    <TestEntry testId="92c52590-7a5e-60bc-8214-875e780be80e" executionId="8c0df91d-6e3b-4f7b-b998-da6f61100654" testListId="8c84fa94-04c1-424b-9868-57a2d4851a1d" />
    <TestEntry testId="d5793d2b-e81b-7811-c977-9520bbd0312d" executionId="034c1296-6d91-4905-897b-8f074368dc79" testListId="8c84fa94-04c1-424b-9868-57a2d4851a1d" />
    <TestEntry testId="dc972a0f-f3bf-98b3-246b-5ab895a7bd6e" executionId="4c319b99-0462-467e-b5eb-e57dd8ea50ab" testListId="8c84fa94-04c1-424b-9868-57a2d4851a1d" />
    <TestEntry testId="acd5c9f7-2331-9016-3ea6-a5233847f836" executionId="dd39520a-ede1-499a-8c80-03b0bed72d69" testListId="8c84fa94-04c1-424b-9868-57a2d4851a1d" />
    <TestEntry testId="743aa6cf-d810-1d0a-17b5-32c68e31b14e" executionId="81514a51-0004-4d39-8704-5bb47f7a0ddb" testListId="8c84fa94-04c1-424b-9868-57a2d4851a1d" />
    <TestEntry testId="151dd2b7-a51c-16a7-c6ca-5cf1dfb4313e" executionId="b686326b-5ef8-489b-bdc8-dc4b5a8ba7f9" testListId="8c84fa94-04c1-424b-9868-57a2d4851a1d" />
    <TestEntry testId="471b03b9-d279-872f-3174-1fe67143fe14" executionId="8061dd92-c543-4ec3-914c-0c08d038fcca" testListId="8c84fa94-04c1-424b-9868-57a2d4851a1d" />
    <TestEntry testId="a54265e6-12ed-6991-9dea-33d1c5b628d6" executionId="ec65afb5-9eca-4696-ac35-b395aa95aa24" testListId="8c84fa94-04c1-424b-9868-57a2d4851a1d" />
    <TestEntry testId="ee4ad0c7-508a-677c-5eb1-29349cc63245" executionId="e3a9e965-ccb8-49ca-8379-bc4d3d9fd9a3" testListId="8c84fa94-04c1-424b-9868-57a2d4851a1d" />
    <TestEntry testId="1bf88e80-1fe1-e8f3-2c9b-389c68123db2" executionId="ec579109-31a6-425c-a5a7-32d18fc526a0" testListId="8c84fa94-04c1-424b-9868-57a2d4851a1d" />
    <TestEntry testId="4159557a-6e39-674e-4e4c-66a92cdaaaba" executionId="d65fb062-d472-4c3a-a68f-441ed763c6e8" testListId="8c84fa94-04c1-424b-9868-57a2d4851a1d" />
    <TestEntry testId="e9a35e71-f3c0-e42a-29af-0178786ccf07" executionId="4d2155a6-79c0-4838-904b-e708f9b6e265" testListId="8c84fa94-04c1-424b-9868-57a2d4851a1d" />
    <TestEntry testId="40fa787d-4cfa-2f80-f0da-cf753316edaa" executionId="46637c30-dff6-444e-935a-332fb69fd9dd" testListId="8c84fa94-04c1-424b-9868-57a2d4851a1d" />
    <TestEntry testId="f7ae8add-ef07-aba3-57be-694fe4708215" executionId="71f72a90-b9df-482a-bf18-d07eeddfe8c4" testListId="8c84fa94-04c1-424b-9868-57a2d4851a1d" />
    <TestEntry testId="c542254f-63a2-8c4c-d54c-88872d99eebc" executionId="238fd424-896f-413d-b9e3-78b9dc570c43" testListId="8c84fa94-04c1-424b-9868-57a2d4851a1d" />
    <TestEntry testId="6aa97169-d78f-e7d9-a2d2-c8622d25a3a4" executionId="60d6cae9-0f6c-4815-b4ff-e94ce1a97c99" testListId="8c84fa94-04c1-424b-9868-57a2d4851a1d" />
    <TestEntry testId="5f8649f5-fda2-df24-1ee4-63b70147c8a9" executionId="c2703a30-c0ff-4d7b-8618-57ad903393bd" testListId="8c84fa94-04c1-424b-9868-57a2d4851a1d" />
    <TestEntry testId="7e32df6a-f6b3-6b26-76a1-abd7c99b51fc" executionId="c2d2e532-4e29-4616-8e32-5613d3cd83b7" testListId="8c84fa94-04c1-424b-9868-57a2d4851a1d" />
    <TestEntry testId="e64e8a8a-4285-7e9e-ddf9-1dd3447c6eec" executionId="5e0f2017-0105-41f7-9310-3418f530a500" testListId="8c84fa94-04c1-424b-9868-57a2d4851a1d" />
    <TestEntry testId="22f61457-1c48-6a73-6f64-01d2a3342ee9" executionId="d9183140-07e5-4228-9a88-812b3ab64673" testListId="8c84fa94-04c1-424b-9868-57a2d4851a1d" />
    <TestEntry testId="92133b18-4b6f-028c-890d-187ff30b701b" executionId="0ed0b9c5-ef10-41db-98f2-0a1033a1fcb9" testListId="8c84fa94-04c1-424b-9868-57a2d4851a1d" />
    <TestEntry testId="92ee4a80-6fe4-5ac3-c3e5-9871e46c598a" executionId="e186cebe-0712-4657-b8b4-d7ee4d3250d5" testListId="8c84fa94-04c1-424b-9868-57a2d4851a1d" />
    <TestEntry testId="8e5a8f1b-c6ff-ad54-f96e-b5df31700cc8" executionId="0d273f4b-6ae6-4ddf-9fc0-0200720d1f05" testListId="8c84fa94-04c1-424b-9868-57a2d4851a1d" />
    <TestEntry testId="7d06346b-9561-9437-b91e-9eadbc10c1dd" executionId="771a63cf-2c3d-4167-aa82-b74b7b420968" testListId="8c84fa94-04c1-424b-9868-57a2d4851a1d" />
    <TestEntry testId="46679223-27aa-44d6-ad5d-fc2ea5c6db80" executionId="7c0bb0f4-e7f4-4263-977e-97213eda8f4d" testListId="8c84fa94-04c1-424b-9868-57a2d4851a1d" />
    <TestEntry testId="912cee34-1867-5576-b760-5af516b32f62" executionId="0243e868-6347-43ef-a02a-091a8d531a1c" testListId="8c84fa94-04c1-424b-9868-57a2d4851a1d" />
    <TestEntry testId="182af570-476f-a4b5-98f7-7ff916d7258f" executionId="0e7c842d-a6bf-4fab-9b4c-35e08ab387bd" testListId="8c84fa94-04c1-424b-9868-57a2d4851a1d" />
    <TestEntry testId="05c2c361-904a-605e-5287-0fdd3aeec4b3" executionId="a7951a2a-9a7e-4458-addc-29f59bc19931" testListId="8c84fa94-04c1-424b-9868-57a2d4851a1d" />
    <TestEntry testId="5237805c-1a96-bb0a-2cf2-3505e31759b0" executionId="9f81c202-b40a-4991-8414-af4dbdc00b70" testListId="8c84fa94-04c1-424b-9868-57a2d4851a1d" />
    <TestEntry testId="7b9e8515-56e8-005c-3ec5-7a178fa0f01f" executionId="a3e65b02-a2d4-43a1-bd50-4fc2a1817dde" testListId="8c84fa94-04c1-424b-9868-57a2d4851a1d" />
    <TestEntry testId="63d1d65d-53c5-45d6-261e-6b5e6953c514" executionId="80de8427-f2cd-45a4-b6c2-13b8799dfd63" testListId="8c84fa94-04c1-424b-9868-57a2d4851a1d" />
    <TestEntry testId="fceb3d6b-cd2c-3e3b-2903-03882889bd47" executionId="f02d7f98-ecb9-45e4-b535-4d56c9a3b78a" testListId="8c84fa94-04c1-424b-9868-57a2d4851a1d" />
    <TestEntry testId="2450f477-ad9a-b249-4453-887c20465c25" executionId="5e945901-a00a-4092-8403-8eb0a36808ac" testListId="8c84fa94-04c1-424b-9868-57a2d4851a1d" />
    <TestEntry testId="3bdd185b-581f-6cd5-a500-564bc0ca5922" executionId="85dd61ac-0174-41ed-8a94-e3abcf47a2ee" testListId="8c84fa94-04c1-424b-9868-57a2d4851a1d" />
    <TestEntry testId="cf2d06ec-7cef-db3f-b5fe-f71f3847b4f1" executionId="2eb94fe4-8568-412b-99ec-f14db3f12bb9" testListId="8c84fa94-04c1-424b-9868-57a2d4851a1d" />
    <TestEntry testId="bc9a2edc-3886-8b3a-fe82-bf3dc57d020b" executionId="6f81eac1-4ade-4c30-98da-07281a2a5962" testListId="8c84fa94-04c1-424b-9868-57a2d4851a1d" />
    <TestEntry testId="e6a37c78-b9f7-813e-fc4e-4a96c525821f" executionId="edc8034c-0c5a-4334-9314-2018b28801fb" testListId="8c84fa94-04c1-424b-9868-57a2d4851a1d" />
    <TestEntry testId="f3c61e65-a9b0-74ff-af60-775adece49b2" executionId="3f375021-fa59-4f08-9c49-9a218f4f140a" testListId="8c84fa94-04c1-424b-9868-57a2d4851a1d" />
    <TestEntry testId="bf5c212c-02e6-d480-3247-123ef7896c60" executionId="696fe660-23b5-45e6-8051-d17ade9a5014" testListId="8c84fa94-04c1-424b-9868-57a2d4851a1d" />
    <TestEntry testId="033f2e6d-d115-cf9c-d524-ed0084b2b704" executionId="8eb72217-5e50-48a5-bab3-b4a997c2f666" testListId="8c84fa94-04c1-424b-9868-57a2d4851a1d" />
    <TestEntry testId="6f546662-02c3-a141-8b1e-5bc0ca9fe2c3" executionId="b8415581-5f48-42fe-b755-6b01b19fc02b" testListId="8c84fa94-04c1-424b-9868-57a2d4851a1d" />
    <TestEntry testId="a7234df5-1956-bf46-51e4-7742bcf0e68e" executionId="5a9caa45-5bdb-432b-9846-9849ac5c1e19" testListId="8c84fa94-04c1-424b-9868-57a2d4851a1d" />
    <TestEntry testId="a64020d8-229d-5e33-f15a-6523016da067" executionId="48845714-2f24-436d-924e-52aeec1e206c" testListId="8c84fa94-04c1-424b-9868-57a2d4851a1d" />
    <TestEntry testId="8432c95f-a1e1-269b-2310-832b7a00d5aa" executionId="93597ae2-2c5f-441b-9ab1-f61e6aee3527" testListId="8c84fa94-04c1-424b-9868-57a2d4851a1d" />
    <TestEntry testId="4a5d6751-77a5-243b-2219-f1fa353845dc" executionId="bf14281f-3d37-4bcc-bac9-93d480f56ff2" testListId="8c84fa94-04c1-424b-9868-57a2d4851a1d" />
    <TestEntry testId="6aa7c51e-a721-2857-d188-aea15f282f3a" executionId="4dcb7952-8b77-4705-9ce7-c317fd098fa4" testListId="8c84fa94-04c1-424b-9868-57a2d4851a1d" />
    <TestEntry testId="d9b61f00-51c6-6941-a545-7d0518d83bea" executionId="103cbbe6-3336-44c0-943f-579a94536831" testListId="8c84fa94-04c1-424b-9868-57a2d4851a1d" />
    <TestEntry testId="07e88e2c-f282-1f74-50f1-9ed7876fb4f4" executionId="e3f81ea4-a1f9-46b3-a43c-b379afba670a" testListId="8c84fa94-04c1-424b-9868-57a2d4851a1d" />
    <TestEntry testId="5763b454-0703-99a9-335e-ca9436eedabc" executionId="0bdabd87-ba39-4cac-8ba2-11af00c85504" testListId="8c84fa94-04c1-424b-9868-57a2d4851a1d" />
    <TestEntry testId="6de13134-2815-e91e-859b-fcbddc6b43f5" executionId="dd876a44-e34b-47b9-8140-b281afbc391e" testListId="8c84fa94-04c1-424b-9868-57a2d4851a1d" />
    <TestEntry testId="fa29a92a-1987-9558-10b7-6d3120284b9c" executionId="0e3c5e73-ca2c-4e1f-94f9-2f2dd181e8bd" testListId="8c84fa94-04c1-424b-9868-57a2d4851a1d" />
    <TestEntry testId="0ccd3f49-bb4a-6b73-4db4-9c68d78942bf" executionId="64e89a3d-4c55-4788-b5e5-1213926b4c50" testListId="8c84fa94-04c1-424b-9868-57a2d4851a1d" />
    <TestEntry testId="f6726ffd-66fe-b837-67de-f055a95be229" executionId="808f7d88-d8b2-4498-b61a-9cbd97abaaae" testListId="8c84fa94-04c1-424b-9868-57a2d4851a1d" />
    <TestEntry testId="ff1302f5-c36e-7072-5417-af0ec86b6a70" executionId="7d9e22a8-46a2-450e-97d8-c0869ded8bf2" testListId="8c84fa94-04c1-424b-9868-57a2d4851a1d" />
    <TestEntry testId="11386eb7-1b75-17f3-d4a3-1c43e0c69e4b" executionId="38fcedd7-fb24-46b1-b28e-85dd7f1406e8" testListId="8c84fa94-04c1-424b-9868-57a2d4851a1d" />
  </TestEntries>
  <Results>
    <UnitTestResult executionId="3c67b56d-584c-437c-9064-d2ac0d97b104" testId="d4cb49f0-b5df-72e0-7de6-68c6b7ddcf11" testName="Benchmark41871" computerName="REBECAVM" duration="00:00:00.0169382" startTime="2014-03-08T22:32:06.7702941-06:00" endTime="2014-03-08T22:32:07.7702941-06:00" testType="13cdc9d9-ddb5-4fa4-a97d-d965ccfc6d4b" outcome="Passed" testListId="8c84fa94-04c1-424b-9868-57a2d4851a1d" relativeResultsDirectory="3c67b56d-584c-437c-9064-d2ac0d97b104">
    </UnitTestResult>
    <UnitTestResult executionId="8ebd8626-84fb-400b-99c6-60d1646a5d24" testId="9bbe0c2c-2c51-b42e-c4bd-8f0bf53a3b9a" testName="Benchmark41764" computerName="REBECAVM" duration="00:00:00.0001831" startTime="2014-03-08T22:32:07.8640441-06:00" endTime="2014-03-08T22:32:07.8796691-06:00" testType="13cdc9d9-ddb5-4fa4-a97d-d965ccfc6d4b" outcome="Passed" testListId="8c84fa94-04c1-424b-9868-57a2d4851a1d" relativeResultsDirectory="8ebd8626-84fb-400b-99c6-60d1646a5d24">
    </UnitTestResult>
    <UnitTestResult executionId="d33217b7-db96-4242-b386-4835a1905eb4" testId="033e3568-3882-79e6-ac67-bf862f305e9f" testName="Benchmark20886" computerName="REBECAVM" duration="00:00:00.0003280" startTime="2014-03-08T22:32:07.9265441-06:00" endTime="2014-03-08T22:32:07.9421691-06:00" testType="13cdc9d9-ddb5-4fa4-a97d-d965ccfc6d4b" outcome="Passed" testListId="8c84fa94-04c1-424b-9868-57a2d4851a1d" relativeResultsDirectory="d33217b7-db96-4242-b386-4835a1905eb4">
    </UnitTestResult>
    <UnitTestResult executionId="a82f1959-3bf7-433c-8c23-0cc6f52cf343" testId="65a526d7-9c85-a175-44e4-c15556087e4e" testName="Benchmark20710" computerName="REBECAVM" duration="00:00:00.0003673" startTime="2014-03-08T22:32:07.9421691-06:00" endTime="2014-03-08T22:32:07.9577941-06:00" testType="13cdc9d9-ddb5-4fa4-a97d-d965ccfc6d4b" outcome="Passed" testListId="8c84fa94-04c1-424b-9868-57a2d4851a1d" relativeResultsDirectory="a82f1959-3bf7-433c-8c23-0cc6f52cf343">
      <Output>
        <StdOut>Solved 20</StdOut>
      </Output>
    </UnitTestResult>
    <UnitTestResult executionId="d69fcd6b-d472-4584-a42c-900daa1e3deb" testId="a0c25ac8-77f7-ae81-c266-bbeccece1d9b" testName="Benchmark49886" computerName="REBECAVM" duration="00:00:00.0003981" startTime="2014-03-08T22:32:07.9734191-06:00" endTime="2014-03-08T22:32:07.9890441-06:00" testType="13cdc9d9-ddb5-4fa4-a97d-d965ccfc6d4b" outcome="Passed" testListId="8c84fa94-04c1-424b-9868-57a2d4851a1d" relativeResultsDirectory="d69fcd6b-d472-4584-a42c-900daa1e3deb">
    </UnitTestResult>
    <UnitTestResult executionId="06c134c7-8726-4918-a123-e7635d404fc7" testId="63ab4fe5-47b5-bd11-de65-c0f5e6e9e0a1" testName="Benchmark49427" computerName="REBECAVM" duration="00:00:00.0002334" startTime="2014-03-08T22:32:08.0046691-06:00" endTime="2014-03-08T22:32:08.0202941-06:00" testType="13cdc9d9-ddb5-4fa4-a97d-d965ccfc6d4b" outcome="Passed" testListId="8c84fa94-04c1-424b-9868-57a2d4851a1d" relativeResultsDirectory="06c134c7-8726-4918-a123-e7635d404fc7">
    </UnitTestResult>
    <UnitTestResult executionId="024030ae-6815-4681-9c70-9e59c3789388" testId="69f8be1f-e54a-1d0d-ee12-c8acb86b2746" testName="Benchmark49587" computerName="REBECAVM" duration="00:00:00.0002275" startTime="2014-03-08T22:32:08.0359191-06:00" endTime="2014-03-08T22:32:08.0515441-06:00" testType="13cdc9d9-ddb5-4fa4-a97d-d965ccfc6d4b" outcome="Passed" testListId="8c84fa94-04c1-424b-9868-57a2d4851a1d" relativeResultsDirectory="024030ae-6815-4681-9c70-9e59c3789388">
      <Output>
        <StdOut>Solved 49</StdOut>
      </Output>
    </UnitTestResult>
    <UnitTestResult executionId="98677ab3-73c3-457d-b977-c48920f5dfe3" testId="380031dd-f422-42b4-6845-85b04a6bef7f" testName="Benchmark39886" computerName="REBECAVM" duration="00:00:00.0002936" startTime="2014-03-08T22:32:08.0671691-06:00" endTime="2014-03-08T22:32:08.0827941-06:00" testType="13cdc9d9-ddb5-4fa4-a97d-d965ccfc6d4b" outcome="Passed" testListId="8c84fa94-04c1-424b-9868-57a2d4851a1d" relativeResultsDirectory="98677ab3-73c3-457d-b977-c48920f5dfe3">
      <Output>
        <StdOut>Solved 39</StdOut>
      </Output>
    </UnitTestResult>
    <UnitTestResult executionId="7ac60e76-3a0e-4338-a70e-be4077baeba6" testId="2233586a-4a62-6814-93b1-dcc9c5a42f9b" testName="Benchmark3932" computerName="REBECAVM" duration="00:00:00.0002077" startTime="2014-03-08T22:32:08.0984191-06:00" endTime="2014-03-08T22:32:08.1140441-06:00" testType="13cdc9d9-ddb5-4fa4-a97d-d965ccfc6d4b" outcome="Passed" testListId="8c84fa94-04c1-424b-9868-57a2d4851a1d" relativeResultsDirectory="7ac60e76-3a0e-4338-a70e-be4077baeba6">
    </UnitTestResult>
    <UnitTestResult executionId="96bd7c3a-469a-49eb-b53d-f56a4601f5f8" testId="99ccf2ac-162c-7183-e1c3-7da12fa9cd18" testName="Benchmark17599" computerName="REBECAVM" duration="00:00:00.0004026" startTime="2014-03-08T22:32:08.1140441-06:00" endTime="2014-03-08T22:32:08.1296691-06:00" testType="13cdc9d9-ddb5-4fa4-a97d-d965ccfc6d4b" outcome="Passed" testListId="8c84fa94-04c1-424b-9868-57a2d4851a1d" relativeResultsDirectory="96bd7c3a-469a-49eb-b53d-f56a4601f5f8">
    </UnitTestResult>
    <UnitTestResult executionId="7c31f48f-700e-4cd7-87f6-1cd591a175f9" testId="d54ba21a-8786-d90b-f4a2-aa0998ae25c4" testName="Benchmark17618" computerName="REBECAVM" duration="00:00:00.0001750" startTime="2014-03-08T22:32:08.1452941-06:00" endTime="2014-03-08T22:32:08.1452941-06:00" testType="13cdc9d9-ddb5-4fa4-a97d-d965ccfc6d4b" outcome="Passed" testListId="8c84fa94-04c1-424b-9868-57a2d4851a1d" relativeResultsDirectory="7c31f48f-700e-4cd7-87f6-1cd591a175f9">
      <Output>
        <StdOut>Solved 17</StdOut>
      </Output>
    </UnitTestResult>
    <UnitTestResult executionId="d6d6aac3-1089-442f-9256-d99e114e1467" testId="d9ce3ae9-60fc-6ecd-0409-e6d098667cf7" testName="Benchmark06513" computerName="REBECAVM" duration="00:00:00.0008683" startTime="2014-03-08T22:32:08.1609191-06:00" endTime="2014-03-08T22:32:08.1765441-06:00" testType="13cdc9d9-ddb5-4fa4-a97d-d965ccfc6d4b" outcome="Passed" testListId="8c84fa94-04c1-424b-9868-57a2d4851a1d" relativeResultsDirectory="d6d6aac3-1089-442f-9256-d99e114e1467">
      <Output>
        <StdOut>Solved 06</StdOut>
      </Output>
    </UnitTestResult>
    <UnitTestResult executionId="c500e436-db97-42d7-84af-2417ebe20b5f" testId="98c96c3c-afb5-f932-7834-1d53dbf873b3" testName="Benchmark06434" computerName="REBECAVM" duration="00:00:00.0001545" startTime="2014-03-08T22:32:08.1765441-06:00" endTime="2014-03-08T22:32:08.1921691-06:00" testType="13cdc9d9-ddb5-4fa4-a97d-d965ccfc6d4b" outcome="Passed" testListId="8c84fa94-04c1-424b-9868-57a2d4851a1d" relativeResultsDirectory="c500e436-db97-42d7-84af-2417ebe20b5f">
    </UnitTestResult>
    <UnitTestResult executionId="c711e3ab-0c16-496e-9ead-f42f586be852" testId="f4de8b25-85aa-e7bd-45fe-386b87460f0c" testName="Benchmark48513" computerName="REBECAVM" duration="00:00:00.0003137" startTime="2014-03-08T22:32:08.2077941-06:00" endTime="2014-03-08T22:32:08.2234191-06:00" testType="13cdc9d9-ddb5-4fa4-a97d-d965ccfc6d4b" outcome="Passed" testListId="8c84fa94-04c1-424b-9868-57a2d4851a1d" relativeResultsDirectory="c711e3ab-0c16-496e-9ead-f42f586be852">
    </UnitTestResult>
    <UnitTestResult executionId="5e72f1f2-09c5-4f0e-a4d3-9720be4fe78f" testId="21471151-1f1c-9e81-8b71-d3dea4a653b4" testName="Benchmark48690" computerName="REBECAVM" duration="00:00:00.0001600" startTime="2014-03-08T22:32:08.2234191-06:00" endTime="2014-03-08T22:32:08.2390441-06:00" testType="13cdc9d9-ddb5-4fa4-a97d-d965ccfc6d4b" outcome="Passed" testListId="8c84fa94-04c1-424b-9868-57a2d4851a1d" relativeResultsDirectory="5e72f1f2-09c5-4f0e-a4d3-9720be4fe78f">
      <Output>
        <StdOut>Solved 48</StdOut>
      </Output>
    </UnitTestResult>
    <UnitTestResult executionId="1fc6fb53-467f-439d-aa13-8635ce7f9962" testId="71d5ad2c-d5d4-fe67-2b56-9a99bf2d45d6" testName="Benchmark38886" computerName="REBECAVM" duration="00:00:00.0002880" startTime="2014-03-08T22:32:08.2546691-06:00" endTime="2014-03-08T22:32:08.2546691-06:00" testType="13cdc9d9-ddb5-4fa4-a97d-d965ccfc6d4b" outcome="Passed" testListId="8c84fa94-04c1-424b-9868-57a2d4851a1d" relativeResultsDirectory="1fc6fb53-467f-439d-aa13-8635ce7f9962">
    </UnitTestResult>
    <UnitTestResult executionId="acb4828c-c80c-4e8e-8dc3-0dae25c1dce9" testId="46265898-d520-a288-6c3e-2af8c5ccb3b8" testName="Benchmark3823" computerName="REBECAVM" duration="00:00:00.0001545" startTime="2014-03-08T22:32:08.2702941-06:00" endTime="2014-03-08T22:32:08.2859191-06:00" testType="13cdc9d9-ddb5-4fa4-a97d-d965ccfc6d4b" outcome="Passed" testListId="8c84fa94-04c1-424b-9868-57a2d4851a1d" relativeResultsDirectory="acb4828c-c80c-4e8e-8dc3-0dae25c1dce9">
      <Output>
        <StdOut>Solved 38</StdOut>
      </Output>
    </UnitTestResult>
    <UnitTestResult executionId="91022f69-7fd6-4d93-bf5e-2446710e8281" testId="3f075097-e60c-b8b1-01e8-eb8bd5e1d527" testName="Benchmark27513" computerName="REBECAVM" duration="00:00:00.0003714" startTime="2014-03-08T22:32:08.2859191-06:00" endTime="2014-03-08T22:32:08.3015441-06:00" testType="13cdc9d9-ddb5-4fa4-a97d-d965ccfc6d4b" outcome="Passed" testListId="8c84fa94-04c1-424b-9868-57a2d4851a1d" relativeResultsDirectory="91022f69-7fd6-4d93-bf5e-2446710e8281">
    </UnitTestResult>
    <UnitTestResult executionId="9e433c63-b9c0-4345-9036-25de651e8e6d" testId="84489146-7918-d62c-1bde-1f8fe234ea85" testName="Benchmark27770" computerName="REBECAVM" duration="00:00:00.0001493" startTime="2014-03-08T22:32:08.3171691-06:00" endTime="2014-03-08T22:32:08.3171691-06:00" testType="13cdc9d9-ddb5-4fa4-a97d-d965ccfc6d4b" outcome="Passed" testListId="8c84fa94-04c1-424b-9868-57a2d4851a1d" relativeResultsDirectory="9e433c63-b9c0-4345-9036-25de651e8e6d">
    </UnitTestResult>
    <UnitTestResult executionId="871427f6-f61e-4e60-a095-b6484d25121d" testId="49af3f2f-3332-f9b8-2423-ea46f3689b29" testName="Benchmark27439" computerName="REBECAVM" duration="00:00:00.0001666" startTime="2014-03-08T22:32:08.3327941-06:00" endTime="2014-03-08T22:32:08.3640441-06:00" testType="13cdc9d9-ddb5-4fa4-a97d-d965ccfc6d4b" outcome="Passed" testListId="8c84fa94-04c1-424b-9868-57a2d4851a1d" relativeResultsDirectory="871427f6-f61e-4e60-a095-b6484d25121d">
      <Output>
        <StdOut>Solved 27</StdOut>
      </Output>
    </UnitTestResult>
    <UnitTestResult executionId="30e3b47b-2e92-449b-b036-b74fb909e2cf" testId="5b8c20a3-e5a5-5628-a527-d7a9996f052d" testName="Benchmark16805" computerName="REBECAVM" duration="00:00:00.0003508" startTime="2014-03-08T22:32:08.3796691-06:00" endTime="2014-03-08T22:32:08.3952941-06:00" testType="13cdc9d9-ddb5-4fa4-a97d-d965ccfc6d4b" outcome="Passed" testListId="8c84fa94-04c1-424b-9868-57a2d4851a1d" relativeResultsDirectory="30e3b47b-2e92-449b-b036-b74fb909e2cf">
    </UnitTestResult>
    <UnitTestResult executionId="33f12364-897d-4609-b692-9bd46a10eb7d" testId="e399bf2d-78b7-dcb9-8832-08f8102f8e94" testName="Benchmark05513" computerName="REBECAVM" duration="00:00:00.0003240" startTime="2014-03-08T22:32:08.4109191-06:00" endTime="2014-03-08T22:32:08.4109191-06:00" testType="13cdc9d9-ddb5-4fa4-a97d-d965ccfc6d4b" outcome="Passed" testListId="8c84fa94-04c1-424b-9868-57a2d4851a1d" relativeResultsDirectory="33f12364-897d-4609-b692-9bd46a10eb7d">
    </UnitTestResult>
    <UnitTestResult executionId="0142d0a3-e809-460c-bb26-6f26659f131c" testId="677d44da-db2c-d045-5edb-258e551c8b6c" testName="Benchmark47513" computerName="REBECAVM" duration="00:00:00.0002969" startTime="2014-03-08T22:32:08.4265441-06:00" endTime="2014-03-08T22:32:08.4421691-06:00" testType="13cdc9d9-ddb5-4fa4-a97d-d965ccfc6d4b" outcome="Passed" testListId="8c84fa94-04c1-424b-9868-57a2d4851a1d" relativeResultsDirectory="0142d0a3-e809-460c-bb26-6f26659f131c">
      <Output>
        <StdOut>Solved 47</StdOut>
      </Output>
    </UnitTestResult>
    <UnitTestResult executionId="aa53654c-3737-4d98-8277-6c87f9f74d5a" testId="d46b8ac7-f27e-4757-5b7f-acdb74c19f20" testName="Benchmark47420" computerName="REBECAVM" duration="00:00:00.0001636" startTime="2014-03-08T22:32:08.4577941-06:00" endTime="2014-03-08T22:32:08.4577941-06:00" testType="13cdc9d9-ddb5-4fa4-a97d-d965ccfc6d4b" outcome="Passed" testListId="8c84fa94-04c1-424b-9868-57a2d4851a1d" relativeResultsDirectory="aa53654c-3737-4d98-8277-6c87f9f74d5a">
    </UnitTestResult>
    <UnitTestResult executionId="4b4465fb-5de8-4c65-aad8-5ef3b4bf6471" testId="d1f3e266-322f-2263-74eb-dc179443af46" testName="Benchmark26805" computerName="REBECAVM" duration="00:00:00.0003926" startTime="2014-03-08T22:32:08.4734191-06:00" endTime="2014-03-08T22:32:08.4890441-06:00" testType="13cdc9d9-ddb5-4fa4-a97d-d965ccfc6d4b" outcome="Passed" testListId="8c84fa94-04c1-424b-9868-57a2d4851a1d" relativeResultsDirectory="4b4465fb-5de8-4c65-aad8-5ef3b4bf6471">
    </UnitTestResult>
    <UnitTestResult executionId="767a09aa-0bf8-4f61-9c72-40750a39bf9f" testId="286d3eee-e277-8f0a-53e6-aa0448af4420" testName="Benchmark26470" computerName="REBECAVM" duration="00:00:00.0001592" startTime="2014-03-08T22:32:08.5046691-06:00" endTime="2014-03-08T22:32:08.5046691-06:00" testType="13cdc9d9-ddb5-4fa4-a97d-d965ccfc6d4b" outcome="Passed" testListId="8c84fa94-04c1-424b-9868-57a2d4851a1d" relativeResultsDirectory="767a09aa-0bf8-4f61-9c72-40750a39bf9f">
    </UnitTestResult>
    <UnitTestResult executionId="b6c5a1df-30ff-4819-8314-6023f1d32b2e" testId="c676561f-cfa1-5dad-1e80-fbf545074a2b" testName="Benchmark15527" computerName="REBECAVM" duration="00:00:00.0012287" startTime="2014-03-08T22:32:08.5202941-06:00" endTime="2014-03-08T22:32:08.5359191-06:00" testType="13cdc9d9-ddb5-4fa4-a97d-d965ccfc6d4b" outcome="Passed" testListId="8c84fa94-04c1-424b-9868-57a2d4851a1d" relativeResultsDirectory="b6c5a1df-30ff-4819-8314-6023f1d32b2e">
      <Output>
        <StdOut>Solved 15</StdOut>
      </Output>
    </UnitTestResult>
    <UnitTestResult executionId="2a1676a1-4519-4bd2-9257-20b92bb2ad8d" testId="724f566b-6e2d-ffab-c102-9b8b53348684" testName="Benchmark46527" computerName="REBECAVM" duration="00:00:00.0003886" startTime="2014-03-08T22:32:08.5359191-06:00" endTime="2014-03-08T22:32:08.5515441-06:00" testType="13cdc9d9-ddb5-4fa4-a97d-d965ccfc6d4b" outcome="Passed" testListId="8c84fa94-04c1-424b-9868-57a2d4851a1d" relativeResultsDirectory="2a1676a1-4519-4bd2-9257-20b92bb2ad8d">
    </UnitTestResult>
    <UnitTestResult executionId="e62893e2-76ad-4658-9702-b5c4255e41ec" testId="91df4a1f-6498-5355-3ce7-5a6170dbc3ff" testName="Benchmark46424" computerName="REBECAVM" duration="00:00:00.0002418" startTime="2014-03-08T22:32:08.5671691-06:00" endTime="2014-03-08T22:32:08.5827941-06:00" testType="13cdc9d9-ddb5-4fa4-a97d-d965ccfc6d4b" outcome="Passed" testListId="8c84fa94-04c1-424b-9868-57a2d4851a1d" relativeResultsDirectory="e62893e2-76ad-4658-9702-b5c4255e41ec">
    </UnitTestResult>
    <UnitTestResult executionId="a9fd9d84-56f7-4190-bedb-f861bc148aa9" testId="45ce4be8-81b9-3ad9-214f-d5628d683f74" testName="Benchmark46258" computerName="REBECAVM" duration="00:00:00.0001688" startTime="2014-03-08T22:32:08.5984191-06:00" endTime="2014-03-08T22:32:08.5984191-06:00" testType="13cdc9d9-ddb5-4fa4-a97d-d965ccfc6d4b" outcome="Passed" testListId="8c84fa94-04c1-424b-9868-57a2d4851a1d" relativeResultsDirectory="a9fd9d84-56f7-4190-bedb-f861bc148aa9">
    </UnitTestResult>
    <UnitTestResult executionId="419c2b32-05a7-438b-84d9-83253c168de8" testId="236a95f4-2eda-9bbe-e90d-0898a1bcc6da" testName="Benchmark46447" computerName="REBECAVM" duration="00:00:00.0001647" startTime="2014-03-08T22:32:08.6140441-06:00" endTime="2014-03-08T22:32:08.6296691-06:00" testType="13cdc9d9-ddb5-4fa4-a97d-d965ccfc6d4b" outcome="Passed" testListId="8c84fa94-04c1-424b-9868-57a2d4851a1d" relativeResultsDirectory="419c2b32-05a7-438b-84d9-83253c168de8">
    </UnitTestResult>
    <UnitTestResult executionId="b2012b64-e54d-437d-802c-06f58b2d2dd2" testId="a90c53e2-2b73-b220-d413-fad6bebe09f3" testName="Benchmark46679" computerName="REBECAVM" duration="00:00:00.0001614" startTime="2014-03-08T22:32:08.6296691-06:00" endTime="2014-03-08T22:32:08.6452941-06:00" testType="13cdc9d9-ddb5-4fa4-a97d-d965ccfc6d4b" outcome="Passed" testListId="8c84fa94-04c1-424b-9868-57a2d4851a1d" relativeResultsDirectory="b2012b64-e54d-437d-802c-06f58b2d2dd2">
    </UnitTestResult>
    <UnitTestResult executionId="ea1f52f7-4e3c-4846-b120-46f3977036b7" testId="565e6340-df04-d8bc-c220-25efc6491830" testName="Benchmark25805" computerName="REBECAVM" duration="00:00:00.0003831" startTime="2014-03-08T22:32:08.6609191-06:00" endTime="2014-03-08T22:32:08.6609191-06:00" testType="13cdc9d9-ddb5-4fa4-a97d-d965ccfc6d4b" outcome="Passed" testListId="8c84fa94-04c1-424b-9868-57a2d4851a1d" relativeResultsDirectory="ea1f52f7-4e3c-4846-b120-46f3977036b7">
    </UnitTestResult>
    <UnitTestResult executionId="163718fc-06f2-4126-a694-7ec60ab01495" testId="2dd6016b-1704-ddd4-3f38-427b3c5359c5" testName="Benchmark25470" computerName="REBECAVM" duration="00:00:00.0001567" startTime="2014-03-08T22:32:08.6765441-06:00" endTime="2014-03-08T22:32:08.6921691-06:00" testType="13cdc9d9-ddb5-4fa4-a97d-d965ccfc6d4b" outcome="Passed" testListId="8c84fa94-04c1-424b-9868-57a2d4851a1d" relativeResultsDirectory="163718fc-06f2-4126-a694-7ec60ab01495">
    </UnitTestResult>
    <UnitTestResult executionId="26c5c1b2-4e51-4aa8-92e9-474ce9a1bbc6" testId="bfdd6891-2d60-d990-80cf-5935f739f690" testName="Benchmark14527" computerName="REBECAVM" duration="00:00:00.0003112" startTime="2014-03-08T22:32:08.7077941-06:00" endTime="2014-03-08T22:32:08.7234191-06:00" testType="13cdc9d9-ddb5-4fa4-a97d-d965ccfc6d4b" outcome="Passed" testListId="8c84fa94-04c1-424b-9868-57a2d4851a1d" relativeResultsDirectory="26c5c1b2-4e51-4aa8-92e9-474ce9a1bbc6">
      <Output>
        <StdOut>Solved 14</StdOut>
      </Output>
    </UnitTestResult>
    <UnitTestResult executionId="08e3900b-9557-4e94-8028-da6e4962ddb8" testId="391c816b-824f-8486-fed7-539663494c0e" testName="Benchmark1493" computerName="REBECAVM" duration="00:00:00.0001735" startTime="2014-03-08T22:32:08.7234191-06:00" endTime="2014-03-08T22:32:08.7390441-06:00" testType="13cdc9d9-ddb5-4fa4-a97d-d965ccfc6d4b" outcome="Passed" testListId="8c84fa94-04c1-424b-9868-57a2d4851a1d" relativeResultsDirectory="08e3900b-9557-4e94-8028-da6e4962ddb8">
    </UnitTestResult>
    <UnitTestResult executionId="3afdb614-cbbc-4704-9bb2-c742bd611b89" testId="bfac7691-7be9-4137-33fe-3c12e0cc3df8" testName="Benchmark04599" computerName="REBECAVM" duration="00:00:00.0004191" startTime="2014-03-08T22:32:08.7546691-06:00" endTime="2014-03-08T22:32:08.7702941-06:00" testType="13cdc9d9-ddb5-4fa4-a97d-d965ccfc6d4b" outcome="Passed" testListId="8c84fa94-04c1-424b-9868-57a2d4851a1d" relativeResultsDirectory="3afdb614-cbbc-4704-9bb2-c742bd611b89">
      <Output>
        <StdOut>Solved 04</StdOut>
      </Output>
    </UnitTestResult>
    <UnitTestResult executionId="1da5f822-50e5-4608-9d65-cd2e2de282d0" testId="fc404a3e-dace-0712-8c2e-68c264f0cc4a" testName="Benchmark04230" computerName="REBECAVM" duration="00:00:00.0001567" startTime="2014-03-08T22:32:08.7859191-06:00" endTime="2014-03-08T22:32:08.8015441-06:00" testType="13cdc9d9-ddb5-4fa4-a97d-d965ccfc6d4b" outcome="Passed" testListId="8c84fa94-04c1-424b-9868-57a2d4851a1d" relativeResultsDirectory="1da5f822-50e5-4608-9d65-cd2e2de282d0">
    </UnitTestResult>
    <UnitTestResult executionId="dc41d933-a1eb-4899-a766-fdee401932a0" testId="a35c4210-c4f5-26f2-5a21-72e3411d1cce" testName="Benchmark5667" computerName="REBECAVM" duration="00:00:00.0003747" startTime="2014-03-08T22:32:08.8015441-06:00" endTime="2014-03-08T22:32:08.8327941-06:00" testType="13cdc9d9-ddb5-4fa4-a97d-d965ccfc6d4b" outcome="Passed" testListId="8c84fa94-04c1-424b-9868-57a2d4851a1d" relativeResultsDirectory="dc41d933-a1eb-4899-a766-fdee401932a0">
    </UnitTestResult>
    <UnitTestResult executionId="2bc3d3a7-ef43-41b5-9964-8878f0f464d3" testId="c2102958-2b77-4abe-589e-dc0c1f893514" testName="Benchmark56205" computerName="REBECAVM" duration="00:00:00.0001603" startTime="2014-03-08T22:32:08.8327941-06:00" endTime="2014-03-08T22:32:08.8796691-06:00" testType="13cdc9d9-ddb5-4fa4-a97d-d965ccfc6d4b" outcome="Passed" testListId="8c84fa94-04c1-424b-9868-57a2d4851a1d" relativeResultsDirectory="2bc3d3a7-ef43-41b5-9964-8878f0f464d3">
      <Output>
        <StdOut>Solved 56</StdOut>
      </Output>
    </UnitTestResult>
    <UnitTestResult executionId="05e5e718-9cc9-47b4-9fa3-e1bd76eafcd8" testId="2b0ab614-27e4-9c8b-ae6f-23403264133f" testName="Benchmark45513" computerName="REBECAVM" duration="00:00:00.0003108" startTime="2014-03-08T22:32:08.8952941-06:00" endTime="2014-03-08T22:32:08.9109191-06:00" testType="13cdc9d9-ddb5-4fa4-a97d-d965ccfc6d4b" outcome="Passed" testListId="8c84fa94-04c1-424b-9868-57a2d4851a1d" relativeResultsDirectory="05e5e718-9cc9-47b4-9fa3-e1bd76eafcd8">
    </UnitTestResult>
    <UnitTestResult executionId="0643f9b7-f438-4eb9-9130-2bd5765f9755" testId="4b93e548-172a-628f-e6ce-084c0bad4196" testName="Benchmark45836" computerName="REBECAVM" duration="00:00:00.0001651" startTime="2014-03-08T22:32:08.9265441-06:00" endTime="2014-03-08T22:32:08.9265441-06:00" testType="13cdc9d9-ddb5-4fa4-a97d-d965ccfc6d4b" outcome="Passed" testListId="8c84fa94-04c1-424b-9868-57a2d4851a1d" relativeResultsDirectory="0643f9b7-f438-4eb9-9130-2bd5765f9755">
    </UnitTestResult>
    <UnitTestResult executionId="37f4d3d5-7ccc-4aa8-9475-15a10b5ef941" testId="593a7f3f-9855-d58d-08c1-a269da51c6ae" testName="Benchmark45889" computerName="REBECAVM" duration="00:00:00.0001515" startTime="2014-03-08T22:32:08.9421691-06:00" endTime="2014-03-08T22:32:08.9421691-06:00" testType="13cdc9d9-ddb5-4fa4-a97d-d965ccfc6d4b" outcome="Passed" testListId="8c84fa94-04c1-424b-9868-57a2d4851a1d" relativeResultsDirectory="37f4d3d5-7ccc-4aa8-9475-15a10b5ef941">
    </UnitTestResult>
    <UnitTestResult executionId="c6218b68-7939-49b7-a8bb-5de9799ae02c" testId="0fe66682-8e7d-0d5e-eebb-d926d39bdad3" testName="Benchmark45623" computerName="REBECAVM" duration="00:00:00.0001574" startTime="2014-03-08T22:32:08.9577941-06:00" endTime="2014-03-08T22:32:08.9734191-06:00" testType="13cdc9d9-ddb5-4fa4-a97d-d965ccfc6d4b" outcome="Passed" testListId="8c84fa94-04c1-424b-9868-57a2d4851a1d" relativeResultsDirectory="c6218b68-7939-49b7-a8bb-5de9799ae02c">
      <Output>
        <StdOut>Solved 45</StdOut>
      </Output>
    </UnitTestResult>
    <UnitTestResult executionId="ffb46adc-7fc8-4159-927c-da8da7bd640c" testId="46a3d3bb-48ff-3a11-77d3-54aa17ec5a7b" testName="Benchmark45646" computerName="REBECAVM" duration="00:00:00.0001952" startTime="2014-03-08T22:32:08.9890441-06:00" endTime="2014-03-08T22:32:08.9890441-06:00" testType="13cdc9d9-ddb5-4fa4-a97d-d965ccfc6d4b" outcome="Passed" testListId="8c84fa94-04c1-424b-9868-57a2d4851a1d" relativeResultsDirectory="ffb46adc-7fc8-4159-927c-da8da7bd640c">
    </UnitTestResult>
    <UnitTestResult executionId="3908b168-203a-44a2-a51d-d2cecf2a991b" testId="03bdaa99-287a-3380-2bef-27bec874db33" testName="Benchmark45399" computerName="REBECAVM" duration="00:00:00.0001519" startTime="2014-03-08T22:32:09.0046691-06:00" endTime="2014-03-08T22:32:09.0046691-06:00" testType="13cdc9d9-ddb5-4fa4-a97d-d965ccfc6d4b" outcome="Passed" testListId="8c84fa94-04c1-424b-9868-57a2d4851a1d" relativeResultsDirectory="3908b168-203a-44a2-a51d-d2cecf2a991b">
    </UnitTestResult>
    <UnitTestResult executionId="b8d6ec0d-750d-43b3-8073-65eccde037a6" testId="f1ff74c8-1287-d0f5-a8b6-a53014afabec" testName="Benchmark35886" computerName="REBECAVM" duration="00:00:00.0003611" startTime="2014-03-08T22:32:09.0202941-06:00" endTime="2014-03-08T22:32:09.0359191-06:00" testType="13cdc9d9-ddb5-4fa4-a97d-d965ccfc6d4b" outcome="Passed" testListId="8c84fa94-04c1-424b-9868-57a2d4851a1d" relativeResultsDirectory="b8d6ec0d-750d-43b3-8073-65eccde037a6">
      <Output>
        <StdOut>Solved 35</StdOut>
      </Output>
    </UnitTestResult>
    <UnitTestResult executionId="5d1ec109-e5fc-47cc-9ed1-a70ba331508f" testId="4bfb2008-68d4-7161-6ad8-6ee9a4068f09" testName="Benchmark35539" computerName="REBECAVM" duration="00:00:00.0001699" startTime="2014-03-08T22:32:09.0359191-06:00" endTime="2014-03-08T22:32:09.0515441-06:00" testType="13cdc9d9-ddb5-4fa4-a97d-d965ccfc6d4b" outcome="Passed" testListId="8c84fa94-04c1-424b-9868-57a2d4851a1d" relativeResultsDirectory="5d1ec109-e5fc-47cc-9ed1-a70ba331508f">
    </UnitTestResult>
    <UnitTestResult executionId="f7a8252a-f7ab-40da-917a-42864e923379" testId="e44d8f41-3ba0-0154-19e3-e32230cfae8f" testName="Benchmark13527" computerName="REBECAVM" duration="00:00:00.0017293" startTime="2014-03-08T22:32:09.0671691-06:00" endTime="2014-03-08T22:32:09.0827941-06:00" testType="13cdc9d9-ddb5-4fa4-a97d-d965ccfc6d4b" outcome="Passed" testListId="8c84fa94-04c1-424b-9868-57a2d4851a1d" relativeResultsDirectory="f7a8252a-f7ab-40da-917a-42864e923379">
      <Output>
        <StdOut>Solved 13</StdOut>
      </Output>
    </UnitTestResult>
    <UnitTestResult executionId="15dd683a-35dd-4ef7-96f3-a92d56f83fd4" testId="e0b65adf-a9f2-79f4-10fa-05fb524d4cc4" testName="Benchmark1386" computerName="REBECAVM" duration="00:00:00.0001574" startTime="2014-03-08T22:32:09.0984191-06:00" endTime="2014-03-08T22:32:09.0984191-06:00" testType="13cdc9d9-ddb5-4fa4-a97d-d965ccfc6d4b" outcome="Passed" testListId="8c84fa94-04c1-424b-9868-57a2d4851a1d" relativeResultsDirectory="15dd683a-35dd-4ef7-96f3-a92d56f83fd4">
    </UnitTestResult>
    <UnitTestResult executionId="b64b4422-a7dd-404e-96d1-beeb275e76a2" testId="adce73c0-ad47-e972-48a8-bf4c855937e7" testName="Benchmark03886" computerName="REBECAVM" duration="00:00:00.0003086" startTime="2014-03-08T22:32:09.1140441-06:00" endTime="2014-03-08T22:32:09.1296691-06:00" testType="13cdc9d9-ddb5-4fa4-a97d-d965ccfc6d4b" outcome="Passed" testListId="8c84fa94-04c1-424b-9868-57a2d4851a1d" relativeResultsDirectory="b64b4422-a7dd-404e-96d1-beeb275e76a2">
    </UnitTestResult>
    <UnitTestResult executionId="e86ea07a-6b72-41bb-8a08-8f37512ccfaf" testId="be0fce76-cf11-380f-497f-7fbf95e4a107" testName="Benchmark03543" computerName="REBECAVM" duration="00:00:00.0001556" startTime="2014-03-08T22:32:09.1452941-06:00" endTime="2014-03-08T22:32:09.1452941-06:00" testType="13cdc9d9-ddb5-4fa4-a97d-d965ccfc6d4b" outcome="Passed" testListId="8c84fa94-04c1-424b-9868-57a2d4851a1d" relativeResultsDirectory="e86ea07a-6b72-41bb-8a08-8f37512ccfaf">
      <Output>
        <StdOut>Solved 03</StdOut>
      </Output>
    </UnitTestResult>
    <UnitTestResult executionId="0e9f70eb-b66d-4f4a-ae00-4e822c694269" testId="b944bd30-9e8f-b56e-4d89-9c74b6d6bf85" testName="Benchmark44886" computerName="REBECAVM" duration="00:00:00.0003104" startTime="2014-03-08T22:32:09.1609191-06:00" endTime="2014-03-08T22:32:09.1765441-06:00" testType="13cdc9d9-ddb5-4fa4-a97d-d965ccfc6d4b" outcome="Passed" testListId="8c84fa94-04c1-424b-9868-57a2d4851a1d" relativeResultsDirectory="0e9f70eb-b66d-4f4a-ae00-4e822c694269">
    </UnitTestResult>
    <UnitTestResult executionId="d7034343-f8ed-4000-ad3f-587d2d616b8e" testId="c6ba8d57-0c51-5726-c3b3-872e43666c34" testName="Benchmark44542" computerName="REBECAVM" duration="00:00:00.0001541" startTime="2014-03-08T22:32:09.1921691-06:00" endTime="2014-03-08T22:32:09.1921691-06:00" testType="13cdc9d9-ddb5-4fa4-a97d-d965ccfc6d4b" outcome="Passed" testListId="8c84fa94-04c1-424b-9868-57a2d4851a1d" relativeResultsDirectory="d7034343-f8ed-4000-ad3f-587d2d616b8e">
      <Output>
        <StdOut>Solved 44</StdOut>
      </Output>
    </UnitTestResult>
    <UnitTestResult executionId="8c0df91d-6e3b-4f7b-b998-da6f61100654" testId="92c52590-7a5e-60bc-8214-875e780be80e" testName="Benchmark34599" computerName="REBECAVM" duration="00:00:00.0002829" startTime="2014-03-08T22:32:09.2077941-06:00" endTime="2014-03-08T22:32:09.2077941-06:00" testType="13cdc9d9-ddb5-4fa4-a97d-d965ccfc6d4b" outcome="Passed" testListId="8c84fa94-04c1-424b-9868-57a2d4851a1d" relativeResultsDirectory="8c0df91d-6e3b-4f7b-b998-da6f61100654">
      <Output>
        <StdOut>Solved 34</StdOut>
      </Output>
    </UnitTestResult>
    <UnitTestResult executionId="034c1296-6d91-4905-897b-8f074368dc79" testId="d5793d2b-e81b-7811-c977-9520bbd0312d" testName="Benchmark34477" computerName="REBECAVM" duration="00:00:00.0001464" startTime="2014-03-08T22:32:09.2234191-06:00" endTime="2014-03-08T22:32:09.2390441-06:00" testType="13cdc9d9-ddb5-4fa4-a97d-d965ccfc6d4b" outcome="Passed" testListId="8c84fa94-04c1-424b-9868-57a2d4851a1d" relativeResultsDirectory="034c1296-6d91-4905-897b-8f074368dc79">
    </UnitTestResult>
    <UnitTestResult executionId="4c319b99-0462-467e-b5eb-e57dd8ea50ab" testId="dc972a0f-f3bf-98b3-246b-5ab895a7bd6e" testName="Benchmark23527" computerName="REBECAVM" duration="00:00:00.0003699" startTime="2014-03-08T22:32:09.2390441-06:00" endTime="2014-03-08T22:32:09.2546691-06:00" testType="13cdc9d9-ddb5-4fa4-a97d-d965ccfc6d4b" outcome="Passed" testListId="8c84fa94-04c1-424b-9868-57a2d4851a1d" relativeResultsDirectory="4c319b99-0462-467e-b5eb-e57dd8ea50ab">
    </UnitTestResult>
    <UnitTestResult executionId="dd39520a-ede1-499a-8c80-03b0bed72d69" testId="acd5c9f7-2331-9016-3ea6-a5233847f836" testName="Benchmark12527" computerName="REBECAVM" duration="00:00:00.0005226" startTime="2014-03-08T22:32:09.2546691-06:00" endTime="2014-03-08T22:32:09.2702941-06:00" testType="13cdc9d9-ddb5-4fa4-a97d-d965ccfc6d4b" outcome="Passed" testListId="8c84fa94-04c1-424b-9868-57a2d4851a1d" relativeResultsDirectory="dd39520a-ede1-499a-8c80-03b0bed72d69">
      <Output>
        <StdOut>Solved 12</StdOut>
      </Output>
    </UnitTestResult>
    <UnitTestResult executionId="81514a51-0004-4d39-8704-5bb47f7a0ddb" testId="743aa6cf-d810-1d0a-17b5-32c68e31b14e" testName="Benchmark12547" computerName="REBECAVM" duration="00:00:00.0002022" startTime="2014-03-08T22:32:09.2859191-06:00" endTime="2014-03-08T22:32:09.2859191-06:00" testType="13cdc9d9-ddb5-4fa4-a97d-d965ccfc6d4b" outcome="Passed" testListId="8c84fa94-04c1-424b-9868-57a2d4851a1d" relativeResultsDirectory="81514a51-0004-4d39-8704-5bb47f7a0ddb">
    </UnitTestResult>
    <UnitTestResult executionId="b686326b-5ef8-489b-bdc8-dc4b5a8ba7f9" testId="151dd2b7-a51c-16a7-c6ca-5cf1dfb4313e" testName="Benchmark02886" computerName="REBECAVM" duration="00:00:00.0003277" startTime="2014-03-08T22:32:09.3015441-06:00" endTime="2014-03-08T22:32:09.3015441-06:00" testType="13cdc9d9-ddb5-4fa4-a97d-d965ccfc6d4b" outcome="Passed" testListId="8c84fa94-04c1-424b-9868-57a2d4851a1d" relativeResultsDirectory="b686326b-5ef8-489b-bdc8-dc4b5a8ba7f9">
      <Output>
        <StdOut>Solved 02</StdOut>
      </Output>
    </UnitTestResult>
    <UnitTestResult executionId="8061dd92-c543-4ec3-914c-0c08d038fcca" testId="471b03b9-d279-872f-3174-1fe67143fe14" testName="Benchmark0213" computerName="REBECAVM" duration="00:00:00.0001523" startTime="2014-03-08T22:32:09.3171691-06:00" endTime="2014-03-08T22:32:09.3327941-06:00" testType="13cdc9d9-ddb5-4fa4-a97d-d965ccfc6d4b" outcome="Passed" testListId="8c84fa94-04c1-424b-9868-57a2d4851a1d" relativeResultsDirectory="8061dd92-c543-4ec3-914c-0c08d038fcca">
    </UnitTestResult>
    <UnitTestResult executionId="ec65afb5-9eca-4696-ac35-b395aa95aa24" testId="a54265e6-12ed-6991-9dea-33d1c5b628d6" testName="Benchmark43886" computerName="REBECAVM" duration="00:00:00.0003159" startTime="2014-03-08T22:32:09.3327941-06:00" endTime="2014-03-08T22:32:09.3484191-06:00" testType="13cdc9d9-ddb5-4fa4-a97d-d965ccfc6d4b" outcome="Passed" testListId="8c84fa94-04c1-424b-9868-57a2d4851a1d" relativeResultsDirectory="ec65afb5-9eca-4696-ac35-b395aa95aa24">
    </UnitTestResult>
    <UnitTestResult executionId="e3a9e965-ccb8-49ca-8379-bc4d3d9fd9a3" testId="ee4ad0c7-508a-677c-5eb1-29349cc63245" testName="Benchmark43542" computerName="REBECAVM" duration="00:00:00.0001688" startTime="2014-03-08T22:32:09.3484191-06:00" endTime="2014-03-08T22:32:09.3640441-06:00" testType="13cdc9d9-ddb5-4fa4-a97d-d965ccfc6d4b" outcome="Passed" testListId="8c84fa94-04c1-424b-9868-57a2d4851a1d" relativeResultsDirectory="e3a9e965-ccb8-49ca-8379-bc4d3d9fd9a3">
    </UnitTestResult>
    <UnitTestResult executionId="ec579109-31a6-425c-a5a7-32d18fc526a0" testId="1bf88e80-1fe1-e8f3-2c9b-389c68123db2" testName="Benchmark43926" computerName="REBECAVM" duration="00:00:00.0001581" startTime="2014-03-08T22:32:09.3796691-06:00" endTime="2014-03-08T22:32:09.3796691-06:00" testType="13cdc9d9-ddb5-4fa4-a97d-d965ccfc6d4b" outcome="Passed" testListId="8c84fa94-04c1-424b-9868-57a2d4851a1d" relativeResultsDirectory="ec579109-31a6-425c-a5a7-32d18fc526a0">
      <Output>
        <StdOut>Solved 43</StdOut>
      </Output>
    </UnitTestResult>
    <UnitTestResult executionId="d65fb062-d472-4c3a-a68f-441ed763c6e8" testId="4159557a-6e39-674e-4e4c-66a92cdaaaba" testName="Benchmark33599" computerName="REBECAVM" duration="00:00:00.0002972" startTime="2014-03-08T22:32:09.3952941-06:00" endTime="2014-03-08T22:32:09.4109191-06:00" testType="13cdc9d9-ddb5-4fa4-a97d-d965ccfc6d4b" outcome="Passed" testListId="8c84fa94-04c1-424b-9868-57a2d4851a1d" relativeResultsDirectory="d65fb062-d472-4c3a-a68f-441ed763c6e8">
    </UnitTestResult>
    <UnitTestResult executionId="4d2155a6-79c0-4838-904b-e708f9b6e265" testId="e9a35e71-f3c0-e42a-29af-0178786ccf07" testName="Benchmark33618" computerName="REBECAVM" duration="00:00:00.0001717" startTime="2014-03-08T22:32:09.4109191-06:00" endTime="2014-03-08T22:32:09.4265441-06:00" testType="13cdc9d9-ddb5-4fa4-a97d-d965ccfc6d4b" outcome="Passed" testListId="8c84fa94-04c1-424b-9868-57a2d4851a1d" relativeResultsDirectory="4d2155a6-79c0-4838-904b-e708f9b6e265">
      <Output>
        <StdOut>Solved 33</StdOut>
      </Output>
    </UnitTestResult>
    <UnitTestResult executionId="46637c30-dff6-444e-935a-332fb69fd9dd" testId="40fa787d-4cfa-2f80-f0da-cf753316edaa" testName="Benchmark2255" computerName="REBECAVM" duration="00:00:00.0003695" startTime="2014-03-08T22:32:09.4421691-06:00" endTime="2014-03-08T22:32:09.4421691-06:00" testType="13cdc9d9-ddb5-4fa4-a97d-d965ccfc6d4b" outcome="Passed" testListId="8c84fa94-04c1-424b-9868-57a2d4851a1d" relativeResultsDirectory="46637c30-dff6-444e-935a-332fb69fd9dd">
    </UnitTestResult>
    <UnitTestResult executionId="71f72a90-b9df-482a-bf18-d07eeddfe8c4" testId="f7ae8add-ef07-aba3-57be-694fe4708215" testName="Benchmark2266" computerName="REBECAVM" duration="00:00:00.0001578" startTime="2014-03-08T22:32:09.4577941-06:00" endTime="2014-03-08T22:32:09.4734191-06:00" testType="13cdc9d9-ddb5-4fa4-a97d-d965ccfc6d4b" outcome="Passed" testListId="8c84fa94-04c1-424b-9868-57a2d4851a1d" relativeResultsDirectory="71f72a90-b9df-482a-bf18-d07eeddfe8c4">
    </UnitTestResult>
    <UnitTestResult executionId="238fd424-896f-413d-b9e3-78b9dc570c43" testId="c542254f-63a2-8c4c-d54c-88872d99eebc" testName="Benchmark11527" computerName="REBECAVM" duration="00:00:00.0003225" startTime="2014-03-08T22:32:09.4890441-06:00" endTime="2014-03-08T22:32:09.5046691-06:00" testType="13cdc9d9-ddb5-4fa4-a97d-d965ccfc6d4b" outcome="Passed" testListId="8c84fa94-04c1-424b-9868-57a2d4851a1d" relativeResultsDirectory="238fd424-896f-413d-b9e3-78b9dc570c43">
      <Output>
        <StdOut>Solved 11</StdOut>
      </Output>
    </UnitTestResult>
    <UnitTestResult executionId="60d6cae9-0f6c-4815-b4ff-e94ce1a97c99" testId="6aa97169-d78f-e7d9-a2d2-c8622d25a3a4" testName="Benchmark1186" computerName="REBECAVM" duration="00:00:00.0001526" startTime="2014-03-08T22:32:09.5046691-06:00" endTime="2014-03-08T22:32:09.5202941-06:00" testType="13cdc9d9-ddb5-4fa4-a97d-d965ccfc6d4b" outcome="Passed" testListId="8c84fa94-04c1-424b-9868-57a2d4851a1d" relativeResultsDirectory="60d6cae9-0f6c-4815-b4ff-e94ce1a97c99">
    </UnitTestResult>
    <UnitTestResult executionId="c2703a30-c0ff-4d7b-8618-57ad903393bd" testId="5f8649f5-fda2-df24-1ee4-63b70147c8a9" testName="Benchmark01886" computerName="REBECAVM" duration="00:00:00.0002928" startTime="2014-03-08T22:32:09.5202941-06:00" endTime="2014-03-08T22:32:09.5359191-06:00" testType="13cdc9d9-ddb5-4fa4-a97d-d965ccfc6d4b" outcome="Passed" testListId="8c84fa94-04c1-424b-9868-57a2d4851a1d" relativeResultsDirectory="c2703a30-c0ff-4d7b-8618-57ad903393bd">
    </UnitTestResult>
    <UnitTestResult executionId="c2d2e532-4e29-4616-8e32-5613d3cd83b7" testId="7e32df6a-f6b3-6b26-76a1-abd7c99b51fc" testName="Benchmark01933" computerName="REBECAVM" duration="00:00:00.0001835" startTime="2014-03-08T22:32:09.5515441-06:00" endTime="2014-03-08T22:32:09.5515441-06:00" testType="13cdc9d9-ddb5-4fa4-a97d-d965ccfc6d4b" outcome="Passed" testListId="8c84fa94-04c1-424b-9868-57a2d4851a1d" relativeResultsDirectory="c2d2e532-4e29-4616-8e32-5613d3cd83b7">
      <Output>
        <StdOut>Solved 01</StdOut>
      </Output>
    </UnitTestResult>
    <UnitTestResult executionId="5e0f2017-0105-41f7-9310-3418f530a500" testId="e64e8a8a-4285-7e9e-ddf9-1dd3447c6eec" testName="Benchmark53513" computerName="REBECAVM" duration="00:00:00.0003409" startTime="2014-03-08T22:32:09.5827941-06:00" endTime="2014-03-08T22:32:09.5984191-06:00" testType="13cdc9d9-ddb5-4fa4-a97d-d965ccfc6d4b" outcome="Passed" testListId="8c84fa94-04c1-424b-9868-57a2d4851a1d" relativeResultsDirectory="5e0f2017-0105-41f7-9310-3418f530a500">
    </UnitTestResult>
    <UnitTestResult executionId="d9183140-07e5-4228-9a88-812b3ab64673" testId="22f61457-1c48-6a73-6f64-01d2a3342ee9" testName="Benchmark53430" computerName="REBECAVM" duration="00:00:00.0001523" startTime="2014-03-08T22:32:09.5984191-06:00" endTime="2014-03-08T22:32:09.6140441-06:00" testType="13cdc9d9-ddb5-4fa4-a97d-d965ccfc6d4b" outcome="Passed" testListId="8c84fa94-04c1-424b-9868-57a2d4851a1d" relativeResultsDirectory="d9183140-07e5-4228-9a88-812b3ab64673">
    </UnitTestResult>
    <UnitTestResult executionId="0ed0b9c5-ef10-41db-98f2-0a1033a1fcb9" testId="92133b18-4b6f-028c-890d-187ff30b701b" testName="Benchmark53966" computerName="REBECAVM" duration="00:00:00.0001523" startTime="2014-03-08T22:32:09.6296691-06:00" endTime="2014-03-08T22:32:09.6296691-06:00" testType="13cdc9d9-ddb5-4fa4-a97d-d965ccfc6d4b" outcome="Passed" testListId="8c84fa94-04c1-424b-9868-57a2d4851a1d" relativeResultsDirectory="0ed0b9c5-ef10-41db-98f2-0a1033a1fcb9">
    </UnitTestResult>
    <UnitTestResult executionId="e186cebe-0712-4657-b8b4-d7ee4d3250d5" testId="92ee4a80-6fe4-5ac3-c3e5-9871e46c598a" testName="Benchmark53487" computerName="REBECAVM" duration="00:00:00.0001592" startTime="2014-03-08T22:32:09.6452941-06:00" endTime="2014-03-08T22:32:09.6609191-06:00" testType="13cdc9d9-ddb5-4fa4-a97d-d965ccfc6d4b" outcome="Passed" testListId="8c84fa94-04c1-424b-9868-57a2d4851a1d" relativeResultsDirectory="e186cebe-0712-4657-b8b4-d7ee4d3250d5">
      <Output>
        <StdOut>Solved 53</StdOut>
      </Output>
    </UnitTestResult>
    <UnitTestResult executionId="0d273f4b-6ae6-4ddf-9fc0-0200720d1f05" testId="8e5a8f1b-c6ff-ad54-f96e-b5df31700cc8" testName="Benchmark42886" computerName="REBECAVM" duration="00:00:00.0003446" startTime="2014-03-08T22:32:09.6609191-06:00" endTime="2014-03-08T22:32:09.6765441-06:00" testType="13cdc9d9-ddb5-4fa4-a97d-d965ccfc6d4b" outcome="Passed" testListId="8c84fa94-04c1-424b-9868-57a2d4851a1d" relativeResultsDirectory="0d273f4b-6ae6-4ddf-9fc0-0200720d1f05">
    </UnitTestResult>
    <UnitTestResult executionId="771a63cf-2c3d-4167-aa82-b74b7b420968" testId="7d06346b-9561-9437-b91e-9eadbc10c1dd" testName="Benchmark42542" computerName="REBECAVM" duration="00:00:00.0009949" startTime="2014-03-08T22:32:09.6921691-06:00" endTime="2014-03-08T22:32:09.6921691-06:00" testType="13cdc9d9-ddb5-4fa4-a97d-d965ccfc6d4b" outcome="Passed" testListId="8c84fa94-04c1-424b-9868-57a2d4851a1d" relativeResultsDirectory="771a63cf-2c3d-4167-aa82-b74b7b420968">
      <Output>
        <StdOut>Solved 42</StdOut>
      </Output>
    </UnitTestResult>
    <UnitTestResult executionId="7c0bb0f4-e7f4-4263-977e-97213eda8f4d" testId="46679223-27aa-44d6-ad5d-fc2ea5c6db80" testName="Benchmark42968" computerName="REBECAVM" duration="00:00:00.0001504" startTime="2014-03-08T22:32:09.7077941-06:00" endTime="2014-03-08T22:32:09.7234191-06:00" testType="13cdc9d9-ddb5-4fa4-a97d-d965ccfc6d4b" outcome="Passed" testListId="8c84fa94-04c1-424b-9868-57a2d4851a1d" relativeResultsDirectory="7c0bb0f4-e7f4-4263-977e-97213eda8f4d">
    </UnitTestResult>
    <UnitTestResult executionId="0243e868-6347-43ef-a02a-091a8d531a1c" testId="912cee34-1867-5576-b760-5af516b32f62" testName="Benchmark32599" computerName="REBECAVM" duration="00:00:00.0002668" startTime="2014-03-08T22:32:09.7234191-06:00" endTime="2014-03-08T22:32:09.7390441-06:00" testType="13cdc9d9-ddb5-4fa4-a97d-d965ccfc6d4b" outcome="Passed" testListId="8c84fa94-04c1-424b-9868-57a2d4851a1d" relativeResultsDirectory="0243e868-6347-43ef-a02a-091a8d531a1c">
    </UnitTestResult>
    <UnitTestResult executionId="0e7c842d-a6bf-4fab-9b4c-35e08ab387bd" testId="182af570-476f-a4b5-98f7-7ff916d7258f" testName="Benchmark21886" computerName="REBECAVM" duration="00:00:00.0002939" startTime="2014-03-08T22:32:09.7390441-06:00" endTime="2014-03-08T22:32:09.7546691-06:00" testType="13cdc9d9-ddb5-4fa4-a97d-d965ccfc6d4b" outcome="Passed" testListId="8c84fa94-04c1-424b-9868-57a2d4851a1d" relativeResultsDirectory="0e7c842d-a6bf-4fab-9b4c-35e08ab387bd">
    </UnitTestResult>
    <UnitTestResult executionId="a7951a2a-9a7e-4458-addc-29f59bc19931" testId="05c2c361-904a-605e-5287-0fdd3aeec4b3" testName="Benchmark21758" computerName="REBECAVM" duration="00:00:00.0001486" startTime="2014-03-08T22:32:09.7546691-06:00" endTime="2014-03-08T22:32:09.7702941-06:00" testType="13cdc9d9-ddb5-4fa4-a97d-d965ccfc6d4b" outcome="Passed" testListId="8c84fa94-04c1-424b-9868-57a2d4851a1d" relativeResultsDirectory="a7951a2a-9a7e-4458-addc-29f59bc19931">
    </UnitTestResult>
    <UnitTestResult executionId="9f81c202-b40a-4991-8414-af4dbdc00b70" testId="5237805c-1a96-bb0a-2cf2-3505e31759b0" testName="Benchmark21594" computerName="REBECAVM" duration="00:00:00.0001570" startTime="2014-03-08T22:32:09.7859191-06:00" endTime="2014-03-08T22:32:09.7859191-06:00" testType="13cdc9d9-ddb5-4fa4-a97d-d965ccfc6d4b" outcome="Passed" testListId="8c84fa94-04c1-424b-9868-57a2d4851a1d" relativeResultsDirectory="9f81c202-b40a-4991-8414-af4dbdc00b70">
      <Output>
        <StdOut>Solved 21</StdOut>
      </Output>
    </UnitTestResult>
    <UnitTestResult executionId="a3e65b02-a2d4-43a1-bd50-4fc2a1817dde" testId="7b9e8515-56e8-005c-3ec5-7a178fa0f01f" testName="Benchmark10513" computerName="REBECAVM" duration="00:00:00.0010470" startTime="2014-03-08T22:32:09.8015441-06:00" endTime="2014-03-08T22:32:09.8171691-06:00" testType="13cdc9d9-ddb5-4fa4-a97d-d965ccfc6d4b" outcome="Passed" testListId="8c84fa94-04c1-424b-9868-57a2d4851a1d" relativeResultsDirectory="a3e65b02-a2d4-43a1-bd50-4fc2a1817dde">
    </UnitTestResult>
    <UnitTestResult executionId="80de8427-f2cd-45a4-b6c2-13b8799dfd63" testId="63d1d65d-53c5-45d6-261e-6b5e6953c514" testName="Benchmark10770" computerName="REBECAVM" duration="00:00:00.0001570" startTime="2014-03-08T22:32:09.8171691-06:00" endTime="2014-03-08T22:32:09.8327941-06:00" testType="13cdc9d9-ddb5-4fa4-a97d-d965ccfc6d4b" outcome="Passed" testListId="8c84fa94-04c1-424b-9868-57a2d4851a1d" relativeResultsDirectory="80de8427-f2cd-45a4-b6c2-13b8799dfd63">
      <Output>
        <StdOut>Solved 10</StdOut>
      </Output>
    </UnitTestResult>
    <UnitTestResult executionId="f02d7f98-ecb9-45e4-b535-4d56c9a3b78a" testId="fceb3d6b-cd2c-3e3b-2903-03882889bd47" testName="Benchmark52513" computerName="REBECAVM" duration="00:00:00.0003504" startTime="2014-03-08T22:32:09.8484191-06:00" endTime="2014-03-08T22:32:09.8484191-06:00" testType="13cdc9d9-ddb5-4fa4-a97d-d965ccfc6d4b" outcome="Passed" testListId="8c84fa94-04c1-424b-9868-57a2d4851a1d" relativeResultsDirectory="f02d7f98-ecb9-45e4-b535-4d56c9a3b78a">
    </UnitTestResult>
    <UnitTestResult executionId="5e945901-a00a-4092-8403-8eb0a36808ac" testId="2450f477-ad9a-b249-4453-887c20465c25" testName="Benchmark52430" computerName="REBECAVM" duration="00:00:00.0001945" startTime="2014-03-08T22:32:09.8640441-06:00" endTime="2014-03-08T22:32:09.8796691-06:00" testType="13cdc9d9-ddb5-4fa4-a97d-d965ccfc6d4b" outcome="Passed" testListId="8c84fa94-04c1-424b-9868-57a2d4851a1d" relativeResultsDirectory="5e945901-a00a-4092-8403-8eb0a36808ac">
    </UnitTestResult>
    <UnitTestResult executionId="85dd61ac-0174-41ed-8a94-e3abcf47a2ee" testId="3bdd185b-581f-6cd5-a500-564bc0ca5922" testName="Benchmark52966" computerName="REBECAVM" duration="00:00:00.0001658" startTime="2014-03-08T22:32:09.8796691-06:00" endTime="2014-03-08T22:32:09.8952941-06:00" testType="13cdc9d9-ddb5-4fa4-a97d-d965ccfc6d4b" outcome="Passed" testListId="8c84fa94-04c1-424b-9868-57a2d4851a1d" relativeResultsDirectory="85dd61ac-0174-41ed-8a94-e3abcf47a2ee">
      <Output>
        <StdOut>Solved 52</StdOut>
      </Output>
    </UnitTestResult>
    <UnitTestResult executionId="2eb94fe4-8568-412b-99ec-f14db3f12bb9" testId="cf2d06ec-7cef-db3f-b5fe-f71f3847b4f1" testName="Benchmark41886" computerName="REBECAVM" duration="00:00:00.0001526" startTime="2014-03-08T22:32:09.8952941-06:00" endTime="2014-03-08T22:32:09.9109191-06:00" testType="13cdc9d9-ddb5-4fa4-a97d-d965ccfc6d4b" outcome="Passed" testListId="8c84fa94-04c1-424b-9868-57a2d4851a1d" relativeResultsDirectory="2eb94fe4-8568-412b-99ec-f14db3f12bb9">
      <Output>
        <StdOut>Solved 41</StdOut>
      </Output>
    </UnitTestResult>
    <UnitTestResult executionId="6f81eac1-4ade-4c30-98da-07281a2a5962" testId="bc9a2edc-3886-8b3a-fe82-bf3dc57d020b" testName="Benchmark40886" computerName="REBECAVM" duration="00:00:00.0002888" startTime="2014-03-08T22:32:09.9265441-06:00" endTime="2014-03-08T22:32:09.9265441-06:00" testType="13cdc9d9-ddb5-4fa4-a97d-d965ccfc6d4b" outcome="Passed" testListId="8c84fa94-04c1-424b-9868-57a2d4851a1d" relativeResultsDirectory="6f81eac1-4ade-4c30-98da-07281a2a5962">
      <Output>
        <StdOut>Solved 40</StdOut>
      </Output>
    </UnitTestResult>
    <UnitTestResult executionId="edc8034c-0c5a-4334-9314-2018b28801fb" testId="e6a37c78-b9f7-813e-fc4e-4a96c525821f" testName="Benchmark40764" computerName="REBECAVM" duration="00:00:00.0001732" startTime="2014-03-08T22:32:09.9421691-06:00" endTime="2014-03-08T22:32:09.9421691-06:00" testType="13cdc9d9-ddb5-4fa4-a97d-d965ccfc6d4b" outcome="Passed" testListId="8c84fa94-04c1-424b-9868-57a2d4851a1d" relativeResultsDirectory="edc8034c-0c5a-4334-9314-2018b28801fb">
    </UnitTestResult>
    <UnitTestResult executionId="3f375021-fa59-4f08-9c49-9a218f4f140a" testId="f3c61e65-a9b0-74ff-af60-775adece49b2" testName="Benchmark61527" computerName="REBECAVM" duration="00:00:00.0003556" startTime="2014-03-08T22:32:09.9577941-06:00" endTime="2014-03-08T22:32:09.9734191-06:00" testType="13cdc9d9-ddb5-4fa4-a97d-d965ccfc6d4b" outcome="Passed" testListId="8c84fa94-04c1-424b-9868-57a2d4851a1d" relativeResultsDirectory="3f375021-fa59-4f08-9c49-9a218f4f140a">
    </UnitTestResult>
    <UnitTestResult executionId="696fe660-23b5-45e6-8051-d17ade9a5014" testId="bf5c212c-02e6-d480-3247-123ef7896c60" testName="Benchmark61557" computerName="REBECAVM" duration="00:00:00.0001926" startTime="2014-03-08T22:32:09.9734191-06:00" endTime="2014-03-08T22:32:09.9890441-06:00" testType="13cdc9d9-ddb5-4fa4-a97d-d965ccfc6d4b" outcome="Passed" testListId="8c84fa94-04c1-424b-9868-57a2d4851a1d" relativeResultsDirectory="696fe660-23b5-45e6-8051-d17ade9a5014">
    </UnitTestResult>
    <UnitTestResult executionId="8eb72217-5e50-48a5-bab3-b4a997c2f666" testId="033f2e6d-d115-cf9c-d524-ed0084b2b704" testName="Benchmark61231" computerName="REBECAVM" duration="00:00:00.0001493" startTime="2014-03-08T22:32:10.0046691-06:00" endTime="2014-03-08T22:32:10.0242003-06:00" testType="13cdc9d9-ddb5-4fa4-a97d-d965ccfc6d4b" outcome="Passed" testListId="8c84fa94-04c1-424b-9868-57a2d4851a1d" relativeResultsDirectory="8eb72217-5e50-48a5-bab3-b4a997c2f666">
    </UnitTestResult>
    <UnitTestResult executionId="b8415581-5f48-42fe-b755-6b01b19fc02b" testId="6f546662-02c3-a141-8b1e-5bc0ca9fe2c3" testName="Benchmark61541" computerName="REBECAVM" duration="00:00:00.0002323" startTime="2014-03-08T22:32:10.0368956-06:00" endTime="2014-03-08T22:32:10.0476378-06:00" testType="13cdc9d9-ddb5-4fa4-a97d-d965ccfc6d4b" outcome="Passed" testListId="8c84fa94-04c1-424b-9868-57a2d4851a1d" relativeResultsDirectory="b8415581-5f48-42fe-b755-6b01b19fc02b">
    </UnitTestResult>
    <UnitTestResult executionId="5a9caa45-5bdb-432b-9846-9849ac5c1e19" testId="a7234df5-1956-bf46-51e4-7742bcf0e68e" testName="Benchmark61668" computerName="REBECAVM" duration="00:00:00.0001805" startTime="2014-03-08T22:32:10.0603331-06:00" endTime="2014-03-08T22:32:10.0827941-06:00" testType="13cdc9d9-ddb5-4fa4-a97d-d965ccfc6d4b" outcome="Passed" testListId="8c84fa94-04c1-424b-9868-57a2d4851a1d" relativeResultsDirectory="5a9caa45-5bdb-432b-9846-9849ac5c1e19">
      <Output>
        <StdOut>Solved 61</StdOut>
      </Output>
    </UnitTestResult>
    <UnitTestResult executionId="48845714-2f24-436d-924e-52aeec1e206c" testId="a64020d8-229d-5e33-f15a-6523016da067" testName="Benchmark50886" computerName="REBECAVM" duration="00:00:00.0008404" startTime="2014-03-08T22:32:10.0925597-06:00" endTime="2014-03-08T22:32:10.1033019-06:00" testType="13cdc9d9-ddb5-4fa4-a97d-d965ccfc6d4b" outcome="Passed" testListId="8c84fa94-04c1-424b-9868-57a2d4851a1d" relativeResultsDirectory="48845714-2f24-436d-924e-52aeec1e206c">
    </UnitTestResult>
    <UnitTestResult executionId="93597ae2-2c5f-441b-9ab1-f61e6aee3527" testId="8432c95f-a1e1-269b-2310-832b7a00d5aa" testName="Benchmark50427" computerName="REBECAVM" duration="00:00:00.0002359" startTime="2014-03-08T22:32:10.1130675-06:00" endTime="2014-03-08T22:32:10.1238097-06:00" testType="13cdc9d9-ddb5-4fa4-a97d-d965ccfc6d4b" outcome="Passed" testListId="8c84fa94-04c1-424b-9868-57a2d4851a1d" relativeResultsDirectory="93597ae2-2c5f-441b-9ab1-f61e6aee3527">
    </UnitTestResult>
    <UnitTestResult executionId="bf14281f-3d37-4bcc-bac9-93d480f56ff2" testId="4a5d6751-77a5-243b-2219-f1fa353845dc" testName="Benchmark50587" computerName="REBECAVM" duration="00:00:00.0001523" startTime="2014-03-08T22:32:10.1345519-06:00" endTime="2014-03-08T22:32:10.1443175-06:00" testType="13cdc9d9-ddb5-4fa4-a97d-d965ccfc6d4b" outcome="Passed" testListId="8c84fa94-04c1-424b-9868-57a2d4851a1d" relativeResultsDirectory="bf14281f-3d37-4bcc-bac9-93d480f56ff2">
    </UnitTestResult>
    <UnitTestResult executionId="4dcb7952-8b77-4705-9ce7-c317fd098fa4" testId="6aa7c51e-a721-2857-d188-aea15f282f3a" testName="Benchmark09886" computerName="REBECAVM" duration="00:00:00.0003596" startTime="2014-03-08T22:32:10.1550597-06:00" endTime="2014-03-08T22:32:10.1658019-06:00" testType="13cdc9d9-ddb5-4fa4-a97d-d965ccfc6d4b" outcome="Passed" testListId="8c84fa94-04c1-424b-9868-57a2d4851a1d" relativeResultsDirectory="4dcb7952-8b77-4705-9ce7-c317fd098fa4">
      <Output>
        <StdOut>Solved 09</StdOut>
      </Output>
    </UnitTestResult>
    <UnitTestResult executionId="103cbbe6-3336-44c0-943f-579a94536831" testId="d9b61f00-51c6-6941-a545-7d0518d83bea" testName="Benchmark09926" computerName="REBECAVM" duration="00:00:00.0001603" startTime="2014-03-08T22:32:10.1775206-06:00" endTime="2014-03-08T22:32:10.1902159-06:00" testType="13cdc9d9-ddb5-4fa4-a97d-d965ccfc6d4b" outcome="Passed" testListId="8c84fa94-04c1-424b-9868-57a2d4851a1d" relativeResultsDirectory="103cbbe6-3336-44c0-943f-579a94536831">
    </UnitTestResult>
    <UnitTestResult executionId="e3f81ea4-a1f9-46b3-a43c-b379afba670a" testId="07e88e2c-f282-1f74-50f1-9ed7876fb4f4" testName="Benchmark19513" computerName="REBECAVM" duration="00:00:00.0002950" startTime="2014-03-08T22:32:10.1990050-06:00" endTime="2014-03-08T22:32:10.2107237-06:00" testType="13cdc9d9-ddb5-4fa4-a97d-d965ccfc6d4b" outcome="Passed" testListId="8c84fa94-04c1-424b-9868-57a2d4851a1d" relativeResultsDirectory="e3f81ea4-a1f9-46b3-a43c-b379afba670a">
    </UnitTestResult>
    <UnitTestResult executionId="0bdabd87-ba39-4cac-8ba2-11af00c85504" testId="5763b454-0703-99a9-335e-ca9436eedabc" testName="Benchmark19577" computerName="REBECAVM" duration="00:00:00.0001603" startTime="2014-03-08T22:32:10.2204894-06:00" endTime="2014-03-08T22:32:10.2292784-06:00" testType="13cdc9d9-ddb5-4fa4-a97d-d965ccfc6d4b" outcome="Passed" testListId="8c84fa94-04c1-424b-9868-57a2d4851a1d" relativeResultsDirectory="0bdabd87-ba39-4cac-8ba2-11af00c85504">
      <Output>
        <StdOut>Solved 19</StdOut>
      </Output>
    </UnitTestResult>
    <UnitTestResult executionId="dd876a44-e34b-47b9-8140-b281afbc391e" testId="6de13134-2815-e91e-859b-fcbddc6b43f5" testName="Benchmark08513" computerName="REBECAVM" duration="00:00:00.0004143" startTime="2014-03-08T22:32:10.2517394-06:00" endTime="2014-03-08T22:32:10.2517394-06:00" testType="13cdc9d9-ddb5-4fa4-a97d-d965ccfc6d4b" outcome="Passed" testListId="8c84fa94-04c1-424b-9868-57a2d4851a1d" relativeResultsDirectory="dd876a44-e34b-47b9-8140-b281afbc391e">
    </UnitTestResult>
    <UnitTestResult executionId="0e3c5e73-ca2c-4e1f-94f9-2f2dd181e8bd" testId="fa29a92a-1987-9558-10b7-6d3120284b9c" testName="Benchmark29599" computerName="REBECAVM" duration="00:00:00.0002638" startTime="2014-03-08T22:32:10.2673644-06:00" endTime="2014-03-08T22:32:10.2673644-06:00" testType="13cdc9d9-ddb5-4fa4-a97d-d965ccfc6d4b" outcome="Passed" testListId="8c84fa94-04c1-424b-9868-57a2d4851a1d" relativeResultsDirectory="0e3c5e73-ca2c-4e1f-94f9-2f2dd181e8bd">
    </UnitTestResult>
    <UnitTestResult executionId="64e89a3d-4c55-4788-b5e5-1213926b4c50" testId="0ccd3f49-bb4a-6b73-4db4-9c68d78942bf" testName="Benchmark2915" computerName="REBECAVM" duration="00:00:00.0001768" startTime="2014-03-08T22:32:10.2829894-06:00" endTime="2014-03-08T22:32:10.2986144-06:00" testType="13cdc9d9-ddb5-4fa4-a97d-d965ccfc6d4b" outcome="Passed" testListId="8c84fa94-04c1-424b-9868-57a2d4851a1d" relativeResultsDirectory="64e89a3d-4c55-4788-b5e5-1213926b4c50">
      <Output>
        <StdOut>Solved 29</StdOut>
      </Output>
    </UnitTestResult>
    <UnitTestResult executionId="808f7d88-d8b2-4498-b61a-9cbd97abaaae" testId="f6726ffd-66fe-b837-67de-f055a95be229" testName="Benchmark18599" computerName="REBECAVM" duration="00:00:00.0002135" startTime="2014-03-08T22:32:10.3161925-06:00" endTime="2014-03-08T22:32:10.3269347-06:00" testType="13cdc9d9-ddb5-4fa4-a97d-d965ccfc6d4b" outcome="Passed" testListId="8c84fa94-04c1-424b-9868-57a2d4851a1d" relativeResultsDirectory="808f7d88-d8b2-4498-b61a-9cbd97abaaae">
    </UnitTestResult>
    <UnitTestResult executionId="7d9e22a8-46a2-450e-97d8-c0869ded8bf2" testId="ff1302f5-c36e-7072-5417-af0ec86b6a70" testName="Benchmark18477" computerName="REBECAVM" duration="00:00:00.0001897" startTime="2014-03-08T22:32:10.3376769-06:00" endTime="2014-03-08T22:32:10.3474425-06:00" testType="13cdc9d9-ddb5-4fa4-a97d-d965ccfc6d4b" outcome="Passed" testListId="8c84fa94-04c1-424b-9868-57a2d4851a1d" relativeResultsDirectory="7d9e22a8-46a2-450e-97d8-c0869ded8bf2">
      <Output>
        <StdOut>Solved 18</StdOut>
      </Output>
    </UnitTestResult>
    <UnitTestResult executionId="38fcedd7-fb24-46b1-b28e-85dd7f1406e8" testId="11386eb7-1b75-17f3-d4a3-1c43e0c69e4b" testName="Benchmark07527" computerName="REBECAVM" duration="00:00:00.0003251" startTime="2014-03-08T22:32:10.3572081-06:00" endTime="2014-03-08T22:32:10.3689269-06:00" testType="13cdc9d9-ddb5-4fa4-a97d-d965ccfc6d4b" outcome="Passed" testListId="8c84fa94-04c1-424b-9868-57a2d4851a1d" relativeResultsDirectory="38fcedd7-fb24-46b1-b28e-85dd7f1406e8">
    </UnitTestResult>
  </Results>
</TestRun>